ERROR - 2023-11-08 00:19:16 --> mysqli_sql_exception: Duplicate entry '' for key 'email' in /Applications/MAMP/htdocs/coursework/system/Database/MySQLi/Connection.php:306
Stack trace:
#0 /Applications/MAMP/htdocs/coursework/system/Database/MySQLi/Connection.php(306): mysqli->query('INSERT INTO `us...', 0)
#1 /Applications/MAMP/htdocs/coursework/system/Database/BaseConnection.php(693): CodeIgniter\Database\MySQLi\Connection->execute('INSERT INTO `us...')
#2 /Applications/MAMP/htdocs/coursework/system/Database/BaseConnection.php(607): CodeIgniter\Database\BaseConnection->simpleQuery('INSERT INTO `us...')
#3 /Applications/MAMP/htdocs/coursework/system/Database/BaseBuilder.php(2308): CodeIgniter\Database\BaseConnection->query('INSERT INTO `us...', Array, false)
#4 /Applications/MAMP/htdocs/coursework/system/Model.php(319): CodeIgniter\Database\BaseBuilder->insert()
#5 /Applications/MAMP/htdocs/coursework/system/BaseModel.php(788): CodeIgniter\Model->doInsert(Array)
#6 /Applications/MAMP/htdocs/coursework/system/Model.php(715): CodeIgniter\BaseModel->insert(Array, true)
#7 /Applications/MAMP/htdocs/coursework/app/Controllers/Home.php(32): CodeIgniter\Model->insert(Array)
#8 /Applications/MAMP/htdocs/coursework/system/CodeIgniter.php(942): App\Controllers\Home->store()
#9 /Applications/MAMP/htdocs/coursework/system/CodeIgniter.php(502): CodeIgniter\CodeIgniter->runController(Object(App\Controllers\Home))
#10 /Applications/MAMP/htdocs/coursework/system/CodeIgniter.php(361): CodeIgniter\CodeIgniter->handleRequest(NULL, Object(Config\Cache), false)
#11 /Applications/MAMP/htdocs/coursework/public/index.php(79): CodeIgniter\CodeIgniter->run()
#12 /Applications/MAMP/htdocs/coursework/system/Commands/Server/rewrite.php(47): require_once('/Applications/M...')
#13 {main}
CRITICAL - 2023-11-08 00:19:16 --> Duplicate entry '' for key 'email'
in SYSTEMPATH/Database/BaseConnection.php on line 647.
 1 SYSTEMPATH/Database/BaseBuilder.php(2308): CodeIgniter\Database\BaseConnection->query('INSERT INTO `user` (`surname`) VALUES (:surname:)', [...], false)
 2 SYSTEMPATH/Model.php(319): CodeIgniter\Database\BaseBuilder->insert()
 3 SYSTEMPATH/BaseModel.php(788): CodeIgniter\Model->doInsert([...])
 4 SYSTEMPATH/Model.php(715): CodeIgniter\BaseModel->insert([...], true)
 5 APPPATH/Controllers/Home.php(32): CodeIgniter\Model->insert([...])
 6 SYSTEMPATH/CodeIgniter.php(942): App\Controllers\Home->store()
 7 SYSTEMPATH/CodeIgniter.php(502): CodeIgniter\CodeIgniter->runController(Object(App\Controllers\Home))
 8 SYSTEMPATH/CodeIgniter.php(361): CodeIgniter\CodeIgniter->handleRequest(null, Object(Config\Cache), false)
 9 FCPATH/index.php(79): CodeIgniter\CodeIgniter->run()
10 SYSTEMPATH/Commands/Server/rewrite.php(47): require_once('/Applications/MAMP/htdocs/coursework/public/index.php')
ERROR - 2023-11-08 00:20:27 --> mysqli_sql_exception: Duplicate entry '' for key 'email' in /Applications/MAMP/htdocs/coursework/system/Database/MySQLi/Connection.php:306
Stack trace:
#0 /Applications/MAMP/htdocs/coursework/system/Database/MySQLi/Connection.php(306): mysqli->query('INSERT INTO `us...', 0)
#1 /Applications/MAMP/htdocs/coursework/system/Database/BaseConnection.php(693): CodeIgniter\Database\MySQLi\Connection->execute('INSERT INTO `us...')
#2 /Applications/MAMP/htdocs/coursework/system/Database/BaseConnection.php(607): CodeIgniter\Database\BaseConnection->simpleQuery('INSERT INTO `us...')
#3 /Applications/MAMP/htdocs/coursework/system/Database/BaseBuilder.php(2308): CodeIgniter\Database\BaseConnection->query('INSERT INTO `us...', Array, false)
#4 /Applications/MAMP/htdocs/coursework/system/Model.php(319): CodeIgniter\Database\BaseBuilder->insert()
#5 /Applications/MAMP/htdocs/coursework/system/BaseModel.php(788): CodeIgniter\Model->doInsert(Array)
#6 /Applications/MAMP/htdocs/coursework/system/Model.php(715): CodeIgniter\BaseModel->insert(Array, true)
#7 /Applications/MAMP/htdocs/coursework/app/Controllers/Home.php(32): CodeIgniter\Model->insert(Array)
#8 /Applications/MAMP/htdocs/coursework/system/CodeIgniter.php(942): App\Controllers\Home->store()
#9 /Applications/MAMP/htdocs/coursework/system/CodeIgniter.php(502): CodeIgniter\CodeIgniter->runController(Object(App\Controllers\Home))
#10 /Applications/MAMP/htdocs/coursework/system/CodeIgniter.php(361): CodeIgniter\CodeIgniter->handleRequest(NULL, Object(Config\Cache), false)
#11 /Applications/MAMP/htdocs/coursework/public/index.php(79): CodeIgniter\CodeIgniter->run()
#12 /Applications/MAMP/htdocs/coursework/system/Commands/Server/rewrite.php(47): require_once('/Applications/M...')
#13 {main}
CRITICAL - 2023-11-08 00:20:27 --> Duplicate entry '' for key 'email'
in SYSTEMPATH/Database/BaseConnection.php on line 647.
 1 SYSTEMPATH/Database/BaseBuilder.php(2308): CodeIgniter\Database\BaseConnection->query('INSERT INTO `user` (`surname`) VALUES (:surname:)', [...], false)
 2 SYSTEMPATH/Model.php(319): CodeIgniter\Database\BaseBuilder->insert()
 3 SYSTEMPATH/BaseModel.php(788): CodeIgniter\Model->doInsert([...])
 4 SYSTEMPATH/Model.php(715): CodeIgniter\BaseModel->insert([...], true)
 5 APPPATH/Controllers/Home.php(32): CodeIgniter\Model->insert([...])
 6 SYSTEMPATH/CodeIgniter.php(942): App\Controllers\Home->store()
 7 SYSTEMPATH/CodeIgniter.php(502): CodeIgniter\CodeIgniter->runController(Object(App\Controllers\Home))
 8 SYSTEMPATH/CodeIgniter.php(361): CodeIgniter\CodeIgniter->handleRequest(null, Object(Config\Cache), false)
 9 FCPATH/index.php(79): CodeIgniter\CodeIgniter->run()
10 SYSTEMPATH/Commands/Server/rewrite.php(47): require_once('/Applications/MAMP/htdocs/coursework/public/index.php')
ERROR - 2023-11-08 00:27:56 --> mysqli_sql_exception: Duplicate entry '' for key 'email' in /Applications/MAMP/htdocs/coursework/system/Database/MySQLi/Connection.php:306
Stack trace:
#0 /Applications/MAMP/htdocs/coursework/system/Database/MySQLi/Connection.php(306): mysqli->query('INSERT INTO `us...', 0)
#1 /Applications/MAMP/htdocs/coursework/system/Database/BaseConnection.php(693): CodeIgniter\Database\MySQLi\Connection->execute('INSERT INTO `us...')
#2 /Applications/MAMP/htdocs/coursework/system/Database/BaseConnection.php(607): CodeIgniter\Database\BaseConnection->simpleQuery('INSERT INTO `us...')
#3 /Applications/MAMP/htdocs/coursework/system/Database/BaseBuilder.php(2308): CodeIgniter\Database\BaseConnection->query('INSERT INTO `us...', Array, false)
#4 /Applications/MAMP/htdocs/coursework/system/Model.php(319): CodeIgniter\Database\BaseBuilder->insert()
#5 /Applications/MAMP/htdocs/coursework/system/BaseModel.php(788): CodeIgniter\Model->doInsert(Array)
#6 /Applications/MAMP/htdocs/coursework/system/Model.php(715): CodeIgniter\BaseModel->insert(Array, true)
#7 /Applications/MAMP/htdocs/coursework/app/Controllers/Home.php(32): CodeIgniter\Model->insert(Array)
#8 /Applications/MAMP/htdocs/coursework/system/CodeIgniter.php(942): App\Controllers\Home->store()
#9 /Applications/MAMP/htdocs/coursework/system/CodeIgniter.php(502): CodeIgniter\CodeIgniter->runController(Object(App\Controllers\Home))
#10 /Applications/MAMP/htdocs/coursework/system/CodeIgniter.php(361): CodeIgniter\CodeIgniter->handleRequest(NULL, Object(Config\Cache), false)
#11 /Applications/MAMP/htdocs/coursework/public/index.php(79): CodeIgniter\CodeIgniter->run()
#12 /Applications/MAMP/htdocs/coursework/system/Commands/Server/rewrite.php(47): require_once('/Applications/M...')
#13 {main}
CRITICAL - 2023-11-08 00:27:56 --> Duplicate entry '' for key 'email'
in SYSTEMPATH/Database/BaseConnection.php on line 647.
 1 SYSTEMPATH/Database/BaseBuilder.php(2308): CodeIgniter\Database\BaseConnection->query('INSERT INTO `user` (`surname`) VALUES (:surname:)', [...], false)
 2 SYSTEMPATH/Model.php(319): CodeIgniter\Database\BaseBuilder->insert()
 3 SYSTEMPATH/BaseModel.php(788): CodeIgniter\Model->doInsert([...])
 4 SYSTEMPATH/Model.php(715): CodeIgniter\BaseModel->insert([...], true)
 5 APPPATH/Controllers/Home.php(32): CodeIgniter\Model->insert([...])
 6 SYSTEMPATH/CodeIgniter.php(942): App\Controllers\Home->store()
 7 SYSTEMPATH/CodeIgniter.php(502): CodeIgniter\CodeIgniter->runController(Object(App\Controllers\Home))
 8 SYSTEMPATH/CodeIgniter.php(361): CodeIgniter\CodeIgniter->handleRequest(null, Object(Config\Cache), false)
 9 FCPATH/index.php(79): CodeIgniter\CodeIgniter->run()
10 SYSTEMPATH/Commands/Server/rewrite.php(47): require_once('/Applications/MAMP/htdocs/coursework/public/index.php')
ERROR - 2023-11-08 00:29:05 --> mysqli_sql_exception: Duplicate entry '' for key 'email' in /Applications/MAMP/htdocs/coursework/system/Database/MySQLi/Connection.php:306
Stack trace:
#0 /Applications/MAMP/htdocs/coursework/system/Database/MySQLi/Connection.php(306): mysqli->query('INSERT INTO `us...', 0)
#1 /Applications/MAMP/htdocs/coursework/system/Database/BaseConnection.php(693): CodeIgniter\Database\MySQLi\Connection->execute('INSERT INTO `us...')
#2 /Applications/MAMP/htdocs/coursework/system/Database/BaseConnection.php(607): CodeIgniter\Database\BaseConnection->simpleQuery('INSERT INTO `us...')
#3 /Applications/MAMP/htdocs/coursework/system/Database/BaseBuilder.php(2308): CodeIgniter\Database\BaseConnection->query('INSERT INTO `us...', Array, false)
#4 /Applications/MAMP/htdocs/coursework/system/Model.php(319): CodeIgniter\Database\BaseBuilder->insert()
#5 /Applications/MAMP/htdocs/coursework/system/BaseModel.php(788): CodeIgniter\Model->doInsert(Array)
#6 /Applications/MAMP/htdocs/coursework/system/Model.php(715): CodeIgniter\BaseModel->insert(Array, true)
#7 /Applications/MAMP/htdocs/coursework/app/Controllers/Home.php(32): CodeIgniter\Model->insert(Array)
#8 /Applications/MAMP/htdocs/coursework/system/CodeIgniter.php(942): App\Controllers\Home->store()
#9 /Applications/MAMP/htdocs/coursework/system/CodeIgniter.php(502): CodeIgniter\CodeIgniter->runController(Object(App\Controllers\Home))
#10 /Applications/MAMP/htdocs/coursework/system/CodeIgniter.php(361): CodeIgniter\CodeIgniter->handleRequest(NULL, Object(Config\Cache), false)
#11 /Applications/MAMP/htdocs/coursework/public/index.php(79): CodeIgniter\CodeIgniter->run()
#12 /Applications/MAMP/htdocs/coursework/system/Commands/Server/rewrite.php(47): require_once('/Applications/M...')
#13 {main}
CRITICAL - 2023-11-08 00:29:05 --> Duplicate entry '' for key 'email'
in SYSTEMPATH/Database/BaseConnection.php on line 647.
 1 SYSTEMPATH/Database/BaseBuilder.php(2308): CodeIgniter\Database\BaseConnection->query('INSERT INTO `user` (`surname`) VALUES (:surname:)', [...], false)
 2 SYSTEMPATH/Model.php(319): CodeIgniter\Database\BaseBuilder->insert()
 3 SYSTEMPATH/BaseModel.php(788): CodeIgniter\Model->doInsert([...])
 4 SYSTEMPATH/Model.php(715): CodeIgniter\BaseModel->insert([...], true)
 5 APPPATH/Controllers/Home.php(32): CodeIgniter\Model->insert([...])
 6 SYSTEMPATH/CodeIgniter.php(942): App\Controllers\Home->store()
 7 SYSTEMPATH/CodeIgniter.php(502): CodeIgniter\CodeIgniter->runController(Object(App\Controllers\Home))
 8 SYSTEMPATH/CodeIgniter.php(361): CodeIgniter\CodeIgniter->handleRequest(null, Object(Config\Cache), false)
 9 FCPATH/index.php(79): CodeIgniter\CodeIgniter->run()
10 SYSTEMPATH/Commands/Server/rewrite.php(47): require_once('/Applications/MAMP/htdocs/coursework/public/index.php')
ERROR - 2023-11-08 01:08:20 --> mysqli_sql_exception: Unknown column 'firstname' in 'field list' in /Applications/MAMP/htdocs/coursework/system/Database/MySQLi/Connection.php:306
Stack trace:
#0 /Applications/MAMP/htdocs/coursework/system/Database/MySQLi/Connection.php(306): mysqli->query('INSERT INTO `us...', 0)
#1 /Applications/MAMP/htdocs/coursework/system/Database/BaseConnection.php(693): CodeIgniter\Database\MySQLi\Connection->execute('INSERT INTO `us...')
#2 /Applications/MAMP/htdocs/coursework/system/Database/BaseConnection.php(607): CodeIgniter\Database\BaseConnection->simpleQuery('INSERT INTO `us...')
#3 /Applications/MAMP/htdocs/coursework/system/Database/BaseBuilder.php(2308): CodeIgniter\Database\BaseConnection->query('INSERT INTO `us...', Array, false)
#4 /Applications/MAMP/htdocs/coursework/system/Model.php(319): CodeIgniter\Database\BaseBuilder->insert()
#5 /Applications/MAMP/htdocs/coursework/system/BaseModel.php(788): CodeIgniter\Model->doInsert(Array)
#6 /Applications/MAMP/htdocs/coursework/system/Model.php(715): CodeIgniter\BaseModel->insert(Array, true)
#7 /Applications/MAMP/htdocs/coursework/app/Controllers/Home.php(32): CodeIgniter\Model->insert(Array)
#8 /Applications/MAMP/htdocs/coursework/system/CodeIgniter.php(942): App\Controllers\Home->store()
#9 /Applications/MAMP/htdocs/coursework/system/CodeIgniter.php(502): CodeIgniter\CodeIgniter->runController(Object(App\Controllers\Home))
#10 /Applications/MAMP/htdocs/coursework/system/CodeIgniter.php(361): CodeIgniter\CodeIgniter->handleRequest(NULL, Object(Config\Cache), false)
#11 /Applications/MAMP/htdocs/coursework/public/index.php(79): CodeIgniter\CodeIgniter->run()
#12 /Applications/MAMP/htdocs/coursework/system/Commands/Server/rewrite.php(47): require_once('/Applications/M...')
#13 {main}
CRITICAL - 2023-11-08 01:08:20 --> Unknown column 'firstname' in 'field list'
in SYSTEMPATH/Database/BaseConnection.php on line 647.
 1 SYSTEMPATH/Database/BaseBuilder.php(2308): CodeIgniter\Database\BaseConnection->query('INSERT INTO `user` (`firstname`, `surname`) VALUES (:firstname:, :surname:)', [...], false)
 2 SYSTEMPATH/Model.php(319): CodeIgniter\Database\BaseBuilder->insert()
 3 SYSTEMPATH/BaseModel.php(788): CodeIgniter\Model->doInsert([...])
 4 SYSTEMPATH/Model.php(715): CodeIgniter\BaseModel->insert([...], true)
 5 APPPATH/Controllers/Home.php(32): CodeIgniter\Model->insert([...])
 6 SYSTEMPATH/CodeIgniter.php(942): App\Controllers\Home->store()
 7 SYSTEMPATH/CodeIgniter.php(502): CodeIgniter\CodeIgniter->runController(Object(App\Controllers\Home))
 8 SYSTEMPATH/CodeIgniter.php(361): CodeIgniter\CodeIgniter->handleRequest(null, Object(Config\Cache), false)
 9 FCPATH/index.php(79): CodeIgniter\CodeIgniter->run()
10 SYSTEMPATH/Commands/Server/rewrite.php(47): require_once('/Applications/MAMP/htdocs/coursework/public/index.php')
ERROR - 2023-11-08 01:08:37 --> mysqli_sql_exception: Unknown column 'firstname' in 'field list' in /Applications/MAMP/htdocs/coursework/system/Database/MySQLi/Connection.php:306
Stack trace:
#0 /Applications/MAMP/htdocs/coursework/system/Database/MySQLi/Connection.php(306): mysqli->query('INSERT INTO `us...', 0)
#1 /Applications/MAMP/htdocs/coursework/system/Database/BaseConnection.php(693): CodeIgniter\Database\MySQLi\Connection->execute('INSERT INTO `us...')
#2 /Applications/MAMP/htdocs/coursework/system/Database/BaseConnection.php(607): CodeIgniter\Database\BaseConnection->simpleQuery('INSERT INTO `us...')
#3 /Applications/MAMP/htdocs/coursework/system/Database/BaseBuilder.php(2308): CodeIgniter\Database\BaseConnection->query('INSERT INTO `us...', Array, false)
#4 /Applications/MAMP/htdocs/coursework/system/Model.php(319): CodeIgniter\Database\BaseBuilder->insert()
#5 /Applications/MAMP/htdocs/coursework/system/BaseModel.php(788): CodeIgniter\Model->doInsert(Array)
#6 /Applications/MAMP/htdocs/coursework/system/Model.php(715): CodeIgniter\BaseModel->insert(Array, true)
#7 /Applications/MAMP/htdocs/coursework/app/Controllers/Home.php(32): CodeIgniter\Model->insert(Array)
#8 /Applications/MAMP/htdocs/coursework/system/CodeIgniter.php(942): App\Controllers\Home->store()
#9 /Applications/MAMP/htdocs/coursework/system/CodeIgniter.php(502): CodeIgniter\CodeIgniter->runController(Object(App\Controllers\Home))
#10 /Applications/MAMP/htdocs/coursework/system/CodeIgniter.php(361): CodeIgniter\CodeIgniter->handleRequest(NULL, Object(Config\Cache), false)
#11 /Applications/MAMP/htdocs/coursework/public/index.php(79): CodeIgniter\CodeIgniter->run()
#12 /Applications/MAMP/htdocs/coursework/system/Commands/Server/rewrite.php(47): require_once('/Applications/M...')
#13 {main}
CRITICAL - 2023-11-08 01:08:37 --> Unknown column 'firstname' in 'field list'
in SYSTEMPATH/Database/BaseConnection.php on line 647.
 1 SYSTEMPATH/Database/BaseBuilder.php(2308): CodeIgniter\Database\BaseConnection->query('INSERT INTO `user` (`firstname`, `surname`) VALUES (:firstname:, :surname:)', [...], false)
 2 SYSTEMPATH/Model.php(319): CodeIgniter\Database\BaseBuilder->insert()
 3 SYSTEMPATH/BaseModel.php(788): CodeIgniter\Model->doInsert([...])
 4 SYSTEMPATH/Model.php(715): CodeIgniter\BaseModel->insert([...], true)
 5 APPPATH/Controllers/Home.php(32): CodeIgniter\Model->insert([...])
 6 SYSTEMPATH/CodeIgniter.php(942): App\Controllers\Home->store()
 7 SYSTEMPATH/CodeIgniter.php(502): CodeIgniter\CodeIgniter->runController(Object(App\Controllers\Home))
 8 SYSTEMPATH/CodeIgniter.php(361): CodeIgniter\CodeIgniter->handleRequest(null, Object(Config\Cache), false)
 9 FCPATH/index.php(79): CodeIgniter\CodeIgniter->run()
10 SYSTEMPATH/Commands/Server/rewrite.php(47): require_once('/Applications/MAMP/htdocs/coursework/public/index.php')
CRITICAL - 2023-11-08 02:53:35 --> Invalid file: "Wallet/wallet.php"
in SYSTEMPATH/Exceptions/FrameworkException.php on line 39.
 1 SYSTEMPATH/View/View.php(216): CodeIgniter\Exceptions\FrameworkException::forInvalidFile('Wallet/wallet.php')
 2 SYSTEMPATH/Common.php(1190): CodeIgniter\View\View->render('Wallet/wallet.php', [], true)
 3 APPPATH/Controllers/Home.php(27): view('Wallet/wallet.php')
 4 SYSTEMPATH/CodeIgniter.php(942): App\Controllers\Home->wallet()
 5 SYSTEMPATH/CodeIgniter.php(502): CodeIgniter\CodeIgniter->runController(Object(App\Controllers\Home))
 6 SYSTEMPATH/CodeIgniter.php(361): CodeIgniter\CodeIgniter->handleRequest(null, Object(Config\Cache), false)
 7 FCPATH/index.php(79): CodeIgniter\CodeIgniter->run()
 8 SYSTEMPATH/Commands/Server/rewrite.php(47): require_once('/Applications/MAMP/htdocs/coursework/public/index.php')
CRITICAL - 2023-11-08 03:17:02 --> Invalid file: "/wallet.php"
in SYSTEMPATH/Exceptions/FrameworkException.php on line 39.
 1 SYSTEMPATH/View/View.php(216): CodeIgniter\Exceptions\FrameworkException::forInvalidFile('/wallet.php')
 2 SYSTEMPATH/Common.php(1190): CodeIgniter\View\View->render('/wallet.php', [], true)
 3 APPPATH/Controllers/Home.php(27): view('/wallet.php')
 4 SYSTEMPATH/CodeIgniter.php(942): App\Controllers\Home->wallet()
 5 SYSTEMPATH/CodeIgniter.php(502): CodeIgniter\CodeIgniter->runController(Object(App\Controllers\Home))
 6 SYSTEMPATH/CodeIgniter.php(361): CodeIgniter\CodeIgniter->handleRequest(null, Object(Config\Cache), false)
 7 FCPATH/index.php(79): CodeIgniter\CodeIgniter->run()
 8 SYSTEMPATH/Commands/Server/rewrite.php(47): require_once('/Applications/MAMP/htdocs/coursework/public/index.php')
CRITICAL - 2023-11-08 12:36:36 --> Too few arguments to function App\Controllers\Wallet::index(), 0 passed in /Applications/MAMP/htdocs/coursework/system/CodeIgniter.php on line 942 and exactly 1 expected
in APPPATH/Controllers/Wallet.php on line 8.
 1 SYSTEMPATH/CodeIgniter.php(942): App\Controllers\Wallet->index()
 2 SYSTEMPATH/CodeIgniter.php(502): CodeIgniter\CodeIgniter->runController(Object(App\Controllers\Wallet))
 3 SYSTEMPATH/CodeIgniter.php(361): CodeIgniter\CodeIgniter->handleRequest(null, Object(Config\Cache), false)
 4 FCPATH/index.php(79): CodeIgniter\CodeIgniter->run()
 5 SYSTEMPATH/Commands/Server/rewrite.php(47): require_once('/Applications/MAMP/htdocs/coursework/public/index.php')
CRITICAL - 2023-11-08 12:37:55 --> Too few arguments to function App\Controllers\Wallet::index(), 0 passed in /Applications/MAMP/htdocs/coursework/system/CodeIgniter.php on line 942 and exactly 1 expected
in APPPATH/Controllers/Wallet.php on line 8.
 1 SYSTEMPATH/CodeIgniter.php(942): App\Controllers\Wallet->index()
 2 SYSTEMPATH/CodeIgniter.php(502): CodeIgniter\CodeIgniter->runController(Object(App\Controllers\Wallet))
 3 SYSTEMPATH/CodeIgniter.php(361): CodeIgniter\CodeIgniter->handleRequest(null, Object(Config\Cache), false)
 4 FCPATH/index.php(79): CodeIgniter\CodeIgniter->run()
 5 SYSTEMPATH/Commands/Server/rewrite.php(47): require_once('/Applications/MAMP/htdocs/coursework/public/index.php')
CRITICAL - 2023-11-08 13:06:27 --> Undefined variable $wall
in APPPATH/Views/Wallet/index.php on line 11.
 1 APPPATH/Views/Wallet/index.php(11): CodeIgniter\Debug\Exceptions->errorHandler(2, 'Undefined variable $wall', '/Applications/MAMP/htdocs/coursework/app/Views/Wallet/index.php', 11)
 2 SYSTEMPATH/View/View.php(228): include('/Applications/MAMP/htdocs/coursework/app/Views/Wallet/index.php')
 3 SYSTEMPATH/View/View.php(231): CodeIgniter\View\View->CodeIgniter\View\{closure}()
 4 SYSTEMPATH/Common.php(1190): CodeIgniter\View\View->render('Wallet/index.php', [], true)
 5 APPPATH/Controllers/Wallet.php(10): view('Wallet/index.php')
 6 SYSTEMPATH/CodeIgniter.php(942): App\Controllers\Wallet->index()
 7 SYSTEMPATH/CodeIgniter.php(502): CodeIgniter\CodeIgniter->runController(Object(App\Controllers\Wallet))
 8 SYSTEMPATH/CodeIgniter.php(361): CodeIgniter\CodeIgniter->handleRequest(null, Object(Config\Cache), false)
 9 FCPATH/index.php(79): CodeIgniter\CodeIgniter->run()
10 SYSTEMPATH/Commands/Server/rewrite.php(47): require_once('/Applications/MAMP/htdocs/coursework/public/index.php')
CRITICAL - 2023-11-08 13:09:38 --> Undefined variable $wall
in APPPATH/Views/Wallet/index.php on line 14.
 1 APPPATH/Views/Wallet/index.php(14): CodeIgniter\Debug\Exceptions->errorHandler(2, 'Undefined variable $wall', '/Applications/MAMP/htdocs/coursework/app/Views/Wallet/index.php', 14)
 2 SYSTEMPATH/View/View.php(228): include('/Applications/MAMP/htdocs/coursework/app/Views/Wallet/index.php')
 3 SYSTEMPATH/View/View.php(231): CodeIgniter\View\View->CodeIgniter\View\{closure}()
 4 SYSTEMPATH/Common.php(1190): CodeIgniter\View\View->render('Wallet/index.php', [], true)
 5 APPPATH/Controllers/Wallet.php(10): view('Wallet/index.php')
 6 SYSTEMPATH/CodeIgniter.php(942): App\Controllers\Wallet->index()
 7 SYSTEMPATH/CodeIgniter.php(502): CodeIgniter\CodeIgniter->runController(Object(App\Controllers\Wallet))
 8 SYSTEMPATH/CodeIgniter.php(361): CodeIgniter\CodeIgniter->handleRequest(null, Object(Config\Cache), false)
 9 FCPATH/index.php(79): CodeIgniter\CodeIgniter->run()
10 SYSTEMPATH/Commands/Server/rewrite.php(47): require_once('/Applications/MAMP/htdocs/coursework/public/index.php')
CRITICAL - 2023-11-08 13:10:18 --> Undefined variable $wallet
in APPPATH/Views/Wallet/index.php on line 14.
 1 APPPATH/Views/Wallet/index.php(14): CodeIgniter\Debug\Exceptions->errorHandler(2, 'Undefined variable $wallet', '/Applications/MAMP/htdocs/coursework/app/Views/Wallet/index.php', 14)
 2 SYSTEMPATH/View/View.php(228): include('/Applications/MAMP/htdocs/coursework/app/Views/Wallet/index.php')
 3 SYSTEMPATH/View/View.php(231): CodeIgniter\View\View->CodeIgniter\View\{closure}()
 4 SYSTEMPATH/Common.php(1190): CodeIgniter\View\View->render('Wallet/index.php', [], true)
 5 APPPATH/Controllers/Wallet.php(10): view('Wallet/index.php')
 6 SYSTEMPATH/CodeIgniter.php(942): App\Controllers\Wallet->index()
 7 SYSTEMPATH/CodeIgniter.php(502): CodeIgniter\CodeIgniter->runController(Object(App\Controllers\Wallet))
 8 SYSTEMPATH/CodeIgniter.php(361): CodeIgniter\CodeIgniter->handleRequest(null, Object(Config\Cache), false)
 9 FCPATH/index.php(79): CodeIgniter\CodeIgniter->run()
10 SYSTEMPATH/Commands/Server/rewrite.php(47): require_once('/Applications/MAMP/htdocs/coursework/public/index.php')
CRITICAL - 2023-11-08 13:17:15 --> Undefined variable $home
in APPPATH/Views/Wallet/index.php on line 14.
 1 APPPATH/Views/Wallet/index.php(14): CodeIgniter\Debug\Exceptions->errorHandler(2, 'Undefined variable $home', '/Applications/MAMP/htdocs/coursework/app/Views/Wallet/index.php', 14)
 2 SYSTEMPATH/View/View.php(228): include('/Applications/MAMP/htdocs/coursework/app/Views/Wallet/index.php')
 3 SYSTEMPATH/View/View.php(231): CodeIgniter\View\View->CodeIgniter\View\{closure}()
 4 SYSTEMPATH/Common.php(1190): CodeIgniter\View\View->render('Wallet/index.php', [], true)
 5 APPPATH/Controllers/Wallet.php(10): view('Wallet/index.php')
 6 SYSTEMPATH/CodeIgniter.php(942): App\Controllers\Wallet->index()
 7 SYSTEMPATH/CodeIgniter.php(502): CodeIgniter\CodeIgniter->runController(Object(App\Controllers\Wallet))
 8 SYSTEMPATH/CodeIgniter.php(361): CodeIgniter\CodeIgniter->handleRequest(null, Object(Config\Cache), false)
 9 FCPATH/index.php(79): CodeIgniter\CodeIgniter->run()
10 SYSTEMPATH/Commands/Server/rewrite.php(47): require_once('/Applications/MAMP/htdocs/coursework/public/index.php')
CRITICAL - 2023-11-08 13:18:07 --> Cannot use [] for reading
in APPPATH/Views/Wallet/index.php on line 14.
 1 [internal function]: CodeIgniter\Debug\Exceptions->shutdownHandler()
CRITICAL - 2023-11-08 13:21:08 --> Undefined variable $home
in APPPATH/Views/Wallet/index.php on line 14.
 1 APPPATH/Views/Wallet/index.php(14): CodeIgniter\Debug\Exceptions->errorHandler(2, 'Undefined variable $home', '/Applications/MAMP/htdocs/coursework/app/Views/Wallet/index.php', 14)
 2 SYSTEMPATH/View/View.php(228): include('/Applications/MAMP/htdocs/coursework/app/Views/Wallet/index.php')
 3 SYSTEMPATH/View/View.php(231): CodeIgniter\View\View->CodeIgniter\View\{closure}()
 4 SYSTEMPATH/Common.php(1190): CodeIgniter\View\View->render('Wallet/index.php', [], true)
 5 APPPATH/Controllers/Wallet.php(10): view('Wallet/index.php')
 6 SYSTEMPATH/CodeIgniter.php(942): App\Controllers\Wallet->index()
 7 SYSTEMPATH/CodeIgniter.php(502): CodeIgniter\CodeIgniter->runController(Object(App\Controllers\Wallet))
 8 SYSTEMPATH/CodeIgniter.php(361): CodeIgniter\CodeIgniter->handleRequest(null, Object(Config\Cache), false)
 9 FCPATH/index.php(79): CodeIgniter\CodeIgniter->run()
10 SYSTEMPATH/Commands/Server/rewrite.php(47): require_once('/Applications/MAMP/htdocs/coursework/public/index.php')
CRITICAL - 2023-11-08 13:21:37 --> Undefined variable $wall
in APPPATH/Views/Wallet/index.php on line 14.
 1 APPPATH/Views/Wallet/index.php(14): CodeIgniter\Debug\Exceptions->errorHandler(2, 'Undefined variable $wall', '/Applications/MAMP/htdocs/coursework/app/Views/Wallet/index.php', 14)
 2 SYSTEMPATH/View/View.php(228): include('/Applications/MAMP/htdocs/coursework/app/Views/Wallet/index.php')
 3 SYSTEMPATH/View/View.php(231): CodeIgniter\View\View->CodeIgniter\View\{closure}()
 4 SYSTEMPATH/Common.php(1190): CodeIgniter\View\View->render('Wallet/index.php', [], true)
 5 APPPATH/Controllers/Wallet.php(10): view('Wallet/index.php')
 6 SYSTEMPATH/CodeIgniter.php(942): App\Controllers\Wallet->index()
 7 SYSTEMPATH/CodeIgniter.php(502): CodeIgniter\CodeIgniter->runController(Object(App\Controllers\Wallet))
 8 SYSTEMPATH/CodeIgniter.php(361): CodeIgniter\CodeIgniter->handleRequest(null, Object(Config\Cache), false)
 9 FCPATH/index.php(79): CodeIgniter\CodeIgniter->run()
10 SYSTEMPATH/Commands/Server/rewrite.php(47): require_once('/Applications/MAMP/htdocs/coursework/public/index.php')
CRITICAL - 2023-11-08 13:23:04 --> Undefined variable $wall
in APPPATH/Views/Wallet/index.php on line 11.
 1 APPPATH/Views/Wallet/index.php(11): CodeIgniter\Debug\Exceptions->errorHandler(2, 'Undefined variable $wall', '/Applications/MAMP/htdocs/coursework/app/Views/Wallet/index.php', 11)
 2 SYSTEMPATH/View/View.php(228): include('/Applications/MAMP/htdocs/coursework/app/Views/Wallet/index.php')
 3 SYSTEMPATH/View/View.php(231): CodeIgniter\View\View->CodeIgniter\View\{closure}()
 4 SYSTEMPATH/Common.php(1190): CodeIgniter\View\View->render('Wallet/index.php', [], true)
 5 APPPATH/Controllers/Wallet.php(10): view('Wallet/index.php')
 6 SYSTEMPATH/CodeIgniter.php(942): App\Controllers\Wallet->index()
 7 SYSTEMPATH/CodeIgniter.php(502): CodeIgniter\CodeIgniter->runController(Object(App\Controllers\Wallet))
 8 SYSTEMPATH/CodeIgniter.php(361): CodeIgniter\CodeIgniter->handleRequest(null, Object(Config\Cache), false)
 9 FCPATH/index.php(79): CodeIgniter\CodeIgniter->run()
10 SYSTEMPATH/Commands/Server/rewrite.php(47): require_once('/Applications/MAMP/htdocs/coursework/public/index.php')
CRITICAL - 2023-11-08 13:24:00 --> Undefined variable $wall
in APPPATH/Views/Wallet/index.php on line 11.
 1 APPPATH/Views/Wallet/index.php(11): CodeIgniter\Debug\Exceptions->errorHandler(2, 'Undefined variable $wall', '/Applications/MAMP/htdocs/coursework/app/Views/Wallet/index.php', 11)
 2 SYSTEMPATH/View/View.php(228): include('/Applications/MAMP/htdocs/coursework/app/Views/Wallet/index.php')
 3 SYSTEMPATH/View/View.php(231): CodeIgniter\View\View->CodeIgniter\View\{closure}()
 4 SYSTEMPATH/Common.php(1190): CodeIgniter\View\View->render('Wallet/index.php', [], true)
 5 APPPATH/Controllers/Wallet.php(10): view('Wallet/index.php')
 6 SYSTEMPATH/CodeIgniter.php(942): App\Controllers\Wallet->index()
 7 SYSTEMPATH/CodeIgniter.php(502): CodeIgniter\CodeIgniter->runController(Object(App\Controllers\Wallet))
 8 SYSTEMPATH/CodeIgniter.php(361): CodeIgniter\CodeIgniter->handleRequest(null, Object(Config\Cache), false)
 9 FCPATH/index.php(79): CodeIgniter\CodeIgniter->run()
10 SYSTEMPATH/Commands/Server/rewrite.php(47): require_once('/Applications/MAMP/htdocs/coursework/public/index.php')
CRITICAL - 2023-11-08 13:24:32 --> Undefined variable $wall
in APPPATH/Views/Wallet/index.php on line 11.
 1 APPPATH/Views/Wallet/index.php(11): CodeIgniter\Debug\Exceptions->errorHandler(2, 'Undefined variable $wall', '/Applications/MAMP/htdocs/coursework/app/Views/Wallet/index.php', 11)
 2 SYSTEMPATH/View/View.php(228): include('/Applications/MAMP/htdocs/coursework/app/Views/Wallet/index.php')
 3 SYSTEMPATH/View/View.php(231): CodeIgniter\View\View->CodeIgniter\View\{closure}()
 4 SYSTEMPATH/Common.php(1190): CodeIgniter\View\View->render('Wallet/index.php', [], true)
 5 APPPATH/Controllers/Wallet.php(10): view('Wallet/index.php')
 6 SYSTEMPATH/CodeIgniter.php(942): App\Controllers\Wallet->index()
 7 SYSTEMPATH/CodeIgniter.php(502): CodeIgniter\CodeIgniter->runController(Object(App\Controllers\Wallet))
 8 SYSTEMPATH/CodeIgniter.php(361): CodeIgniter\CodeIgniter->handleRequest(null, Object(Config\Cache), false)
 9 FCPATH/index.php(79): CodeIgniter\CodeIgniter->run()
10 SYSTEMPATH/Commands/Server/rewrite.php(47): require_once('/Applications/MAMP/htdocs/coursework/public/index.php')
CRITICAL - 2023-11-08 13:25:19 --> Undefined variable $wall
in APPPATH/Views/Wallet/index.php on line 14.
 1 APPPATH/Views/Wallet/index.php(14): CodeIgniter\Debug\Exceptions->errorHandler(2, 'Undefined variable $wall', '/Applications/MAMP/htdocs/coursework/app/Views/Wallet/index.php', 14)
 2 SYSTEMPATH/View/View.php(228): include('/Applications/MAMP/htdocs/coursework/app/Views/Wallet/index.php')
 3 SYSTEMPATH/View/View.php(231): CodeIgniter\View\View->CodeIgniter\View\{closure}()
 4 SYSTEMPATH/Common.php(1190): CodeIgniter\View\View->render('Wallet/index.php', [], true)
 5 APPPATH/Controllers/Wallet.php(10): view('Wallet/index.php')
 6 SYSTEMPATH/CodeIgniter.php(942): App\Controllers\Wallet->index()
 7 SYSTEMPATH/CodeIgniter.php(502): CodeIgniter\CodeIgniter->runController(Object(App\Controllers\Wallet))
 8 SYSTEMPATH/CodeIgniter.php(361): CodeIgniter\CodeIgniter->handleRequest(null, Object(Config\Cache), false)
 9 FCPATH/index.php(79): CodeIgniter\CodeIgniter->run()
10 SYSTEMPATH/Commands/Server/rewrite.php(47): require_once('/Applications/MAMP/htdocs/coursework/public/index.php')
CRITICAL - 2023-11-08 13:30:09 --> Undefined variable $wall
in APPPATH/Views/Wallet/index.php on line 14.
 1 APPPATH/Views/Wallet/index.php(14): CodeIgniter\Debug\Exceptions->errorHandler(2, 'Undefined variable $wall', '/Applications/MAMP/htdocs/coursework/app/Views/Wallet/index.php', 14)
 2 SYSTEMPATH/View/View.php(228): include('/Applications/MAMP/htdocs/coursework/app/Views/Wallet/index.php')
 3 SYSTEMPATH/View/View.php(231): CodeIgniter\View\View->CodeIgniter\View\{closure}()
 4 SYSTEMPATH/Common.php(1190): CodeIgniter\View\View->render('Wallet/index.php', [], true)
 5 APPPATH/Controllers/Wallet.php(10): view('Wallet/index.php')
 6 SYSTEMPATH/CodeIgniter.php(942): App\Controllers\Wallet->index()
 7 SYSTEMPATH/CodeIgniter.php(502): CodeIgniter\CodeIgniter->runController(Object(App\Controllers\Wallet))
 8 SYSTEMPATH/CodeIgniter.php(361): CodeIgniter\CodeIgniter->handleRequest(null, Object(Config\Cache), false)
 9 FCPATH/index.php(79): CodeIgniter\CodeIgniter->run()
10 SYSTEMPATH/Commands/Server/rewrite.php(47): require_once('/Applications/MAMP/htdocs/coursework/public/index.php')
CRITICAL - 2023-11-08 13:30:18 --> Undefined variable $wall
in APPPATH/Views/Wallet/index.php on line 14.
 1 APPPATH/Views/Wallet/index.php(14): CodeIgniter\Debug\Exceptions->errorHandler(2, 'Undefined variable $wall', '/Applications/MAMP/htdocs/coursework/app/Views/Wallet/index.php', 14)
 2 SYSTEMPATH/View/View.php(228): include('/Applications/MAMP/htdocs/coursework/app/Views/Wallet/index.php')
 3 SYSTEMPATH/View/View.php(231): CodeIgniter\View\View->CodeIgniter\View\{closure}()
 4 SYSTEMPATH/Common.php(1190): CodeIgniter\View\View->render('Wallet/index.php', [], true)
 5 APPPATH/Controllers/Wallet.php(10): view('Wallet/index.php')
 6 SYSTEMPATH/CodeIgniter.php(942): App\Controllers\Wallet->index()
 7 SYSTEMPATH/CodeIgniter.php(502): CodeIgniter\CodeIgniter->runController(Object(App\Controllers\Wallet))
 8 SYSTEMPATH/CodeIgniter.php(361): CodeIgniter\CodeIgniter->handleRequest(null, Object(Config\Cache), false)
 9 FCPATH/index.php(79): CodeIgniter\CodeIgniter->run()
10 SYSTEMPATH/Commands/Server/rewrite.php(47): require_once('/Applications/MAMP/htdocs/coursework/public/index.php')
CRITICAL - 2023-11-08 13:32:53 --> syntax error, unexpected end of file
in APPPATH/Views/Wallet/index.php on line 40.
 1 SYSTEMPATH/View/View.php(231): CodeIgniter\View\View->CodeIgniter\View\{closure}()
 2 SYSTEMPATH/Common.php(1190): CodeIgniter\View\View->render('Wallet/index.php', [], true)
 3 APPPATH/Controllers/Wallet.php(10): view('Wallet/index.php')
 4 SYSTEMPATH/CodeIgniter.php(942): App\Controllers\Wallet->index()
 5 SYSTEMPATH/CodeIgniter.php(502): CodeIgniter\CodeIgniter->runController(Object(App\Controllers\Wallet))
 6 SYSTEMPATH/CodeIgniter.php(361): CodeIgniter\CodeIgniter->handleRequest(null, Object(Config\Cache), false)
 7 FCPATH/index.php(79): CodeIgniter\CodeIgniter->run()
 8 SYSTEMPATH/Commands/Server/rewrite.php(47): require_once('/Applications/MAMP/htdocs/coursework/public/index.php')
CRITICAL - 2023-11-08 13:33:53 --> Undefined variable $wallet
in APPPATH/Views/Wallet/index.php on line 11.
 1 APPPATH/Views/Wallet/index.php(11): CodeIgniter\Debug\Exceptions->errorHandler(2, 'Undefined variable $wallet', '/Applications/MAMP/htdocs/coursework/app/Views/Wallet/index.php', 11)
 2 SYSTEMPATH/View/View.php(228): include('/Applications/MAMP/htdocs/coursework/app/Views/Wallet/index.php')
 3 SYSTEMPATH/View/View.php(231): CodeIgniter\View\View->CodeIgniter\View\{closure}()
 4 SYSTEMPATH/Common.php(1190): CodeIgniter\View\View->render('Wallet/index.php', [], true)
 5 APPPATH/Controllers/Wallet.php(10): view('Wallet/index.php')
 6 SYSTEMPATH/CodeIgniter.php(942): App\Controllers\Wallet->index()
 7 SYSTEMPATH/CodeIgniter.php(502): CodeIgniter\CodeIgniter->runController(Object(App\Controllers\Wallet))
 8 SYSTEMPATH/CodeIgniter.php(361): CodeIgniter\CodeIgniter->handleRequest(null, Object(Config\Cache), false)
 9 FCPATH/index.php(79): CodeIgniter\CodeIgniter->run()
10 SYSTEMPATH/Commands/Server/rewrite.php(47): require_once('/Applications/MAMP/htdocs/coursework/public/index.php')
CRITICAL - 2023-11-08 13:34:06 --> Undefined variable $wall
in APPPATH/Views/Wallet/index.php on line 11.
 1 APPPATH/Views/Wallet/index.php(11): CodeIgniter\Debug\Exceptions->errorHandler(2, 'Undefined variable $wall', '/Applications/MAMP/htdocs/coursework/app/Views/Wallet/index.php', 11)
 2 SYSTEMPATH/View/View.php(228): include('/Applications/MAMP/htdocs/coursework/app/Views/Wallet/index.php')
 3 SYSTEMPATH/View/View.php(231): CodeIgniter\View\View->CodeIgniter\View\{closure}()
 4 SYSTEMPATH/Common.php(1190): CodeIgniter\View\View->render('Wallet/index.php', [], true)
 5 APPPATH/Controllers/Wallet.php(10): view('Wallet/index.php')
 6 SYSTEMPATH/CodeIgniter.php(942): App\Controllers\Wallet->index()
 7 SYSTEMPATH/CodeIgniter.php(502): CodeIgniter\CodeIgniter->runController(Object(App\Controllers\Wallet))
 8 SYSTEMPATH/CodeIgniter.php(361): CodeIgniter\CodeIgniter->handleRequest(null, Object(Config\Cache), false)
 9 FCPATH/index.php(79): CodeIgniter\CodeIgniter->run()
10 SYSTEMPATH/Commands/Server/rewrite.php(47): require_once('/Applications/MAMP/htdocs/coursework/public/index.php')
CRITICAL - 2023-11-08 13:34:24 --> Undefined variable $wallet
in APPPATH/Views/Wallet/index.php on line 14.
 1 APPPATH/Views/Wallet/index.php(14): CodeIgniter\Debug\Exceptions->errorHandler(2, 'Undefined variable $wallet', '/Applications/MAMP/htdocs/coursework/app/Views/Wallet/index.php', 14)
 2 SYSTEMPATH/View/View.php(228): include('/Applications/MAMP/htdocs/coursework/app/Views/Wallet/index.php')
 3 SYSTEMPATH/View/View.php(231): CodeIgniter\View\View->CodeIgniter\View\{closure}()
 4 SYSTEMPATH/Common.php(1190): CodeIgniter\View\View->render('Wallet/index.php', [], true)
 5 APPPATH/Controllers/Wallet.php(10): view('Wallet/index.php')
 6 SYSTEMPATH/CodeIgniter.php(942): App\Controllers\Wallet->index()
 7 SYSTEMPATH/CodeIgniter.php(502): CodeIgniter\CodeIgniter->runController(Object(App\Controllers\Wallet))
 8 SYSTEMPATH/CodeIgniter.php(361): CodeIgniter\CodeIgniter->handleRequest(null, Object(Config\Cache), false)
 9 FCPATH/index.php(79): CodeIgniter\CodeIgniter->run()
10 SYSTEMPATH/Commands/Server/rewrite.php(47): require_once('/Applications/MAMP/htdocs/coursework/public/index.php')
CRITICAL - 2023-11-08 13:35:47 --> Undefined variable $home
in APPPATH/Views/Wallet/index.php on line 14.
 1 APPPATH/Views/Wallet/index.php(14): CodeIgniter\Debug\Exceptions->errorHandler(2, 'Undefined variable $home', '/Applications/MAMP/htdocs/coursework/app/Views/Wallet/index.php', 14)
 2 SYSTEMPATH/View/View.php(228): include('/Applications/MAMP/htdocs/coursework/app/Views/Wallet/index.php')
 3 SYSTEMPATH/View/View.php(231): CodeIgniter\View\View->CodeIgniter\View\{closure}()
 4 SYSTEMPATH/Common.php(1190): CodeIgniter\View\View->render('Wallet/index.php', [], true)
 5 APPPATH/Controllers/Wallet.php(10): view('Wallet/index.php')
 6 SYSTEMPATH/CodeIgniter.php(942): App\Controllers\Wallet->index()
 7 SYSTEMPATH/CodeIgniter.php(502): CodeIgniter\CodeIgniter->runController(Object(App\Controllers\Wallet))
 8 SYSTEMPATH/CodeIgniter.php(361): CodeIgniter\CodeIgniter->handleRequest(null, Object(Config\Cache), false)
 9 FCPATH/index.php(79): CodeIgniter\CodeIgniter->run()
10 SYSTEMPATH/Commands/Server/rewrite.php(47): require_once('/Applications/MAMP/htdocs/coursework/public/index.php')
CRITICAL - 2023-11-08 13:37:24 --> Undefined variable $wall
in APPPATH/Views/Wallet/index.php on line 14.
 1 APPPATH/Views/Wallet/index.php(14): CodeIgniter\Debug\Exceptions->errorHandler(2, 'Undefined variable $wall', '/Applications/MAMP/htdocs/coursework/app/Views/Wallet/index.php', 14)
 2 SYSTEMPATH/View/View.php(228): include('/Applications/MAMP/htdocs/coursework/app/Views/Wallet/index.php')
 3 SYSTEMPATH/View/View.php(231): CodeIgniter\View\View->CodeIgniter\View\{closure}()
 4 SYSTEMPATH/Common.php(1190): CodeIgniter\View\View->render('Wallet/index.php', [], true)
 5 APPPATH/Controllers/Wallet.php(10): view('Wallet/index.php')
 6 SYSTEMPATH/CodeIgniter.php(942): App\Controllers\Wallet->index()
 7 SYSTEMPATH/CodeIgniter.php(502): CodeIgniter\CodeIgniter->runController(Object(App\Controllers\Wallet))
 8 SYSTEMPATH/CodeIgniter.php(361): CodeIgniter\CodeIgniter->handleRequest(null, Object(Config\Cache), false)
 9 FCPATH/index.php(79): CodeIgniter\CodeIgniter->run()
10 SYSTEMPATH/Commands/Server/rewrite.php(47): require_once('/Applications/MAMP/htdocs/coursework/public/index.php')
CRITICAL - 2023-11-08 13:42:35 --> Too few arguments to function App\Controllers\Wallet::index(), 0 passed in /Applications/MAMP/htdocs/coursework/system/CodeIgniter.php on line 942 and exactly 1 expected
in APPPATH/Controllers/Wallet.php on line 13.
 1 SYSTEMPATH/CodeIgniter.php(942): App\Controllers\Wallet->index()
 2 SYSTEMPATH/CodeIgniter.php(502): CodeIgniter\CodeIgniter->runController(Object(App\Controllers\Wallet))
 3 SYSTEMPATH/CodeIgniter.php(361): CodeIgniter\CodeIgniter->handleRequest(null, Object(Config\Cache), false)
 4 FCPATH/index.php(79): CodeIgniter\CodeIgniter->run()
 5 SYSTEMPATH/Commands/Server/rewrite.php(47): require_once('/Applications/MAMP/htdocs/coursework/public/index.php')
CRITICAL - 2023-11-08 13:43:20 --> Undefined array key "name_wallet"
in APPPATH/Views/Wallet/index.php on line 14.
 1 APPPATH/Views/Wallet/index.php(14): CodeIgniter\Debug\Exceptions->errorHandler(2, 'Undefined array key "name_wallet"', '/Applications/MAMP/htdocs/coursework/app/Views/Wallet/index.php', 14)
 2 SYSTEMPATH/View/View.php(228): include('/Applications/MAMP/htdocs/coursework/app/Views/Wallet/index.php')
 3 SYSTEMPATH/View/View.php(231): CodeIgniter\View\View->CodeIgniter\View\{closure}()
 4 SYSTEMPATH/Common.php(1190): CodeIgniter\View\View->render('Wallet/index.php', [], true)
 5 APPPATH/Controllers/Wallet.php(18): view('Wallet/index.php', [...])
 6 SYSTEMPATH/CodeIgniter.php(942): App\Controllers\Wallet->index()
 7 SYSTEMPATH/CodeIgniter.php(502): CodeIgniter\CodeIgniter->runController(Object(App\Controllers\Wallet))
 8 SYSTEMPATH/CodeIgniter.php(361): CodeIgniter\CodeIgniter->handleRequest(null, Object(Config\Cache), false)
 9 FCPATH/index.php(79): CodeIgniter\CodeIgniter->run()
10 SYSTEMPATH/Commands/Server/rewrite.php(47): require_once('/Applications/MAMP/htdocs/coursework/public/index.php')
CRITICAL - 2023-11-08 13:46:57 --> Undefined variable $home
in APPPATH/Views/Wallet/index.php on line 15.
 1 APPPATH/Views/Wallet/index.php(15): CodeIgniter\Debug\Exceptions->errorHandler(2, 'Undefined variable $home', '/Applications/MAMP/htdocs/coursework/app/Views/Wallet/index.php', 15)
 2 SYSTEMPATH/View/View.php(228): include('/Applications/MAMP/htdocs/coursework/app/Views/Wallet/index.php')
 3 SYSTEMPATH/View/View.php(231): CodeIgniter\View\View->CodeIgniter\View\{closure}()
 4 SYSTEMPATH/Common.php(1190): CodeIgniter\View\View->render('Wallet/index.php', [], true)
 5 APPPATH/Controllers/Wallet.php(18): view('Wallet/index.php', [...])
 6 SYSTEMPATH/CodeIgniter.php(942): App\Controllers\Wallet->index()
 7 SYSTEMPATH/CodeIgniter.php(502): CodeIgniter\CodeIgniter->runController(Object(App\Controllers\Wallet))
 8 SYSTEMPATH/CodeIgniter.php(361): CodeIgniter\CodeIgniter->handleRequest(null, Object(Config\Cache), false)
 9 FCPATH/index.php(79): CodeIgniter\CodeIgniter->run()
10 SYSTEMPATH/Commands/Server/rewrite.php(47): require_once('/Applications/MAMP/htdocs/coursework/public/index.php')
CRITICAL - 2023-11-08 13:47:23 --> Undefined variable $home
in APPPATH/Views/Wallet/index.php on line 13.
 1 APPPATH/Views/Wallet/index.php(13): CodeIgniter\Debug\Exceptions->errorHandler(2, 'Undefined variable $home', '/Applications/MAMP/htdocs/coursework/app/Views/Wallet/index.php', 13)
 2 SYSTEMPATH/View/View.php(228): include('/Applications/MAMP/htdocs/coursework/app/Views/Wallet/index.php')
 3 SYSTEMPATH/View/View.php(231): CodeIgniter\View\View->CodeIgniter\View\{closure}()
 4 SYSTEMPATH/Common.php(1190): CodeIgniter\View\View->render('Wallet/index.php', [], true)
 5 APPPATH/Controllers/Wallet.php(18): view('Wallet/index.php', [...])
 6 SYSTEMPATH/CodeIgniter.php(942): App\Controllers\Wallet->index()
 7 SYSTEMPATH/CodeIgniter.php(502): CodeIgniter\CodeIgniter->runController(Object(App\Controllers\Wallet))
 8 SYSTEMPATH/CodeIgniter.php(361): CodeIgniter\CodeIgniter->handleRequest(null, Object(Config\Cache), false)
 9 FCPATH/index.php(79): CodeIgniter\CodeIgniter->run()
10 SYSTEMPATH/Commands/Server/rewrite.php(47): require_once('/Applications/MAMP/htdocs/coursework/public/index.php')
CRITICAL - 2023-11-08 13:48:20 --> Undefined array key ""
in APPPATH/Views/Wallet/index.php on line 15.
 1 APPPATH/Views/Wallet/index.php(15): CodeIgniter\Debug\Exceptions->errorHandler(2, 'Undefined array key ""', '/Applications/MAMP/htdocs/coursework/app/Views/Wallet/index.php', 15)
 2 SYSTEMPATH/View/View.php(228): include('/Applications/MAMP/htdocs/coursework/app/Views/Wallet/index.php')
 3 SYSTEMPATH/View/View.php(231): CodeIgniter\View\View->CodeIgniter\View\{closure}()
 4 SYSTEMPATH/Common.php(1190): CodeIgniter\View\View->render('Wallet/index.php', [], true)
 5 APPPATH/Controllers/Wallet.php(18): view('Wallet/index.php', [...])
 6 SYSTEMPATH/CodeIgniter.php(942): App\Controllers\Wallet->index()
 7 SYSTEMPATH/CodeIgniter.php(502): CodeIgniter\CodeIgniter->runController(Object(App\Controllers\Wallet))
 8 SYSTEMPATH/CodeIgniter.php(361): CodeIgniter\CodeIgniter->handleRequest(null, Object(Config\Cache), false)
 9 FCPATH/index.php(79): CodeIgniter\CodeIgniter->run()
10 SYSTEMPATH/Commands/Server/rewrite.php(47): require_once('/Applications/MAMP/htdocs/coursework/public/index.php')
CRITICAL - 2023-11-08 13:49:58 --> Undefined array key "name_wallet "
in APPPATH/Views/Wallet/index.php on line 15.
 1 APPPATH/Views/Wallet/index.php(15): CodeIgniter\Debug\Exceptions->errorHandler(2, 'Undefined array key "name_wallet "', '/Applications/MAMP/htdocs/coursework/app/Views/Wallet/index.php', 15)
 2 SYSTEMPATH/View/View.php(228): include('/Applications/MAMP/htdocs/coursework/app/Views/Wallet/index.php')
 3 SYSTEMPATH/View/View.php(231): CodeIgniter\View\View->CodeIgniter\View\{closure}()
 4 SYSTEMPATH/Common.php(1190): CodeIgniter\View\View->render('Wallet/index.php', [], true)
 5 APPPATH/Controllers/Wallet.php(18): view('Wallet/index.php', [...])
 6 SYSTEMPATH/CodeIgniter.php(942): App\Controllers\Wallet->index()
 7 SYSTEMPATH/CodeIgniter.php(502): CodeIgniter\CodeIgniter->runController(Object(App\Controllers\Wallet))
 8 SYSTEMPATH/CodeIgniter.php(361): CodeIgniter\CodeIgniter->handleRequest(null, Object(Config\Cache), false)
 9 FCPATH/index.php(79): CodeIgniter\CodeIgniter->run()
10 SYSTEMPATH/Commands/Server/rewrite.php(47): require_once('/Applications/MAMP/htdocs/coursework/public/index.php')
CRITICAL - 2023-11-08 13:54:53 --> Undefined variable $wall
in APPPATH/Views/Wallet/index.php on line 13.
 1 APPPATH/Views/Wallet/index.php(13): CodeIgniter\Debug\Exceptions->errorHandler(2, 'Undefined variable $wall', '/Applications/MAMP/htdocs/coursework/app/Views/Wallet/index.php', 13)
 2 SYSTEMPATH/View/View.php(228): include('/Applications/MAMP/htdocs/coursework/app/Views/Wallet/index.php')
 3 SYSTEMPATH/View/View.php(231): CodeIgniter\View\View->CodeIgniter\View\{closure}()
 4 SYSTEMPATH/Common.php(1190): CodeIgniter\View\View->render('Wallet/index.php', [], true)
 5 APPPATH/Controllers/Wallet.php(18): view('Wallet/index.php', [...])
 6 SYSTEMPATH/CodeIgniter.php(942): App\Controllers\Wallet->index()
 7 SYSTEMPATH/CodeIgniter.php(502): CodeIgniter\CodeIgniter->runController(Object(App\Controllers\Wallet))
 8 SYSTEMPATH/CodeIgniter.php(361): CodeIgniter\CodeIgniter->handleRequest(null, Object(Config\Cache), false)
 9 FCPATH/index.php(79): CodeIgniter\CodeIgniter->run()
10 SYSTEMPATH/Commands/Server/rewrite.php(47): require_once('/Applications/MAMP/htdocs/coursework/public/index.php')
CRITICAL - 2023-11-08 13:55:41 --> Undefined array key "name_wallet "
in APPPATH/Views/Wallet/index.php on line 15.
 1 APPPATH/Views/Wallet/index.php(15): CodeIgniter\Debug\Exceptions->errorHandler(2, 'Undefined array key "name_wallet "', '/Applications/MAMP/htdocs/coursework/app/Views/Wallet/index.php', 15)
 2 SYSTEMPATH/View/View.php(228): include('/Applications/MAMP/htdocs/coursework/app/Views/Wallet/index.php')
 3 SYSTEMPATH/View/View.php(231): CodeIgniter\View\View->CodeIgniter\View\{closure}()
 4 SYSTEMPATH/Common.php(1190): CodeIgniter\View\View->render('Wallet/index.php', [], true)
 5 APPPATH/Controllers/Wallet.php(18): view('Wallet/index.php', [...])
 6 SYSTEMPATH/CodeIgniter.php(942): App\Controllers\Wallet->index()
 7 SYSTEMPATH/CodeIgniter.php(502): CodeIgniter\CodeIgniter->runController(Object(App\Controllers\Wallet))
 8 SYSTEMPATH/CodeIgniter.php(361): CodeIgniter\CodeIgniter->handleRequest(null, Object(Config\Cache), false)
 9 FCPATH/index.php(79): CodeIgniter\CodeIgniter->run()
10 SYSTEMPATH/Commands/Server/rewrite.php(47): require_once('/Applications/MAMP/htdocs/coursework/public/index.php')
CRITICAL - 2023-11-08 13:57:13 --> Undefined array key "user_id "
in APPPATH/Views/Wallet/index.php on line 15.
 1 APPPATH/Views/Wallet/index.php(15): CodeIgniter\Debug\Exceptions->errorHandler(2, 'Undefined array key "user_id "', '/Applications/MAMP/htdocs/coursework/app/Views/Wallet/index.php', 15)
 2 SYSTEMPATH/View/View.php(228): include('/Applications/MAMP/htdocs/coursework/app/Views/Wallet/index.php')
 3 SYSTEMPATH/View/View.php(231): CodeIgniter\View\View->CodeIgniter\View\{closure}()
 4 SYSTEMPATH/Common.php(1190): CodeIgniter\View\View->render('Wallet/index.php', [], true)
 5 APPPATH/Controllers/Wallet.php(18): view('Wallet/index.php', [...])
 6 SYSTEMPATH/CodeIgniter.php(942): App\Controllers\Wallet->index()
 7 SYSTEMPATH/CodeIgniter.php(502): CodeIgniter\CodeIgniter->runController(Object(App\Controllers\Wallet))
 8 SYSTEMPATH/CodeIgniter.php(361): CodeIgniter\CodeIgniter->handleRequest(null, Object(Config\Cache), false)
 9 FCPATH/index.php(79): CodeIgniter\CodeIgniter->run()
10 SYSTEMPATH/Commands/Server/rewrite.php(47): require_once('/Applications/MAMP/htdocs/coursework/public/index.php')
CRITICAL - 2023-11-08 13:57:28 --> Undefined array key "id "
in APPPATH/Views/Wallet/index.php on line 15.
 1 APPPATH/Views/Wallet/index.php(15): CodeIgniter\Debug\Exceptions->errorHandler(2, 'Undefined array key "id "', '/Applications/MAMP/htdocs/coursework/app/Views/Wallet/index.php', 15)
 2 SYSTEMPATH/View/View.php(228): include('/Applications/MAMP/htdocs/coursework/app/Views/Wallet/index.php')
 3 SYSTEMPATH/View/View.php(231): CodeIgniter\View\View->CodeIgniter\View\{closure}()
 4 SYSTEMPATH/Common.php(1190): CodeIgniter\View\View->render('Wallet/index.php', [], true)
 5 APPPATH/Controllers/Wallet.php(18): view('Wallet/index.php', [...])
 6 SYSTEMPATH/CodeIgniter.php(942): App\Controllers\Wallet->index()
 7 SYSTEMPATH/CodeIgniter.php(502): CodeIgniter\CodeIgniter->runController(Object(App\Controllers\Wallet))
 8 SYSTEMPATH/CodeIgniter.php(361): CodeIgniter\CodeIgniter->handleRequest(null, Object(Config\Cache), false)
 9 FCPATH/index.php(79): CodeIgniter\CodeIgniter->run()
10 SYSTEMPATH/Commands/Server/rewrite.php(47): require_once('/Applications/MAMP/htdocs/coursework/public/index.php')
CRITICAL - 2023-11-08 13:59:05 --> Undefined array key "id "
in APPPATH/Views/Wallet/index.php on line 15.
 1 APPPATH/Views/Wallet/index.php(15): CodeIgniter\Debug\Exceptions->errorHandler(2, 'Undefined array key "id "', '/Applications/MAMP/htdocs/coursework/app/Views/Wallet/index.php', 15)
 2 SYSTEMPATH/View/View.php(228): include('/Applications/MAMP/htdocs/coursework/app/Views/Wallet/index.php')
 3 SYSTEMPATH/View/View.php(231): CodeIgniter\View\View->CodeIgniter\View\{closure}()
 4 SYSTEMPATH/Common.php(1190): CodeIgniter\View\View->render('Wallet/index.php', [], true)
 5 APPPATH/Controllers/Wallet.php(18): view('Wallet/index.php', [...])
 6 SYSTEMPATH/CodeIgniter.php(942): App\Controllers\Wallet->index()
 7 SYSTEMPATH/CodeIgniter.php(502): CodeIgniter\CodeIgniter->runController(Object(App\Controllers\Wallet))
 8 SYSTEMPATH/CodeIgniter.php(361): CodeIgniter\CodeIgniter->handleRequest(null, Object(Config\Cache), false)
 9 FCPATH/index.php(79): CodeIgniter\CodeIgniter->run()
10 SYSTEMPATH/Commands/Server/rewrite.php(47): require_once('/Applications/MAMP/htdocs/coursework/public/index.php')
CRITICAL - 2023-11-08 14:01:25 --> syntax error, unexpected token "endforeach", expecting end of file
in APPPATH/Views/Wallet/index.php on line 20.
 1 SYSTEMPATH/View/View.php(231): CodeIgniter\View\View->CodeIgniter\View\{closure}()
 2 SYSTEMPATH/Common.php(1190): CodeIgniter\View\View->render('Wallet/index.php', [], true)
 3 APPPATH/Controllers/Wallet.php(18): view('Wallet/index.php', [...])
 4 SYSTEMPATH/CodeIgniter.php(942): App\Controllers\Wallet->index()
 5 SYSTEMPATH/CodeIgniter.php(502): CodeIgniter\CodeIgniter->runController(Object(App\Controllers\Wallet))
 6 SYSTEMPATH/CodeIgniter.php(361): CodeIgniter\CodeIgniter->handleRequest(null, Object(Config\Cache), false)
 7 FCPATH/index.php(79): CodeIgniter\CodeIgniter->run()
 8 SYSTEMPATH/Commands/Server/rewrite.php(47): require_once('/Applications/MAMP/htdocs/coursework/public/index.php')
CRITICAL - 2023-11-08 14:14:42 --> Undefined variable $wellet
in APPPATH/Views/Wallet/index.php on line 29.
 1 APPPATH/Views/Wallet/index.php(29): CodeIgniter\Debug\Exceptions->errorHandler(2, 'Undefined variable $wellet', '/Applications/MAMP/htdocs/coursework/app/Views/Wallet/index.php', 29)
 2 SYSTEMPATH/View/View.php(228): include('/Applications/MAMP/htdocs/coursework/app/Views/Wallet/index.php')
 3 SYSTEMPATH/View/View.php(231): CodeIgniter\View\View->CodeIgniter\View\{closure}()
 4 SYSTEMPATH/Common.php(1190): CodeIgniter\View\View->render('Wallet/index.php', [], true)
 5 APPPATH/Controllers/Wallet.php(18): view('Wallet/index.php', [...])
 6 SYSTEMPATH/CodeIgniter.php(942): App\Controllers\Wallet->index()
 7 SYSTEMPATH/CodeIgniter.php(502): CodeIgniter\CodeIgniter->runController(Object(App\Controllers\Wallet))
 8 SYSTEMPATH/CodeIgniter.php(361): CodeIgniter\CodeIgniter->handleRequest(null, Object(Config\Cache), false)
 9 FCPATH/index.php(79): CodeIgniter\CodeIgniter->run()
10 SYSTEMPATH/Commands/Server/rewrite.php(47): require_once('/Applications/MAMP/htdocs/coursework/public/index.php')
CRITICAL - 2023-11-08 14:16:44 --> Undefined variable $wellet
in APPPATH/Views/Wallet/index.php on line 29.
 1 APPPATH/Views/Wallet/index.php(29): CodeIgniter\Debug\Exceptions->errorHandler(2, 'Undefined variable $wellet', '/Applications/MAMP/htdocs/coursework/app/Views/Wallet/index.php', 29)
 2 SYSTEMPATH/View/View.php(228): include('/Applications/MAMP/htdocs/coursework/app/Views/Wallet/index.php')
 3 SYSTEMPATH/View/View.php(231): CodeIgniter\View\View->CodeIgniter\View\{closure}()
 4 SYSTEMPATH/Common.php(1190): CodeIgniter\View\View->render('Wallet/index.php', [], true)
 5 APPPATH/Controllers/Wallet.php(18): view('Wallet/index.php', [...])
 6 SYSTEMPATH/CodeIgniter.php(942): App\Controllers\Wallet->index()
 7 SYSTEMPATH/CodeIgniter.php(502): CodeIgniter\CodeIgniter->runController(Object(App\Controllers\Wallet))
 8 SYSTEMPATH/CodeIgniter.php(361): CodeIgniter\CodeIgniter->handleRequest(null, Object(Config\Cache), false)
 9 FCPATH/index.php(79): CodeIgniter\CodeIgniter->run()
10 SYSTEMPATH/Commands/Server/rewrite.php(47): require_once('/Applications/MAMP/htdocs/coursework/public/index.php')
CRITICAL - 2023-11-08 14:37:11 --> Undefined variable $home
in APPPATH/Views/Wallet/index.php on line 33.
 1 APPPATH/Views/Wallet/index.php(33): CodeIgniter\Debug\Exceptions->errorHandler(2, 'Undefined variable $home', '/Applications/MAMP/htdocs/coursework/app/Views/Wallet/index.php', 33)
 2 SYSTEMPATH/View/View.php(228): include('/Applications/MAMP/htdocs/coursework/app/Views/Wallet/index.php')
 3 SYSTEMPATH/View/View.php(231): CodeIgniter\View\View->CodeIgniter\View\{closure}()
 4 SYSTEMPATH/Common.php(1190): CodeIgniter\View\View->render('Wallet/index.php', [], true)
 5 APPPATH/Controllers/Wallet.php(18): view('Wallet/index.php', [...])
 6 SYSTEMPATH/CodeIgniter.php(942): App\Controllers\Wallet->index()
 7 SYSTEMPATH/CodeIgniter.php(502): CodeIgniter\CodeIgniter->runController(Object(App\Controllers\Wallet))
 8 SYSTEMPATH/CodeIgniter.php(361): CodeIgniter\CodeIgniter->handleRequest(null, Object(Config\Cache), false)
 9 FCPATH/index.php(79): CodeIgniter\CodeIgniter->run()
10 SYSTEMPATH/Commands/Server/rewrite.php(47): require_once('/Applications/MAMP/htdocs/coursework/public/index.php')
CRITICAL - 2023-11-08 15:43:03 --> syntax error, unexpected token "endforeach", expecting end of file
in APPPATH/Views/Wallet/index.php on line 28.
 1 SYSTEMPATH/View/View.php(231): CodeIgniter\View\View->CodeIgniter\View\{closure}()
 2 SYSTEMPATH/Common.php(1190): CodeIgniter\View\View->render('Wallet/index.php', [], true)
 3 APPPATH/Controllers/Wallet.php(18): view('Wallet/index.php', [...])
 4 SYSTEMPATH/CodeIgniter.php(942): App\Controllers\Wallet->index()
 5 SYSTEMPATH/CodeIgniter.php(502): CodeIgniter\CodeIgniter->runController(Object(App\Controllers\Wallet))
 6 SYSTEMPATH/CodeIgniter.php(361): CodeIgniter\CodeIgniter->handleRequest(null, Object(Config\Cache), false)
 7 FCPATH/index.php(79): CodeIgniter\CodeIgniter->run()
 8 SYSTEMPATH/Commands/Server/rewrite.php(47): require_once('/Applications/MAMP/htdocs/coursework/public/index.php')
CRITICAL - 2023-11-08 18:38:12 --> Undefined variable $home
in APPPATH/Views/Home/new.php on line 7.
 1 APPPATH/Views/Home/new.php(7): CodeIgniter\Debug\Exceptions->errorHandler(2, 'Undefined variable $home', '/Applications/MAMP/htdocs/coursework/app/Views/Home/new.php', 7)
 2 SYSTEMPATH/View/View.php(228): include('/Applications/MAMP/htdocs/coursework/app/Views/Home/new.php')
 3 SYSTEMPATH/View/View.php(231): CodeIgniter\View\View->CodeIgniter\View\{closure}()
 4 SYSTEMPATH/Common.php(1190): CodeIgniter\View\View->render('Home/new.php', [], true)
 5 APPPATH/Controllers/Home.php(28): view('Home/new.php')
 6 SYSTEMPATH/CodeIgniter.php(942): App\Controllers\Home->new()
 7 SYSTEMPATH/CodeIgniter.php(502): CodeIgniter\CodeIgniter->runController(Object(App\Controllers\Home))
 8 SYSTEMPATH/CodeIgniter.php(361): CodeIgniter\CodeIgniter->handleRequest(null, Object(Config\Cache), false)
 9 FCPATH/index.php(79): CodeIgniter\CodeIgniter->run()
10 SYSTEMPATH/Commands/Server/rewrite.php(47): require_once('/Applications/MAMP/htdocs/coursework/public/index.php')
CRITICAL - 2023-11-08 18:38:14 --> View themes, no current section.
in SYSTEMPATH/View/View.php on line 425.
 1 APPPATH/Views/Home/index.php(1): CodeIgniter\View\View->endSection()
 2 SYSTEMPATH/View/View.php(228): include('/Applications/MAMP/htdocs/coursework/app/Views/Home/index.php')
 3 SYSTEMPATH/View/View.php(231): CodeIgniter\View\View->CodeIgniter\View\{closure}()
 4 SYSTEMPATH/Common.php(1190): CodeIgniter\View\View->render('Home/index.php', [], true)
 5 APPPATH/Controllers/Home.php(13): view('Home/index.php', [...])
 6 SYSTEMPATH/CodeIgniter.php(942): App\Controllers\Home->index()
 7 SYSTEMPATH/CodeIgniter.php(502): CodeIgniter\CodeIgniter->runController(Object(App\Controllers\Home))
 8 SYSTEMPATH/CodeIgniter.php(361): CodeIgniter\CodeIgniter->handleRequest(null, Object(Config\Cache), false)
 9 FCPATH/index.php(79): CodeIgniter\CodeIgniter->run()
10 SYSTEMPATH/Commands/Server/rewrite.php(47): require_once('/Applications/MAMP/htdocs/coursework/public/index.php')
CRITICAL - 2023-11-08 18:38:21 --> View themes, no current section.
in SYSTEMPATH/View/View.php on line 425.
 1 APPPATH/Views/Home/index.php(1): CodeIgniter\View\View->endSection()
 2 SYSTEMPATH/View/View.php(228): include('/Applications/MAMP/htdocs/coursework/app/Views/Home/index.php')
 3 SYSTEMPATH/View/View.php(231): CodeIgniter\View\View->CodeIgniter\View\{closure}()
 4 SYSTEMPATH/Common.php(1190): CodeIgniter\View\View->render('Home/index.php', [], true)
 5 APPPATH/Controllers/Home.php(13): view('Home/index.php', [...])
 6 SYSTEMPATH/CodeIgniter.php(942): App\Controllers\Home->index()
 7 SYSTEMPATH/CodeIgniter.php(502): CodeIgniter\CodeIgniter->runController(Object(App\Controllers\Home))
 8 SYSTEMPATH/CodeIgniter.php(361): CodeIgniter\CodeIgniter->handleRequest(null, Object(Config\Cache), false)
 9 FCPATH/index.php(79): CodeIgniter\CodeIgniter->run()
10 SYSTEMPATH/Commands/Server/rewrite.php(47): require_once('/Applications/MAMP/htdocs/coursework/public/index.php')
CRITICAL - 2023-11-08 18:38:24 --> Undefined variable $home
in APPPATH/Views/Home/new.php on line 7.
 1 APPPATH/Views/Home/new.php(7): CodeIgniter\Debug\Exceptions->errorHandler(2, 'Undefined variable $home', '/Applications/MAMP/htdocs/coursework/app/Views/Home/new.php', 7)
 2 SYSTEMPATH/View/View.php(228): include('/Applications/MAMP/htdocs/coursework/app/Views/Home/new.php')
 3 SYSTEMPATH/View/View.php(231): CodeIgniter\View\View->CodeIgniter\View\{closure}()
 4 SYSTEMPATH/Common.php(1190): CodeIgniter\View\View->render('Home/new.php', [], true)
 5 APPPATH/Controllers/Home.php(28): view('Home/new.php')
 6 SYSTEMPATH/CodeIgniter.php(942): App\Controllers\Home->new()
 7 SYSTEMPATH/CodeIgniter.php(502): CodeIgniter\CodeIgniter->runController(Object(App\Controllers\Home))
 8 SYSTEMPATH/CodeIgniter.php(361): CodeIgniter\CodeIgniter->handleRequest(null, Object(Config\Cache), false)
 9 FCPATH/index.php(79): CodeIgniter\CodeIgniter->run()
10 SYSTEMPATH/Commands/Server/rewrite.php(47): require_once('/Applications/MAMP/htdocs/coursework/public/index.php')
CRITICAL - 2023-11-08 18:45:46 --> Undefined variable $home
in APPPATH/Views/Home/new.php on line 7.
 1 APPPATH/Views/Home/new.php(7): CodeIgniter\Debug\Exceptions->errorHandler(2, 'Undefined variable $home', '/Applications/MAMP/htdocs/coursework/app/Views/Home/new.php', 7)
 2 SYSTEMPATH/View/View.php(228): include('/Applications/MAMP/htdocs/coursework/app/Views/Home/new.php')
 3 SYSTEMPATH/View/View.php(231): CodeIgniter\View\View->CodeIgniter\View\{closure}()
 4 SYSTEMPATH/Common.php(1190): CodeIgniter\View\View->render('Home/new.php', [], true)
 5 APPPATH/Controllers/Home.php(28): view('Home/new.php')
 6 SYSTEMPATH/CodeIgniter.php(942): App\Controllers\Home->new()
 7 SYSTEMPATH/CodeIgniter.php(502): CodeIgniter\CodeIgniter->runController(Object(App\Controllers\Home))
 8 SYSTEMPATH/CodeIgniter.php(361): CodeIgniter\CodeIgniter->handleRequest(null, Object(Config\Cache), false)
 9 FCPATH/index.php(79): CodeIgniter\CodeIgniter->run()
10 SYSTEMPATH/Commands/Server/rewrite.php(47): require_once('/Applications/MAMP/htdocs/coursework/public/index.php')
CRITICAL - 2023-11-08 18:46:46 --> Undefined variable $home
in APPPATH/Views/Home/new.php on line 7.
 1 APPPATH/Views/Home/new.php(7): CodeIgniter\Debug\Exceptions->errorHandler(2, 'Undefined variable $home', '/Applications/MAMP/htdocs/coursework/app/Views/Home/new.php', 7)
 2 SYSTEMPATH/View/View.php(228): include('/Applications/MAMP/htdocs/coursework/app/Views/Home/new.php')
 3 SYSTEMPATH/View/View.php(231): CodeIgniter\View\View->CodeIgniter\View\{closure}()
 4 SYSTEMPATH/Common.php(1190): CodeIgniter\View\View->render('Home/new.php', [], true)
 5 APPPATH/Controllers/Home.php(28): view('Home/new.php')
 6 SYSTEMPATH/CodeIgniter.php(942): App\Controllers\Home->new()
 7 SYSTEMPATH/CodeIgniter.php(502): CodeIgniter\CodeIgniter->runController(Object(App\Controllers\Home))
 8 SYSTEMPATH/CodeIgniter.php(361): CodeIgniter\CodeIgniter->handleRequest(null, Object(Config\Cache), false)
 9 FCPATH/index.php(79): CodeIgniter\CodeIgniter->run()
10 SYSTEMPATH/Commands/Server/rewrite.php(47): require_once('/Applications/MAMP/htdocs/coursework/public/index.php')
CRITICAL - 2023-11-08 18:47:44 --> Undefined variable $home
in APPPATH/Views/Home/new.php on line 7.
 1 APPPATH/Views/Home/new.php(7): CodeIgniter\Debug\Exceptions->errorHandler(2, 'Undefined variable $home', '/Applications/MAMP/htdocs/coursework/app/Views/Home/new.php', 7)
 2 SYSTEMPATH/View/View.php(228): include('/Applications/MAMP/htdocs/coursework/app/Views/Home/new.php')
 3 SYSTEMPATH/View/View.php(231): CodeIgniter\View\View->CodeIgniter\View\{closure}()
 4 SYSTEMPATH/Common.php(1190): CodeIgniter\View\View->render('Home/new.php', [], true)
 5 APPPATH/Controllers/Home.php(28): view('Home/new.php')
 6 SYSTEMPATH/CodeIgniter.php(942): App\Controllers\Home->new()
 7 SYSTEMPATH/CodeIgniter.php(502): CodeIgniter\CodeIgniter->runController(Object(App\Controllers\Home))
 8 SYSTEMPATH/CodeIgniter.php(361): CodeIgniter\CodeIgniter->handleRequest(null, Object(Config\Cache), false)
 9 FCPATH/index.php(79): CodeIgniter\CodeIgniter->run()
10 SYSTEMPATH/Commands/Server/rewrite.php(47): require_once('/Applications/MAMP/htdocs/coursework/public/index.php')
CRITICAL - 2023-11-08 18:48:15 --> Undefined variable $home
in APPPATH/Views/Home/new.php on line 7.
 1 APPPATH/Views/Home/new.php(7): CodeIgniter\Debug\Exceptions->errorHandler(2, 'Undefined variable $home', '/Applications/MAMP/htdocs/coursework/app/Views/Home/new.php', 7)
 2 SYSTEMPATH/View/View.php(228): include('/Applications/MAMP/htdocs/coursework/app/Views/Home/new.php')
 3 SYSTEMPATH/View/View.php(231): CodeIgniter\View\View->CodeIgniter\View\{closure}()
 4 SYSTEMPATH/Common.php(1190): CodeIgniter\View\View->render('Home/new.php', [], true)
 5 APPPATH/Controllers/Home.php(28): view('Home/new.php')
 6 SYSTEMPATH/CodeIgniter.php(942): App\Controllers\Home->new()
 7 SYSTEMPATH/CodeIgniter.php(502): CodeIgniter\CodeIgniter->runController(Object(App\Controllers\Home))
 8 SYSTEMPATH/CodeIgniter.php(361): CodeIgniter\CodeIgniter->handleRequest(null, Object(Config\Cache), false)
 9 FCPATH/index.php(79): CodeIgniter\CodeIgniter->run()
10 SYSTEMPATH/Commands/Server/rewrite.php(47): require_once('/Applications/MAMP/htdocs/coursework/public/index.php')
CRITICAL - 2023-11-08 18:51:25 --> Undefined variable $home
in APPPATH/Views/Home/new.php on line 7.
 1 APPPATH/Views/Home/new.php(7): CodeIgniter\Debug\Exceptions->errorHandler(2, 'Undefined variable $home', '/Applications/MAMP/htdocs/coursework/app/Views/Home/new.php', 7)
 2 SYSTEMPATH/View/View.php(228): include('/Applications/MAMP/htdocs/coursework/app/Views/Home/new.php')
 3 SYSTEMPATH/View/View.php(231): CodeIgniter\View\View->CodeIgniter\View\{closure}()
 4 SYSTEMPATH/Common.php(1190): CodeIgniter\View\View->render('Home/new.php', [], true)
 5 APPPATH/Controllers/Home.php(28): view('Home/new.php')
 6 SYSTEMPATH/CodeIgniter.php(942): App\Controllers\Home->new()
 7 SYSTEMPATH/CodeIgniter.php(502): CodeIgniter\CodeIgniter->runController(Object(App\Controllers\Home))
 8 SYSTEMPATH/CodeIgniter.php(361): CodeIgniter\CodeIgniter->handleRequest(null, Object(Config\Cache), false)
 9 FCPATH/index.php(79): CodeIgniter\CodeIgniter->run()
10 SYSTEMPATH/Commands/Server/rewrite.php(47): require_once('/Applications/MAMP/htdocs/coursework/public/index.php')
CRITICAL - 2023-11-08 18:52:21 --> Undefined variable $new
in APPPATH/Views/Home/new.php on line 7.
 1 APPPATH/Views/Home/new.php(7): CodeIgniter\Debug\Exceptions->errorHandler(2, 'Undefined variable $new', '/Applications/MAMP/htdocs/coursework/app/Views/Home/new.php', 7)
 2 SYSTEMPATH/View/View.php(228): include('/Applications/MAMP/htdocs/coursework/app/Views/Home/new.php')
 3 SYSTEMPATH/View/View.php(231): CodeIgniter\View\View->CodeIgniter\View\{closure}()
 4 SYSTEMPATH/Common.php(1190): CodeIgniter\View\View->render('Home/new.php', [], true)
 5 APPPATH/Controllers/Home.php(28): view('Home/new.php')
 6 SYSTEMPATH/CodeIgniter.php(942): App\Controllers\Home->new()
 7 SYSTEMPATH/CodeIgniter.php(502): CodeIgniter\CodeIgniter->runController(Object(App\Controllers\Home))
 8 SYSTEMPATH/CodeIgniter.php(361): CodeIgniter\CodeIgniter->handleRequest(null, Object(Config\Cache), false)
 9 FCPATH/index.php(79): CodeIgniter\CodeIgniter->run()
10 SYSTEMPATH/Commands/Server/rewrite.php(47): require_once('/Applications/MAMP/htdocs/coursework/public/index.php')
CRITICAL - 2023-11-08 18:53:59 --> Undefined variable $home
in APPPATH/Views/Home/new.php on line 7.
 1 APPPATH/Views/Home/new.php(7): CodeIgniter\Debug\Exceptions->errorHandler(2, 'Undefined variable $home', '/Applications/MAMP/htdocs/coursework/app/Views/Home/new.php', 7)
 2 SYSTEMPATH/View/View.php(228): include('/Applications/MAMP/htdocs/coursework/app/Views/Home/new.php')
 3 SYSTEMPATH/View/View.php(231): CodeIgniter\View\View->CodeIgniter\View\{closure}()
 4 SYSTEMPATH/Common.php(1190): CodeIgniter\View\View->render('Home/new.php', [], true)
 5 APPPATH/Controllers/Home.php(28): view('Home/new.php')
 6 SYSTEMPATH/CodeIgniter.php(942): App\Controllers\Home->new()
 7 SYSTEMPATH/CodeIgniter.php(502): CodeIgniter\CodeIgniter->runController(Object(App\Controllers\Home))
 8 SYSTEMPATH/CodeIgniter.php(361): CodeIgniter\CodeIgniter->handleRequest(null, Object(Config\Cache), false)
 9 FCPATH/index.php(79): CodeIgniter\CodeIgniter->run()
10 SYSTEMPATH/Commands/Server/rewrite.php(47): require_once('/Applications/MAMP/htdocs/coursework/public/index.php')
CRITICAL - 2023-11-08 18:56:07 --> Undefined variable $home
in APPPATH/Views/Home/new.php on line 7.
 1 APPPATH/Views/Home/new.php(7): CodeIgniter\Debug\Exceptions->errorHandler(2, 'Undefined variable $home', '/Applications/MAMP/htdocs/coursework/app/Views/Home/new.php', 7)
 2 SYSTEMPATH/View/View.php(228): include('/Applications/MAMP/htdocs/coursework/app/Views/Home/new.php')
 3 SYSTEMPATH/View/View.php(231): CodeIgniter\View\View->CodeIgniter\View\{closure}()
 4 SYSTEMPATH/Common.php(1190): CodeIgniter\View\View->render('Home/new.php', [], true)
 5 APPPATH/Controllers/Home.php(28): view('Home/new.php')
 6 SYSTEMPATH/CodeIgniter.php(942): App\Controllers\Home->new()
 7 SYSTEMPATH/CodeIgniter.php(502): CodeIgniter\CodeIgniter->runController(Object(App\Controllers\Home))
 8 SYSTEMPATH/CodeIgniter.php(361): CodeIgniter\CodeIgniter->handleRequest(null, Object(Config\Cache), false)
 9 FCPATH/index.php(79): CodeIgniter\CodeIgniter->run()
10 SYSTEMPATH/Commands/Server/rewrite.php(47): require_once('/Applications/MAMP/htdocs/coursework/public/index.php')
CRITICAL - 2023-11-08 18:58:16 --> Undefined variable $home
in APPPATH/Views/Home/new.php on line 7.
 1 APPPATH/Views/Home/new.php(7): CodeIgniter\Debug\Exceptions->errorHandler(2, 'Undefined variable $home', '/Applications/MAMP/htdocs/coursework/app/Views/Home/new.php', 7)
 2 SYSTEMPATH/View/View.php(228): include('/Applications/MAMP/htdocs/coursework/app/Views/Home/new.php')
 3 SYSTEMPATH/View/View.php(231): CodeIgniter\View\View->CodeIgniter\View\{closure}()
 4 SYSTEMPATH/Common.php(1190): CodeIgniter\View\View->render('Home/new.php', [], true)
 5 APPPATH/Controllers/Home.php(28): view('Home/new.php')
 6 SYSTEMPATH/CodeIgniter.php(942): App\Controllers\Home->new()
 7 SYSTEMPATH/CodeIgniter.php(502): CodeIgniter\CodeIgniter->runController(Object(App\Controllers\Home))
 8 SYSTEMPATH/CodeIgniter.php(361): CodeIgniter\CodeIgniter->handleRequest(null, Object(Config\Cache), false)
 9 FCPATH/index.php(79): CodeIgniter\CodeIgniter->run()
10 SYSTEMPATH/Commands/Server/rewrite.php(47): require_once('/Applications/MAMP/htdocs/coursework/public/index.php')
CRITICAL - 2023-11-08 18:58:16 --> Undefined variable $home
in APPPATH/Views/Home/new.php on line 7.
 1 APPPATH/Views/Home/new.php(7): CodeIgniter\Debug\Exceptions->errorHandler(2, 'Undefined variable $home', '/Applications/MAMP/htdocs/coursework/app/Views/Home/new.php', 7)
 2 SYSTEMPATH/View/View.php(228): include('/Applications/MAMP/htdocs/coursework/app/Views/Home/new.php')
 3 SYSTEMPATH/View/View.php(231): CodeIgniter\View\View->CodeIgniter\View\{closure}()
 4 SYSTEMPATH/Common.php(1190): CodeIgniter\View\View->render('Home/new.php', [], true)
 5 APPPATH/Controllers/Home.php(28): view('Home/new.php')
 6 SYSTEMPATH/CodeIgniter.php(942): App\Controllers\Home->new()
 7 SYSTEMPATH/CodeIgniter.php(502): CodeIgniter\CodeIgniter->runController(Object(App\Controllers\Home))
 8 SYSTEMPATH/CodeIgniter.php(361): CodeIgniter\CodeIgniter->handleRequest(null, Object(Config\Cache), false)
 9 FCPATH/index.php(79): CodeIgniter\CodeIgniter->run()
10 SYSTEMPATH/Commands/Server/rewrite.php(47): require_once('/Applications/MAMP/htdocs/coursework/public/index.php')
CRITICAL - 2023-11-08 18:58:49 --> Undefined variable $home
in APPPATH/Views/Home/new.php on line 7.
 1 APPPATH/Views/Home/new.php(7): CodeIgniter\Debug\Exceptions->errorHandler(2, 'Undefined variable $home', '/Applications/MAMP/htdocs/coursework/app/Views/Home/new.php', 7)
 2 SYSTEMPATH/View/View.php(228): include('/Applications/MAMP/htdocs/coursework/app/Views/Home/new.php')
 3 SYSTEMPATH/View/View.php(231): CodeIgniter\View\View->CodeIgniter\View\{closure}()
 4 SYSTEMPATH/Common.php(1190): CodeIgniter\View\View->render('Home/new.php', [], true)
 5 APPPATH/Controllers/Home.php(28): view('Home/new.php')
 6 SYSTEMPATH/CodeIgniter.php(942): App\Controllers\Home->new()
 7 SYSTEMPATH/CodeIgniter.php(502): CodeIgniter\CodeIgniter->runController(Object(App\Controllers\Home))
 8 SYSTEMPATH/CodeIgniter.php(361): CodeIgniter\CodeIgniter->handleRequest(null, Object(Config\Cache), false)
 9 FCPATH/index.php(79): CodeIgniter\CodeIgniter->run()
10 SYSTEMPATH/Commands/Server/rewrite.php(47): require_once('/Applications/MAMP/htdocs/coursework/public/index.php')
CRITICAL - 2023-11-08 18:58:54 --> Undefined variable $home
in APPPATH/Views/Home/new.php on line 7.
 1 APPPATH/Views/Home/new.php(7): CodeIgniter\Debug\Exceptions->errorHandler(2, 'Undefined variable $home', '/Applications/MAMP/htdocs/coursework/app/Views/Home/new.php', 7)
 2 SYSTEMPATH/View/View.php(228): include('/Applications/MAMP/htdocs/coursework/app/Views/Home/new.php')
 3 SYSTEMPATH/View/View.php(231): CodeIgniter\View\View->CodeIgniter\View\{closure}()
 4 SYSTEMPATH/Common.php(1190): CodeIgniter\View\View->render('Home/new.php', [], true)
 5 APPPATH/Controllers/Home.php(28): view('Home/new.php')
 6 SYSTEMPATH/CodeIgniter.php(942): App\Controllers\Home->new()
 7 SYSTEMPATH/CodeIgniter.php(502): CodeIgniter\CodeIgniter->runController(Object(App\Controllers\Home))
 8 SYSTEMPATH/CodeIgniter.php(361): CodeIgniter\CodeIgniter->handleRequest(null, Object(Config\Cache), false)
 9 FCPATH/index.php(79): CodeIgniter\CodeIgniter->run()
10 SYSTEMPATH/Commands/Server/rewrite.php(47): require_once('/Applications/MAMP/htdocs/coursework/public/index.php')
CRITICAL - 2023-11-08 19:08:35 --> Undefined variable $home
in APPPATH/Views/Home/new.php on line 7.
 1 APPPATH/Views/Home/new.php(7): CodeIgniter\Debug\Exceptions->errorHandler(2, 'Undefined variable $home', '/Applications/MAMP/htdocs/coursework/app/Views/Home/new.php', 7)
 2 SYSTEMPATH/View/View.php(228): include('/Applications/MAMP/htdocs/coursework/app/Views/Home/new.php')
 3 SYSTEMPATH/View/View.php(231): CodeIgniter\View\View->CodeIgniter\View\{closure}()
 4 SYSTEMPATH/Common.php(1190): CodeIgniter\View\View->render('Home/new.php', [], true)
 5 APPPATH/Controllers/Home.php(28): view('Home/new.php')
 6 SYSTEMPATH/CodeIgniter.php(942): App\Controllers\Home->new()
 7 SYSTEMPATH/CodeIgniter.php(502): CodeIgniter\CodeIgniter->runController(Object(App\Controllers\Home))
 8 SYSTEMPATH/CodeIgniter.php(361): CodeIgniter\CodeIgniter->handleRequest(null, Object(Config\Cache), false)
 9 FCPATH/index.php(79): CodeIgniter\CodeIgniter->run()
10 SYSTEMPATH/Commands/Server/rewrite.php(47): require_once('/Applications/MAMP/htdocs/coursework/public/index.php')
CRITICAL - 2023-11-08 22:50:05 --> Class App\Database\Migrations\CategoryDb contains 1 abstract method and must therefore be declared abstract or implement the remaining methods (CodeIgniter\Database\Migration::down)
in APPPATH/Database/Migrations/2023-11-03-021121_WalletDb.php on line 141.
 1 [internal function]: CodeIgniter\Debug\Exceptions->shutdownHandler()
CRITICAL - 2023-11-08 22:57:29 --> Class App\Database\Migrations\CategoryDb contains 1 abstract method and must therefore be declared abstract or implement the remaining methods (CodeIgniter\Database\Migration::down)
in APPPATH/Database/Migrations/2023-11-03-021121_WalletDb.php on line 141.
 1 [internal function]: CodeIgniter\Debug\Exceptions->shutdownHandler()
ERROR - 2023-11-08 23:01:53 --> mysqli_sql_exception: Cannot add foreign key constraint in /Applications/MAMP/htdocs/coursework/system/Database/MySQLi/Connection.php:306
Stack trace:
#0 /Applications/MAMP/htdocs/coursework/system/Database/MySQLi/Connection.php(306): mysqli->query('CREATE TABLE `c...', 0)
#1 /Applications/MAMP/htdocs/coursework/system/Database/BaseConnection.php(693): CodeIgniter\Database\MySQLi\Connection->execute('CREATE TABLE `c...')
#2 /Applications/MAMP/htdocs/coursework/system/Database/BaseConnection.php(607): CodeIgniter\Database\BaseConnection->simpleQuery('CREATE TABLE `c...')
#3 /Applications/MAMP/htdocs/coursework/system/Database/Forge.php(546): CodeIgniter\Database\BaseConnection->query('CREATE TABLE `c...')
#4 /Applications/MAMP/htdocs/coursework/app/Database/Migrations/2023-11-03-021121_WalletDb.php(215): CodeIgniter\Database\Forge->createTable('category')
#5 /Applications/MAMP/htdocs/coursework/system/Database/MigrationRunner.php(873): App\Database\Migrations\CategoryDb->up()
#6 /Applications/MAMP/htdocs/coursework/system/Database/MigrationRunner.php(188): CodeIgniter\Database\MigrationRunner->migrate('up', Object(stdClass))
#7 /Applications/MAMP/htdocs/coursework/system/Commands/Database/Migrate.php(84): CodeIgniter\Database\MigrationRunner->latest(NULL)
#8 /Applications/MAMP/htdocs/coursework/system/CLI/Commands.php(65): CodeIgniter\Commands\Database\Migrate->run(Array)
#9 /Applications/MAMP/htdocs/coursework/system/CLI/Console.php(46): CodeIgniter\CLI\Commands->run('migrate', Array)
#10 /Applications/MAMP/htdocs/coursework/spark(102): CodeIgniter\CLI\Console->run()
#11 {main}
ERROR - 2023-11-08 23:12:53 --> mysqli_sql_exception: Cannot add foreign key constraint in /Applications/MAMP/htdocs/coursework/system/Database/MySQLi/Connection.php:306
Stack trace:
#0 /Applications/MAMP/htdocs/coursework/system/Database/MySQLi/Connection.php(306): mysqli->query('CREATE TABLE `c...', 0)
#1 /Applications/MAMP/htdocs/coursework/system/Database/BaseConnection.php(693): CodeIgniter\Database\MySQLi\Connection->execute('CREATE TABLE `c...')
#2 /Applications/MAMP/htdocs/coursework/system/Database/BaseConnection.php(607): CodeIgniter\Database\BaseConnection->simpleQuery('CREATE TABLE `c...')
#3 /Applications/MAMP/htdocs/coursework/system/Database/Forge.php(546): CodeIgniter\Database\BaseConnection->query('CREATE TABLE `c...')
#4 /Applications/MAMP/htdocs/coursework/app/Database/Migrations/2023-11-03-021121_WalletDb.php(215): CodeIgniter\Database\Forge->createTable('category')
#5 /Applications/MAMP/htdocs/coursework/system/Database/MigrationRunner.php(873): App\Database\Migrations\CategoryDb->up()
#6 /Applications/MAMP/htdocs/coursework/system/Database/MigrationRunner.php(188): CodeIgniter\Database\MigrationRunner->migrate('up', Object(stdClass))
#7 /Applications/MAMP/htdocs/coursework/system/Commands/Database/Migrate.php(84): CodeIgniter\Database\MigrationRunner->latest(NULL)
#8 /Applications/MAMP/htdocs/coursework/system/CLI/Commands.php(65): CodeIgniter\Commands\Database\Migrate->run(Array)
#9 /Applications/MAMP/htdocs/coursework/system/CLI/Console.php(46): CodeIgniter\CLI\Commands->run('migrate', Array)
#10 /Applications/MAMP/htdocs/coursework/spark(102): CodeIgniter\CLI\Console->run()
#11 {main}
ERROR - 2023-11-08 23:15:40 --> mysqli_sql_exception: Cannot add foreign key constraint in /Applications/MAMP/htdocs/coursework/system/Database/MySQLi/Connection.php:306
Stack trace:
#0 /Applications/MAMP/htdocs/coursework/system/Database/MySQLi/Connection.php(306): mysqli->query('CREATE TABLE `c...', 0)
#1 /Applications/MAMP/htdocs/coursework/system/Database/BaseConnection.php(693): CodeIgniter\Database\MySQLi\Connection->execute('CREATE TABLE `c...')
#2 /Applications/MAMP/htdocs/coursework/system/Database/BaseConnection.php(607): CodeIgniter\Database\BaseConnection->simpleQuery('CREATE TABLE `c...')
#3 /Applications/MAMP/htdocs/coursework/system/Database/Forge.php(546): CodeIgniter\Database\BaseConnection->query('CREATE TABLE `c...')
#4 /Applications/MAMP/htdocs/coursework/app/Database/Migrations/2023-11-03-021121_WalletDb.php(215): CodeIgniter\Database\Forge->createTable('category_db')
#5 /Applications/MAMP/htdocs/coursework/system/Database/MigrationRunner.php(873): App\Database\Migrations\CategoryDb->up()
#6 /Applications/MAMP/htdocs/coursework/system/Database/MigrationRunner.php(188): CodeIgniter\Database\MigrationRunner->migrate('up', Object(stdClass))
#7 /Applications/MAMP/htdocs/coursework/system/Commands/Database/Migrate.php(84): CodeIgniter\Database\MigrationRunner->latest(NULL)
#8 /Applications/MAMP/htdocs/coursework/system/CLI/Commands.php(65): CodeIgniter\Commands\Database\Migrate->run(Array)
#9 /Applications/MAMP/htdocs/coursework/system/CLI/Console.php(46): CodeIgniter\CLI\Commands->run('migrate', Array)
#10 /Applications/MAMP/htdocs/coursework/spark(102): CodeIgniter\CLI\Console->run()
#11 {main}
ERROR - 2023-11-08 23:16:31 --> mysqli_sql_exception: Incorrect table definition; there can be only one auto column and it must be defined as a key in /Applications/MAMP/htdocs/coursework/system/Database/MySQLi/Connection.php:306
Stack trace:
#0 /Applications/MAMP/htdocs/coursework/system/Database/MySQLi/Connection.php(306): mysqli->query('CREATE TABLE `c...', 0)
#1 /Applications/MAMP/htdocs/coursework/system/Database/BaseConnection.php(693): CodeIgniter\Database\MySQLi\Connection->execute('CREATE TABLE `c...')
#2 /Applications/MAMP/htdocs/coursework/system/Database/BaseConnection.php(607): CodeIgniter\Database\BaseConnection->simpleQuery('CREATE TABLE `c...')
#3 /Applications/MAMP/htdocs/coursework/system/Database/Forge.php(546): CodeIgniter\Database\BaseConnection->query('CREATE TABLE `c...')
#4 /Applications/MAMP/htdocs/coursework/app/Database/Migrations/2023-11-03-021121_WalletDb.php(215): CodeIgniter\Database\Forge->createTable('category')
#5 /Applications/MAMP/htdocs/coursework/system/Database/MigrationRunner.php(873): App\Database\Migrations\CategoryDb->up()
#6 /Applications/MAMP/htdocs/coursework/system/Database/MigrationRunner.php(188): CodeIgniter\Database\MigrationRunner->migrate('up', Object(stdClass))
#7 /Applications/MAMP/htdocs/coursework/system/Commands/Database/Migrate.php(84): CodeIgniter\Database\MigrationRunner->latest(NULL)
#8 /Applications/MAMP/htdocs/coursework/system/CLI/Commands.php(65): CodeIgniter\Commands\Database\Migrate->run(Array)
#9 /Applications/MAMP/htdocs/coursework/system/CLI/Console.php(46): CodeIgniter\CLI\Commands->run('migrate', Array)
#10 /Applications/MAMP/htdocs/coursework/spark(102): CodeIgniter\CLI\Console->run()
#11 {main}
ERROR - 2023-11-08 23:19:11 --> mysqli_sql_exception: Cannot add foreign key constraint in /Applications/MAMP/htdocs/coursework/system/Database/MySQLi/Connection.php:306
Stack trace:
#0 /Applications/MAMP/htdocs/coursework/system/Database/MySQLi/Connection.php(306): mysqli->query('CREATE TABLE `c...', 0)
#1 /Applications/MAMP/htdocs/coursework/system/Database/BaseConnection.php(693): CodeIgniter\Database\MySQLi\Connection->execute('CREATE TABLE `c...')
#2 /Applications/MAMP/htdocs/coursework/system/Database/BaseConnection.php(607): CodeIgniter\Database\BaseConnection->simpleQuery('CREATE TABLE `c...')
#3 /Applications/MAMP/htdocs/coursework/system/Database/Forge.php(546): CodeIgniter\Database\BaseConnection->query('CREATE TABLE `c...')
#4 /Applications/MAMP/htdocs/coursework/app/Database/Migrations/2023-11-03-021121_WalletDb.php(216): CodeIgniter\Database\Forge->createTable('category')
#5 /Applications/MAMP/htdocs/coursework/system/Database/MigrationRunner.php(873): App\Database\Migrations\CategoryDb->up()
#6 /Applications/MAMP/htdocs/coursework/system/Database/MigrationRunner.php(188): CodeIgniter\Database\MigrationRunner->migrate('up', Object(stdClass))
#7 /Applications/MAMP/htdocs/coursework/system/Commands/Database/Migrate.php(84): CodeIgniter\Database\MigrationRunner->latest(NULL)
#8 /Applications/MAMP/htdocs/coursework/system/CLI/Commands.php(65): CodeIgniter\Commands\Database\Migrate->run(Array)
#9 /Applications/MAMP/htdocs/coursework/system/CLI/Console.php(46): CodeIgniter\CLI\Commands->run('migrate', Array)
#10 /Applications/MAMP/htdocs/coursework/spark(102): CodeIgniter\CLI\Console->run()
#11 {main}
ERROR - 2023-11-08 23:19:29 --> mysqli_sql_exception: Incorrect table definition; there can be only one auto column and it must be defined as a key in /Applications/MAMP/htdocs/coursework/system/Database/MySQLi/Connection.php:306
Stack trace:
#0 /Applications/MAMP/htdocs/coursework/system/Database/MySQLi/Connection.php(306): mysqli->query('CREATE TABLE `c...', 0)
#1 /Applications/MAMP/htdocs/coursework/system/Database/BaseConnection.php(693): CodeIgniter\Database\MySQLi\Connection->execute('CREATE TABLE `c...')
#2 /Applications/MAMP/htdocs/coursework/system/Database/BaseConnection.php(607): CodeIgniter\Database\BaseConnection->simpleQuery('CREATE TABLE `c...')
#3 /Applications/MAMP/htdocs/coursework/system/Database/Forge.php(546): CodeIgniter\Database\BaseConnection->query('CREATE TABLE `c...')
#4 /Applications/MAMP/htdocs/coursework/app/Database/Migrations/2023-11-03-021121_WalletDb.php(216): CodeIgniter\Database\Forge->createTable('category')
#5 /Applications/MAMP/htdocs/coursework/system/Database/MigrationRunner.php(873): App\Database\Migrations\CategoryDb->up()
#6 /Applications/MAMP/htdocs/coursework/system/Database/MigrationRunner.php(188): CodeIgniter\Database\MigrationRunner->migrate('up', Object(stdClass))
#7 /Applications/MAMP/htdocs/coursework/system/Commands/Database/Migrate.php(84): CodeIgniter\Database\MigrationRunner->latest(NULL)
#8 /Applications/MAMP/htdocs/coursework/system/CLI/Commands.php(65): CodeIgniter\Commands\Database\Migrate->run(Array)
#9 /Applications/MAMP/htdocs/coursework/system/CLI/Console.php(46): CodeIgniter\CLI\Commands->run('migrate', Array)
#10 /Applications/MAMP/htdocs/coursework/spark(102): CodeIgniter\CLI\Console->run()
#11 {main}
CRITICAL - 2023-11-08 23:59:06 --> Class "App\Controllers\CI_Controller" not found
in APPPATH/Controllers/charts.php on line 18.
 1 SYSTEMPATH/Autoloader/Autoloader.php(312): include_once()
 2 SYSTEMPATH/Autoloader/Autoloader.php(291): CodeIgniter\Autoloader\Autoloader->includeFile('/Applications/MAMP/htdocs/coursework/app/Controllers/charts.php')
 3 SYSTEMPATH/Autoloader/Autoloader.php(269): CodeIgniter\Autoloader\Autoloader->loadInNamespace('App\\Controllers\\charts')
 4 [internal function]: CodeIgniter\Autoloader\Autoloader->loadClass('App\\Controllers\\charts')
 5 SYSTEMPATH/CodeIgniter.php(900): class_exists('\\App\\Controllers\\charts', true)
 6 SYSTEMPATH/CodeIgniter.php(489): CodeIgniter\CodeIgniter->startController()
 7 SYSTEMPATH/CodeIgniter.php(361): CodeIgniter\CodeIgniter->handleRequest(null, Object(Config\Cache), false)
 8 FCPATH/index.php(79): CodeIgniter\CodeIgniter->run()
 9 SYSTEMPATH/Commands/Server/rewrite.php(47): require_once('/Applications/MAMP/htdocs/coursework/public/index.php')
