CRITICAL - 2023-11-06 11:32:42 --> Undefined array key "id"
in APPPATH/Views/Home/index.php on line 9.
 1 APPPATH/Views/Home/index.php(9): CodeIgniter\Debug\Exceptions->errorHandler(2, 'Undefined array key "id"', '/Applications/MAMP/htdocs/coursework/app/Views/Home/index.php', 9)
 2 SYSTEMPATH/View/View.php(228): include('/Applications/MAMP/htdocs/coursework/app/Views/Home/index.php')
 3 SYSTEMPATH/View/View.php(231): CodeIgniter\View\View->CodeIgniter\View\{closure}()
 4 SYSTEMPATH/Common.php(1190): CodeIgniter\View\View->render('Home/index.php', [], true)
 5 APPPATH/Controllers/Home.php(12): view('Home/index.php', [...])
 6 SYSTEMPATH/CodeIgniter.php(942): App\Controllers\Home->index()
 7 SYSTEMPATH/CodeIgniter.php(502): CodeIgniter\CodeIgniter->runController(Object(App\Controllers\Home))
 8 SYSTEMPATH/CodeIgniter.php(361): CodeIgniter\CodeIgniter->handleRequest(null, Object(Config\Cache), false)
 9 FCPATH/index.php(79): CodeIgniter\CodeIgniter->run()
10 SYSTEMPATH/Commands/Server/rewrite.php(47): require_once('/Applications/MAMP/htdocs/coursework/public/index.php')
CRITICAL - 2023-11-06 11:40:33 --> Undefined array key "id"
in APPPATH/Views/Home/index.php on line 9.
 1 APPPATH/Views/Home/index.php(9): CodeIgniter\Debug\Exceptions->errorHandler(2, 'Undefined array key "id"', '/Applications/MAMP/htdocs/coursework/app/Views/Home/index.php', 9)
 2 SYSTEMPATH/View/View.php(228): include('/Applications/MAMP/htdocs/coursework/app/Views/Home/index.php')
 3 SYSTEMPATH/View/View.php(231): CodeIgniter\View\View->CodeIgniter\View\{closure}()
 4 SYSTEMPATH/Common.php(1190): CodeIgniter\View\View->render('Home/index.php', [], true)
 5 APPPATH/Controllers/Home.php(12): view('Home/index.php', [...])
 6 SYSTEMPATH/CodeIgniter.php(942): App\Controllers\Home->index()
 7 SYSTEMPATH/CodeIgniter.php(502): CodeIgniter\CodeIgniter->runController(Object(App\Controllers\Home))
 8 SYSTEMPATH/CodeIgniter.php(361): CodeIgniter\CodeIgniter->handleRequest(null, Object(Config\Cache), false)
 9 FCPATH/index.php(79): CodeIgniter\CodeIgniter->run()
10 SYSTEMPATH/Commands/Server/rewrite.php(47): require_once('/Applications/MAMP/htdocs/coursework/public/index.php')
CRITICAL - 2023-11-06 11:40:35 --> Undefined array key "id"
in APPPATH/Views/Home/index.php on line 9.
 1 APPPATH/Views/Home/index.php(9): CodeIgniter\Debug\Exceptions->errorHandler(2, 'Undefined array key "id"', '/Applications/MAMP/htdocs/coursework/app/Views/Home/index.php', 9)
 2 SYSTEMPATH/View/View.php(228): include('/Applications/MAMP/htdocs/coursework/app/Views/Home/index.php')
 3 SYSTEMPATH/View/View.php(231): CodeIgniter\View\View->CodeIgniter\View\{closure}()
 4 SYSTEMPATH/Common.php(1190): CodeIgniter\View\View->render('Home/index.php', [], true)
 5 APPPATH/Controllers/Home.php(12): view('Home/index.php', [...])
 6 SYSTEMPATH/CodeIgniter.php(942): App\Controllers\Home->index()
 7 SYSTEMPATH/CodeIgniter.php(502): CodeIgniter\CodeIgniter->runController(Object(App\Controllers\Home))
 8 SYSTEMPATH/CodeIgniter.php(361): CodeIgniter\CodeIgniter->handleRequest(null, Object(Config\Cache), false)
 9 FCPATH/index.php(79): CodeIgniter\CodeIgniter->run()
10 SYSTEMPATH/Commands/Server/rewrite.php(47): require_once('/Applications/MAMP/htdocs/coursework/public/index.php')
CRITICAL - 2023-11-06 11:41:20 --> Undefined constant "id"
in APPPATH/Views/Home/index.php on line 9.
 1 SYSTEMPATH/View/View.php(228): include()
 2 SYSTEMPATH/View/View.php(231): CodeIgniter\View\View->CodeIgniter\View\{closure}()
 3 SYSTEMPATH/Common.php(1190): CodeIgniter\View\View->render('Home/index.php', [], true)
 4 APPPATH/Controllers/Home.php(12): view('Home/index.php', [...])
 5 SYSTEMPATH/CodeIgniter.php(942): App\Controllers\Home->index()
 6 SYSTEMPATH/CodeIgniter.php(502): CodeIgniter\CodeIgniter->runController(Object(App\Controllers\Home))
 7 SYSTEMPATH/CodeIgniter.php(361): CodeIgniter\CodeIgniter->handleRequest(null, Object(Config\Cache), false)
 8 FCPATH/index.php(79): CodeIgniter\CodeIgniter->run()
 9 SYSTEMPATH/Commands/Server/rewrite.php(47): require_once('/Applications/MAMP/htdocs/coursework/public/index.php')
CRITICAL - 2023-11-06 11:44:32 --> Undefined array key "id"
in APPPATH/Views/Home/index.php on line 9.
 1 APPPATH/Views/Home/index.php(9): CodeIgniter\Debug\Exceptions->errorHandler(2, 'Undefined array key "id"', '/Applications/MAMP/htdocs/coursework/app/Views/Home/index.php', 9)
 2 SYSTEMPATH/View/View.php(228): include('/Applications/MAMP/htdocs/coursework/app/Views/Home/index.php')
 3 SYSTEMPATH/View/View.php(231): CodeIgniter\View\View->CodeIgniter\View\{closure}()
 4 SYSTEMPATH/Common.php(1190): CodeIgniter\View\View->render('Home/index.php', [], true)
 5 APPPATH/Controllers/Home.php(12): view('Home/index.php', [...])
 6 SYSTEMPATH/CodeIgniter.php(942): App\Controllers\Home->index()
 7 SYSTEMPATH/CodeIgniter.php(502): CodeIgniter\CodeIgniter->runController(Object(App\Controllers\Home))
 8 SYSTEMPATH/CodeIgniter.php(361): CodeIgniter\CodeIgniter->handleRequest(null, Object(Config\Cache), false)
 9 FCPATH/index.php(79): CodeIgniter\CodeIgniter->run()
10 SYSTEMPATH/Commands/Server/rewrite.php(47): require_once('/Applications/MAMP/htdocs/coursework/public/index.php')
CRITICAL - 2023-11-06 12:00:38 --> preg_match(): Compilation failed: missing closing parenthesis at offset 9
in SYSTEMPATH/Router/Router.php on line 424.
 1 [internal function]: CodeIgniter\Debug\Exceptions->errorHandler(2, 'preg_match(): Compilation failed: missing closing parenthesis at offset 9', '/Applications/MAMP/htdocs/coursework/system/Router/Router.php', 424)
 2 SYSTEMPATH/Router/Router.php(424): preg_match('#^([0-9]+$#u', 'show', [])
 3 SYSTEMPATH/Router/Router.php(186): CodeIgniter\Router\Router->checkRoutes('show')
 4 SYSTEMPATH/CodeIgniter.php(823): CodeIgniter\Router\Router->handle('show')
 5 SYSTEMPATH/CodeIgniter.php(450): CodeIgniter\CodeIgniter->tryToRouteIt(Object(CodeIgniter\Router\RouteCollection))
 6 SYSTEMPATH/CodeIgniter.php(361): CodeIgniter\CodeIgniter->handleRequest(null, Object(Config\Cache), false)
 7 FCPATH/index.php(79): CodeIgniter\CodeIgniter->run()
 8 SYSTEMPATH/Commands/Server/rewrite.php(47): require_once('/Applications/MAMP/htdocs/coursework/public/index.php')
CRITICAL - 2023-11-06 12:09:43 --> preg_match(): Compilation failed: missing closing parenthesis at offset 9
in SYSTEMPATH/Router/Router.php on line 424.
 1 [internal function]: CodeIgniter\Debug\Exceptions->errorHandler(2, 'preg_match(): Compilation failed: missing closing parenthesis at offset 9', '/Applications/MAMP/htdocs/coursework/system/Router/Router.php', 424)
 2 SYSTEMPATH/Router/Router.php(424): preg_match('#^([0-9]+$#u', 'show', [])
 3 SYSTEMPATH/Router/Router.php(186): CodeIgniter\Router\Router->checkRoutes('show')
 4 SYSTEMPATH/CodeIgniter.php(823): CodeIgniter\Router\Router->handle('show')
 5 SYSTEMPATH/CodeIgniter.php(450): CodeIgniter\CodeIgniter->tryToRouteIt(Object(CodeIgniter\Router\RouteCollection))
 6 SYSTEMPATH/CodeIgniter.php(361): CodeIgniter\CodeIgniter->handleRequest(null, Object(Config\Cache), false)
 7 FCPATH/index.php(79): CodeIgniter\CodeIgniter->run()
 8 SYSTEMPATH/Commands/Server/rewrite.php(47): require_once('/Applications/MAMP/htdocs/coursework/public/index.php')
CRITICAL - 2023-11-06 12:10:15 --> preg_match(): Compilation failed: missing closing parenthesis at offset 9
in SYSTEMPATH/Router/Router.php on line 424.
 1 [internal function]: CodeIgniter\Debug\Exceptions->errorHandler(2, 'preg_match(): Compilation failed: missing closing parenthesis at offset 9', '/Applications/MAMP/htdocs/coursework/system/Router/Router.php', 424)
 2 SYSTEMPATH/Router/Router.php(424): preg_match('#^([0-9]+$#u', 'show', [])
 3 SYSTEMPATH/Router/Router.php(186): CodeIgniter\Router\Router->checkRoutes('show')
 4 SYSTEMPATH/CodeIgniter.php(823): CodeIgniter\Router\Router->handle('show')
 5 SYSTEMPATH/CodeIgniter.php(450): CodeIgniter\CodeIgniter->tryToRouteIt(Object(CodeIgniter\Router\RouteCollection))
 6 SYSTEMPATH/CodeIgniter.php(361): CodeIgniter\CodeIgniter->handleRequest(null, Object(Config\Cache), false)
 7 FCPATH/index.php(79): CodeIgniter\CodeIgniter->run()
 8 SYSTEMPATH/Commands/Server/rewrite.php(47): require_once('/Applications/MAMP/htdocs/coursework/public/index.php')
CRITICAL - 2023-11-06 12:11:17 --> preg_match(): Compilation failed: missing closing parenthesis at offset 9
in SYSTEMPATH/Router/Router.php on line 424.
 1 [internal function]: CodeIgniter\Debug\Exceptions->errorHandler(2, 'preg_match(): Compilation failed: missing closing parenthesis at offset 9', '/Applications/MAMP/htdocs/coursework/system/Router/Router.php', 424)
 2 SYSTEMPATH/Router/Router.php(424): preg_match('#^([0-9]+$#u', 'show/1', [])
 3 SYSTEMPATH/Router/Router.php(186): CodeIgniter\Router\Router->checkRoutes('show/1')
 4 SYSTEMPATH/CodeIgniter.php(823): CodeIgniter\Router\Router->handle('show/1')
 5 SYSTEMPATH/CodeIgniter.php(450): CodeIgniter\CodeIgniter->tryToRouteIt(Object(CodeIgniter\Router\RouteCollection))
 6 SYSTEMPATH/CodeIgniter.php(361): CodeIgniter\CodeIgniter->handleRequest(null, Object(Config\Cache), false)
 7 FCPATH/index.php(79): CodeIgniter\CodeIgniter->run()
 8 SYSTEMPATH/Commands/Server/rewrite.php(47): require_once('/Applications/MAMP/htdocs/coursework/public/index.php')
CRITICAL - 2023-11-06 12:11:22 --> preg_match(): Compilation failed: missing closing parenthesis at offset 9
in SYSTEMPATH/Router/Router.php on line 424.
 1 [internal function]: CodeIgniter\Debug\Exceptions->errorHandler(2, 'preg_match(): Compilation failed: missing closing parenthesis at offset 9', '/Applications/MAMP/htdocs/coursework/system/Router/Router.php', 424)
 2 SYSTEMPATH/Router/Router.php(424): preg_match('#^([0-9]+$#u', 'show/2', [])
 3 SYSTEMPATH/Router/Router.php(186): CodeIgniter\Router\Router->checkRoutes('show/2')
 4 SYSTEMPATH/CodeIgniter.php(823): CodeIgniter\Router\Router->handle('show/2')
 5 SYSTEMPATH/CodeIgniter.php(450): CodeIgniter\CodeIgniter->tryToRouteIt(Object(CodeIgniter\Router\RouteCollection))
 6 SYSTEMPATH/CodeIgniter.php(361): CodeIgniter\CodeIgniter->handleRequest(null, Object(Config\Cache), false)
 7 FCPATH/index.php(79): CodeIgniter\CodeIgniter->run()
 8 SYSTEMPATH/Commands/Server/rewrite.php(47): require_once('/Applications/MAMP/htdocs/coursework/public/index.php')
CRITICAL - 2023-11-06 12:14:19 --> preg_match(): Compilation failed: missing closing parenthesis at offset 9
in SYSTEMPATH/Router/Router.php on line 424.
 1 [internal function]: CodeIgniter\Debug\Exceptions->errorHandler(2, 'preg_match(): Compilation failed: missing closing parenthesis at offset 9', '/Applications/MAMP/htdocs/coursework/system/Router/Router.php', 424)
 2 SYSTEMPATH/Router/Router.php(424): preg_match('#^([0-9]+$#u', 'show/2', [])
 3 SYSTEMPATH/Router/Router.php(186): CodeIgniter\Router\Router->checkRoutes('show/2')
 4 SYSTEMPATH/CodeIgniter.php(823): CodeIgniter\Router\Router->handle('show/2')
 5 SYSTEMPATH/CodeIgniter.php(450): CodeIgniter\CodeIgniter->tryToRouteIt(Object(CodeIgniter\Router\RouteCollection))
 6 SYSTEMPATH/CodeIgniter.php(361): CodeIgniter\CodeIgniter->handleRequest(null, Object(Config\Cache), false)
 7 FCPATH/index.php(79): CodeIgniter\CodeIgniter->run()
 8 SYSTEMPATH/Commands/Server/rewrite.php(47): require_once('/Applications/MAMP/htdocs/coursework/public/index.php')
CRITICAL - 2023-11-06 12:14:24 --> preg_match(): Compilation failed: missing closing parenthesis at offset 9
in SYSTEMPATH/Router/Router.php on line 424.
 1 [internal function]: CodeIgniter\Debug\Exceptions->errorHandler(2, 'preg_match(): Compilation failed: missing closing parenthesis at offset 9', '/Applications/MAMP/htdocs/coursework/system/Router/Router.php', 424)
 2 SYSTEMPATH/Router/Router.php(424): preg_match('#^([0-9]+$#u', 'show', [])
 3 SYSTEMPATH/Router/Router.php(186): CodeIgniter\Router\Router->checkRoutes('show')
 4 SYSTEMPATH/CodeIgniter.php(823): CodeIgniter\Router\Router->handle('show')
 5 SYSTEMPATH/CodeIgniter.php(450): CodeIgniter\CodeIgniter->tryToRouteIt(Object(CodeIgniter\Router\RouteCollection))
 6 SYSTEMPATH/CodeIgniter.php(361): CodeIgniter\CodeIgniter->handleRequest(null, Object(Config\Cache), false)
 7 FCPATH/index.php(79): CodeIgniter\CodeIgniter->run()
 8 SYSTEMPATH/Commands/Server/rewrite.php(47): require_once('/Applications/MAMP/htdocs/coursework/public/index.php')
CRITICAL - 2023-11-06 12:15:16 --> preg_match(): Compilation failed: missing closing parenthesis at offset 9
in SYSTEMPATH/Router/Router.php on line 424.
 1 [internal function]: CodeIgniter\Debug\Exceptions->errorHandler(2, 'preg_match(): Compilation failed: missing closing parenthesis at offset 9', '/Applications/MAMP/htdocs/coursework/system/Router/Router.php', 424)
 2 SYSTEMPATH/Router/Router.php(424): preg_match('#^([0-9]+$#u', 'show', [])
 3 SYSTEMPATH/Router/Router.php(186): CodeIgniter\Router\Router->checkRoutes('show')
 4 SYSTEMPATH/CodeIgniter.php(823): CodeIgniter\Router\Router->handle('show')
 5 SYSTEMPATH/CodeIgniter.php(450): CodeIgniter\CodeIgniter->tryToRouteIt(Object(CodeIgniter\Router\RouteCollection))
 6 SYSTEMPATH/CodeIgniter.php(361): CodeIgniter\CodeIgniter->handleRequest(null, Object(Config\Cache), false)
 7 FCPATH/index.php(79): CodeIgniter\CodeIgniter->run()
 8 SYSTEMPATH/Commands/Server/rewrite.php(47): require_once('/Applications/MAMP/htdocs/coursework/public/index.php')
CRITICAL - 2023-11-06 12:15:18 --> preg_match(): Compilation failed: missing closing parenthesis at offset 9
in SYSTEMPATH/Router/Router.php on line 424.
 1 [internal function]: CodeIgniter\Debug\Exceptions->errorHandler(2, 'preg_match(): Compilation failed: missing closing parenthesis at offset 9', '/Applications/MAMP/htdocs/coursework/system/Router/Router.php', 424)
 2 SYSTEMPATH/Router/Router.php(424): preg_match('#^([0-9]+$#u', 'show', [])
 3 SYSTEMPATH/Router/Router.php(186): CodeIgniter\Router\Router->checkRoutes('show')
 4 SYSTEMPATH/CodeIgniter.php(823): CodeIgniter\Router\Router->handle('show')
 5 SYSTEMPATH/CodeIgniter.php(450): CodeIgniter\CodeIgniter->tryToRouteIt(Object(CodeIgniter\Router\RouteCollection))
 6 SYSTEMPATH/CodeIgniter.php(361): CodeIgniter\CodeIgniter->handleRequest(null, Object(Config\Cache), false)
 7 FCPATH/index.php(79): CodeIgniter\CodeIgniter->run()
 8 SYSTEMPATH/Commands/Server/rewrite.php(47): require_once('/Applications/MAMP/htdocs/coursework/public/index.php')
CRITICAL - 2023-11-06 12:16:12 --> preg_match(): Compilation failed: missing closing parenthesis at offset 9
in SYSTEMPATH/Router/Router.php on line 424.
 1 [internal function]: CodeIgniter\Debug\Exceptions->errorHandler(2, 'preg_match(): Compilation failed: missing closing parenthesis at offset 9', '/Applications/MAMP/htdocs/coursework/system/Router/Router.php', 424)
 2 SYSTEMPATH/Router/Router.php(424): preg_match('#^([0-9]+$#u', 'show', [])
 3 SYSTEMPATH/Router/Router.php(186): CodeIgniter\Router\Router->checkRoutes('show')
 4 SYSTEMPATH/CodeIgniter.php(823): CodeIgniter\Router\Router->handle('show')
 5 SYSTEMPATH/CodeIgniter.php(450): CodeIgniter\CodeIgniter->tryToRouteIt(Object(CodeIgniter\Router\RouteCollection))
 6 SYSTEMPATH/CodeIgniter.php(361): CodeIgniter\CodeIgniter->handleRequest(null, Object(Config\Cache), false)
 7 FCPATH/index.php(79): CodeIgniter\CodeIgniter->run()
 8 SYSTEMPATH/Commands/Server/rewrite.php(47): require_once('/Applications/MAMP/htdocs/coursework/public/index.php')
CRITICAL - 2023-11-06 12:21:26 --> preg_match(): Compilation failed: missing closing parenthesis at offset 9
in SYSTEMPATH/Router/Router.php on line 424.
 1 [internal function]: CodeIgniter\Debug\Exceptions->errorHandler(2, 'preg_match(): Compilation failed: missing closing parenthesis at offset 9', '/Applications/MAMP/htdocs/coursework/system/Router/Router.php', 424)
 2 SYSTEMPATH/Router/Router.php(424): preg_match('#^([0-9]+$#u', 'show', [])
 3 SYSTEMPATH/Router/Router.php(186): CodeIgniter\Router\Router->checkRoutes('show')
 4 SYSTEMPATH/CodeIgniter.php(823): CodeIgniter\Router\Router->handle('show')
 5 SYSTEMPATH/CodeIgniter.php(450): CodeIgniter\CodeIgniter->tryToRouteIt(Object(CodeIgniter\Router\RouteCollection))
 6 SYSTEMPATH/CodeIgniter.php(361): CodeIgniter\CodeIgniter->handleRequest(null, Object(Config\Cache), false)
 7 FCPATH/index.php(79): CodeIgniter\CodeIgniter->run()
 8 SYSTEMPATH/Commands/Server/rewrite.php(47): require_once('/Applications/MAMP/htdocs/coursework/public/index.php')
CRITICAL - 2023-11-06 12:21:54 --> preg_match(): Compilation failed: missing closing parenthesis at offset 9
in SYSTEMPATH/Router/Router.php on line 424.
 1 [internal function]: CodeIgniter\Debug\Exceptions->errorHandler(2, 'preg_match(): Compilation failed: missing closing parenthesis at offset 9', '/Applications/MAMP/htdocs/coursework/system/Router/Router.php', 424)
 2 SYSTEMPATH/Router/Router.php(424): preg_match('#^([0-9]+$#u', 'show', [])
 3 SYSTEMPATH/Router/Router.php(186): CodeIgniter\Router\Router->checkRoutes('show')
 4 SYSTEMPATH/CodeIgniter.php(823): CodeIgniter\Router\Router->handle('show')
 5 SYSTEMPATH/CodeIgniter.php(450): CodeIgniter\CodeIgniter->tryToRouteIt(Object(CodeIgniter\Router\RouteCollection))
 6 SYSTEMPATH/CodeIgniter.php(361): CodeIgniter\CodeIgniter->handleRequest(null, Object(Config\Cache), false)
 7 FCPATH/index.php(79): CodeIgniter\CodeIgniter->run()
 8 SYSTEMPATH/Commands/Server/rewrite.php(47): require_once('/Applications/MAMP/htdocs/coursework/public/index.php')
CRITICAL - 2023-11-06 12:21:55 --> preg_match(): Compilation failed: missing closing parenthesis at offset 9
in SYSTEMPATH/Router/Router.php on line 424.
 1 [internal function]: CodeIgniter\Debug\Exceptions->errorHandler(2, 'preg_match(): Compilation failed: missing closing parenthesis at offset 9', '/Applications/MAMP/htdocs/coursework/system/Router/Router.php', 424)
 2 SYSTEMPATH/Router/Router.php(424): preg_match('#^([0-9]+$#u', 'show', [])
 3 SYSTEMPATH/Router/Router.php(186): CodeIgniter\Router\Router->checkRoutes('show')
 4 SYSTEMPATH/CodeIgniter.php(823): CodeIgniter\Router\Router->handle('show')
 5 SYSTEMPATH/CodeIgniter.php(450): CodeIgniter\CodeIgniter->tryToRouteIt(Object(CodeIgniter\Router\RouteCollection))
 6 SYSTEMPATH/CodeIgniter.php(361): CodeIgniter\CodeIgniter->handleRequest(null, Object(Config\Cache), false)
 7 FCPATH/index.php(79): CodeIgniter\CodeIgniter->run()
 8 SYSTEMPATH/Commands/Server/rewrite.php(47): require_once('/Applications/MAMP/htdocs/coursework/public/index.php')
CRITICAL - 2023-11-06 12:30:47 --> preg_match(): Compilation failed: missing closing parenthesis at offset 9
in SYSTEMPATH/Router/Router.php on line 424.
 1 [internal function]: CodeIgniter\Debug\Exceptions->errorHandler(2, 'preg_match(): Compilation failed: missing closing parenthesis at offset 9', '/Applications/MAMP/htdocs/coursework/system/Router/Router.php', 424)
 2 SYSTEMPATH/Router/Router.php(424): preg_match('#^([0-9]+$#u', 'show/1', [])
 3 SYSTEMPATH/Router/Router.php(186): CodeIgniter\Router\Router->checkRoutes('show/1')
 4 SYSTEMPATH/CodeIgniter.php(823): CodeIgniter\Router\Router->handle('show/1')
 5 SYSTEMPATH/CodeIgniter.php(450): CodeIgniter\CodeIgniter->tryToRouteIt(Object(CodeIgniter\Router\RouteCollection))
 6 SYSTEMPATH/CodeIgniter.php(361): CodeIgniter\CodeIgniter->handleRequest(null, Object(Config\Cache), false)
 7 FCPATH/index.php(79): CodeIgniter\CodeIgniter->run()
 8 SYSTEMPATH/Commands/Server/rewrite.php(47): require_once('/Applications/MAMP/htdocs/coursework/public/index.php')
CRITICAL - 2023-11-06 12:32:05 --> preg_match(): Compilation failed: missing closing parenthesis at offset 9
in SYSTEMPATH/Router/Router.php on line 424.
 1 [internal function]: CodeIgniter\Debug\Exceptions->errorHandler(2, 'preg_match(): Compilation failed: missing closing parenthesis at offset 9', '/Applications/MAMP/htdocs/coursework/system/Router/Router.php', 424)
 2 SYSTEMPATH/Router/Router.php(424): preg_match('#^([0-9]+$#u', '1', [])
 3 SYSTEMPATH/Router/Router.php(186): CodeIgniter\Router\Router->checkRoutes('1')
 4 SYSTEMPATH/CodeIgniter.php(823): CodeIgniter\Router\Router->handle('1')
 5 SYSTEMPATH/CodeIgniter.php(450): CodeIgniter\CodeIgniter->tryToRouteIt(Object(CodeIgniter\Router\RouteCollection))
 6 SYSTEMPATH/CodeIgniter.php(361): CodeIgniter\CodeIgniter->handleRequest(null, Object(Config\Cache), false)
 7 FCPATH/index.php(79): CodeIgniter\CodeIgniter->run()
 8 SYSTEMPATH/Commands/Server/rewrite.php(47): require_once('/Applications/MAMP/htdocs/coursework/public/index.php')
CRITICAL - 2023-11-06 12:34:41 --> Undefined variable $user
in APPPATH/Views/Home/show.php on line 9.
 1 APPPATH/Views/Home/show.php(9): CodeIgniter\Debug\Exceptions->errorHandler(2, 'Undefined variable $user', '/Applications/MAMP/htdocs/coursework/app/Views/Home/show.php', 9)
 2 SYSTEMPATH/View/View.php(228): include('/Applications/MAMP/htdocs/coursework/app/Views/Home/show.php')
 3 SYSTEMPATH/View/View.php(231): CodeIgniter\View\View->CodeIgniter\View\{closure}()
 4 SYSTEMPATH/Common.php(1190): CodeIgniter\View\View->render('Home/show.php', [], true)
 5 APPPATH/Controllers/Home.php(20): view('Home/show.php', [...])
 6 SYSTEMPATH/CodeIgniter.php(942): App\Controllers\Home->show('1')
 7 SYSTEMPATH/CodeIgniter.php(502): CodeIgniter\CodeIgniter->runController(Object(App\Controllers\Home))
 8 SYSTEMPATH/CodeIgniter.php(361): CodeIgniter\CodeIgniter->handleRequest(null, Object(Config\Cache), false)
 9 FCPATH/index.php(79): CodeIgniter\CodeIgniter->run()
10 SYSTEMPATH/Commands/Server/rewrite.php(47): require_once('/Applications/MAMP/htdocs/coursework/public/index.php')
CRITICAL - 2023-11-06 12:38:08 --> Undefined variable $show
in APPPATH/Views/Home/show.php on line 9.
 1 APPPATH/Views/Home/show.php(9): CodeIgniter\Debug\Exceptions->errorHandler(2, 'Undefined variable $show', '/Applications/MAMP/htdocs/coursework/app/Views/Home/show.php', 9)
 2 SYSTEMPATH/View/View.php(228): include('/Applications/MAMP/htdocs/coursework/app/Views/Home/show.php')
 3 SYSTEMPATH/View/View.php(231): CodeIgniter\View\View->CodeIgniter\View\{closure}()
 4 SYSTEMPATH/Common.php(1190): CodeIgniter\View\View->render('Home/show.php', [], true)
 5 APPPATH/Controllers/Home.php(20): view('Home/show.php', [...])
 6 SYSTEMPATH/CodeIgniter.php(942): App\Controllers\Home->show('1')
 7 SYSTEMPATH/CodeIgniter.php(502): CodeIgniter\CodeIgniter->runController(Object(App\Controllers\Home))
 8 SYSTEMPATH/CodeIgniter.php(361): CodeIgniter\CodeIgniter->handleRequest(null, Object(Config\Cache), false)
 9 FCPATH/index.php(79): CodeIgniter\CodeIgniter->run()
10 SYSTEMPATH/Commands/Server/rewrite.php(47): require_once('/Applications/MAMP/htdocs/coursework/public/index.php')
CRITICAL - 2023-11-06 12:38:09 --> Undefined variable $show
in APPPATH/Views/Home/show.php on line 9.
 1 APPPATH/Views/Home/show.php(9): CodeIgniter\Debug\Exceptions->errorHandler(2, 'Undefined variable $show', '/Applications/MAMP/htdocs/coursework/app/Views/Home/show.php', 9)
 2 SYSTEMPATH/View/View.php(228): include('/Applications/MAMP/htdocs/coursework/app/Views/Home/show.php')
 3 SYSTEMPATH/View/View.php(231): CodeIgniter\View\View->CodeIgniter\View\{closure}()
 4 SYSTEMPATH/Common.php(1190): CodeIgniter\View\View->render('Home/show.php', [], true)
 5 APPPATH/Controllers/Home.php(20): view('Home/show.php', [...])
 6 SYSTEMPATH/CodeIgniter.php(942): App\Controllers\Home->show('1')
 7 SYSTEMPATH/CodeIgniter.php(502): CodeIgniter\CodeIgniter->runController(Object(App\Controllers\Home))
 8 SYSTEMPATH/CodeIgniter.php(361): CodeIgniter\CodeIgniter->handleRequest(null, Object(Config\Cache), false)
 9 FCPATH/index.php(79): CodeIgniter\CodeIgniter->run()
10 SYSTEMPATH/Commands/Server/rewrite.php(47): require_once('/Applications/MAMP/htdocs/coursework/public/index.php')
CRITICAL - 2023-11-06 12:39:52 --> Undefined variable $show
in APPPATH/Views/Home/show.php on line 9.
 1 APPPATH/Views/Home/show.php(9): CodeIgniter\Debug\Exceptions->errorHandler(2, 'Undefined variable $show', '/Applications/MAMP/htdocs/coursework/app/Views/Home/show.php', 9)
 2 SYSTEMPATH/View/View.php(228): include('/Applications/MAMP/htdocs/coursework/app/Views/Home/show.php')
 3 SYSTEMPATH/View/View.php(231): CodeIgniter\View\View->CodeIgniter\View\{closure}()
 4 SYSTEMPATH/Common.php(1190): CodeIgniter\View\View->render('Home/show.php', [], true)
 5 APPPATH/Controllers/Home.php(20): view('Home/show.php', [...])
 6 SYSTEMPATH/CodeIgniter.php(942): App\Controllers\Home->show('2')
 7 SYSTEMPATH/CodeIgniter.php(502): CodeIgniter\CodeIgniter->runController(Object(App\Controllers\Home))
 8 SYSTEMPATH/CodeIgniter.php(361): CodeIgniter\CodeIgniter->handleRequest(null, Object(Config\Cache), false)
 9 FCPATH/index.php(79): CodeIgniter\CodeIgniter->run()
10 SYSTEMPATH/Commands/Server/rewrite.php(47): require_once('/Applications/MAMP/htdocs/coursework/public/index.php')
CRITICAL - 2023-11-06 13:01:14 --> Undefined variable $show
in APPPATH/Views/Home/show.php on line 9.
 1 APPPATH/Views/Home/show.php(9): CodeIgniter\Debug\Exceptions->errorHandler(2, 'Undefined variable $show', '/Applications/MAMP/htdocs/coursework/app/Views/Home/show.php', 9)
 2 SYSTEMPATH/View/View.php(228): include('/Applications/MAMP/htdocs/coursework/app/Views/Home/show.php')
 3 SYSTEMPATH/View/View.php(231): CodeIgniter\View\View->CodeIgniter\View\{closure}()
 4 SYSTEMPATH/Common.php(1190): CodeIgniter\View\View->render('Home/show.php', [], true)
 5 APPPATH/Controllers/Home.php(20): view('Home/show.php', [...])
 6 SYSTEMPATH/CodeIgniter.php(942): App\Controllers\Home->show('1')
 7 SYSTEMPATH/CodeIgniter.php(502): CodeIgniter\CodeIgniter->runController(Object(App\Controllers\Home))
 8 SYSTEMPATH/CodeIgniter.php(361): CodeIgniter\CodeIgniter->handleRequest(null, Object(Config\Cache), false)
 9 FCPATH/index.php(79): CodeIgniter\CodeIgniter->run()
10 SYSTEMPATH/Commands/Server/rewrite.php(47): require_once('/Applications/MAMP/htdocs/coursework/public/index.php')
CRITICAL - 2023-11-06 13:01:15 --> Undefined variable $show
in APPPATH/Views/Home/show.php on line 9.
 1 APPPATH/Views/Home/show.php(9): CodeIgniter\Debug\Exceptions->errorHandler(2, 'Undefined variable $show', '/Applications/MAMP/htdocs/coursework/app/Views/Home/show.php', 9)
 2 SYSTEMPATH/View/View.php(228): include('/Applications/MAMP/htdocs/coursework/app/Views/Home/show.php')
 3 SYSTEMPATH/View/View.php(231): CodeIgniter\View\View->CodeIgniter\View\{closure}()
 4 SYSTEMPATH/Common.php(1190): CodeIgniter\View\View->render('Home/show.php', [], true)
 5 APPPATH/Controllers/Home.php(20): view('Home/show.php', [...])
 6 SYSTEMPATH/CodeIgniter.php(942): App\Controllers\Home->show('1')
 7 SYSTEMPATH/CodeIgniter.php(502): CodeIgniter\CodeIgniter->runController(Object(App\Controllers\Home))
 8 SYSTEMPATH/CodeIgniter.php(361): CodeIgniter\CodeIgniter->handleRequest(null, Object(Config\Cache), false)
 9 FCPATH/index.php(79): CodeIgniter\CodeIgniter->run()
10 SYSTEMPATH/Commands/Server/rewrite.php(47): require_once('/Applications/MAMP/htdocs/coursework/public/index.php')
CRITICAL - 2023-11-06 13:02:03 --> Undefined variable $user
in APPPATH/Views/Home/show.php on line 9.
 1 APPPATH/Views/Home/show.php(9): CodeIgniter\Debug\Exceptions->errorHandler(2, 'Undefined variable $user', '/Applications/MAMP/htdocs/coursework/app/Views/Home/show.php', 9)
 2 SYSTEMPATH/View/View.php(228): include('/Applications/MAMP/htdocs/coursework/app/Views/Home/show.php')
 3 SYSTEMPATH/View/View.php(231): CodeIgniter\View\View->CodeIgniter\View\{closure}()
 4 SYSTEMPATH/Common.php(1190): CodeIgniter\View\View->render('Home/show.php', [], true)
 5 APPPATH/Controllers/Home.php(20): view('Home/show.php', [...])
 6 SYSTEMPATH/CodeIgniter.php(942): App\Controllers\Home->show('1')
 7 SYSTEMPATH/CodeIgniter.php(502): CodeIgniter\CodeIgniter->runController(Object(App\Controllers\Home))
 8 SYSTEMPATH/CodeIgniter.php(361): CodeIgniter\CodeIgniter->handleRequest(null, Object(Config\Cache), false)
 9 FCPATH/index.php(79): CodeIgniter\CodeIgniter->run()
10 SYSTEMPATH/Commands/Server/rewrite.php(47): require_once('/Applications/MAMP/htdocs/coursework/public/index.php')
CRITICAL - 2023-11-06 13:03:12 --> Undefined variable $user
in APPPATH/Views/Home/show.php on line 9.
 1 APPPATH/Views/Home/show.php(9): CodeIgniter\Debug\Exceptions->errorHandler(2, 'Undefined variable $user', '/Applications/MAMP/htdocs/coursework/app/Views/Home/show.php', 9)
 2 SYSTEMPATH/View/View.php(228): include('/Applications/MAMP/htdocs/coursework/app/Views/Home/show.php')
 3 SYSTEMPATH/View/View.php(231): CodeIgniter\View\View->CodeIgniter\View\{closure}()
 4 SYSTEMPATH/Common.php(1190): CodeIgniter\View\View->render('Home/show.php', [], true)
 5 APPPATH/Controllers/Home.php(20): view('Home/show.php', [...])
 6 SYSTEMPATH/CodeIgniter.php(942): App\Controllers\Home->show('1')
 7 SYSTEMPATH/CodeIgniter.php(502): CodeIgniter\CodeIgniter->runController(Object(App\Controllers\Home))
 8 SYSTEMPATH/CodeIgniter.php(361): CodeIgniter\CodeIgniter->handleRequest(null, Object(Config\Cache), false)
 9 FCPATH/index.php(79): CodeIgniter\CodeIgniter->run()
10 SYSTEMPATH/Commands/Server/rewrite.php(47): require_once('/Applications/MAMP/htdocs/coursework/public/index.php')
CRITICAL - 2023-11-06 13:05:47 --> Undefined variable $user
in APPPATH/Views/Home/show.php on line 9.
 1 APPPATH/Views/Home/show.php(9): CodeIgniter\Debug\Exceptions->errorHandler(2, 'Undefined variable $user', '/Applications/MAMP/htdocs/coursework/app/Views/Home/show.php', 9)
 2 SYSTEMPATH/View/View.php(228): include('/Applications/MAMP/htdocs/coursework/app/Views/Home/show.php')
 3 SYSTEMPATH/View/View.php(231): CodeIgniter\View\View->CodeIgniter\View\{closure}()
 4 SYSTEMPATH/Common.php(1190): CodeIgniter\View\View->render('Home/show.php', [], true)
 5 APPPATH/Controllers/Home.php(20): view('Home/show.php', [...])
 6 SYSTEMPATH/CodeIgniter.php(942): App\Controllers\Home->show('1')
 7 SYSTEMPATH/CodeIgniter.php(502): CodeIgniter\CodeIgniter->runController(Object(App\Controllers\Home))
 8 SYSTEMPATH/CodeIgniter.php(361): CodeIgniter\CodeIgniter->handleRequest(null, Object(Config\Cache), false)
 9 FCPATH/index.php(79): CodeIgniter\CodeIgniter->run()
10 SYSTEMPATH/Commands/Server/rewrite.php(47): require_once('/Applications/MAMP/htdocs/coursework/public/index.php')
CRITICAL - 2023-11-06 13:06:14 --> Undefined array key "id"
in APPPATH/Views/Home/show.php on line 9.
 1 APPPATH/Views/Home/show.php(9): CodeIgniter\Debug\Exceptions->errorHandler(2, 'Undefined array key "id"', '/Applications/MAMP/htdocs/coursework/app/Views/Home/show.php', 9)
 2 SYSTEMPATH/View/View.php(228): include('/Applications/MAMP/htdocs/coursework/app/Views/Home/show.php')
 3 SYSTEMPATH/View/View.php(231): CodeIgniter\View\View->CodeIgniter\View\{closure}()
 4 SYSTEMPATH/Common.php(1190): CodeIgniter\View\View->render('Home/show.php', [], true)
 5 APPPATH/Controllers/Home.php(20): view('Home/show.php', [...])
 6 SYSTEMPATH/CodeIgniter.php(942): App\Controllers\Home->show('1')
 7 SYSTEMPATH/CodeIgniter.php(502): CodeIgniter\CodeIgniter->runController(Object(App\Controllers\Home))
 8 SYSTEMPATH/CodeIgniter.php(361): CodeIgniter\CodeIgniter->handleRequest(null, Object(Config\Cache), false)
 9 FCPATH/index.php(79): CodeIgniter\CodeIgniter->run()
10 SYSTEMPATH/Commands/Server/rewrite.php(47): require_once('/Applications/MAMP/htdocs/coursework/public/index.php')
CRITICAL - 2023-11-06 13:28:46 --> Undefined variable $home
in APPPATH/Views/Home/show.php on line 9.
 1 APPPATH/Views/Home/show.php(9): CodeIgniter\Debug\Exceptions->errorHandler(2, 'Undefined variable $home', '/Applications/MAMP/htdocs/coursework/app/Views/Home/show.php', 9)
 2 SYSTEMPATH/View/View.php(228): include('/Applications/MAMP/htdocs/coursework/app/Views/Home/show.php')
 3 SYSTEMPATH/View/View.php(231): CodeIgniter\View\View->CodeIgniter\View\{closure}()
 4 SYSTEMPATH/Common.php(1190): CodeIgniter\View\View->render('Home/show.php', [], true)
 5 APPPATH/Controllers/Home.php(20): view('Home/show.php', [...])
 6 SYSTEMPATH/CodeIgniter.php(942): App\Controllers\Home->show('1')
 7 SYSTEMPATH/CodeIgniter.php(502): CodeIgniter\CodeIgniter->runController(Object(App\Controllers\Home))
 8 SYSTEMPATH/CodeIgniter.php(361): CodeIgniter\CodeIgniter->handleRequest(null, Object(Config\Cache), false)
 9 FCPATH/index.php(79): CodeIgniter\CodeIgniter->run()
10 SYSTEMPATH/Commands/Server/rewrite.php(47): require_once('/Applications/MAMP/htdocs/coursework/public/index.php')
CRITICAL - 2023-11-06 13:28:47 --> Undefined variable $home
in APPPATH/Views/Home/show.php on line 9.
 1 APPPATH/Views/Home/show.php(9): CodeIgniter\Debug\Exceptions->errorHandler(2, 'Undefined variable $home', '/Applications/MAMP/htdocs/coursework/app/Views/Home/show.php', 9)
 2 SYSTEMPATH/View/View.php(228): include('/Applications/MAMP/htdocs/coursework/app/Views/Home/show.php')
 3 SYSTEMPATH/View/View.php(231): CodeIgniter\View\View->CodeIgniter\View\{closure}()
 4 SYSTEMPATH/Common.php(1190): CodeIgniter\View\View->render('Home/show.php', [], true)
 5 APPPATH/Controllers/Home.php(20): view('Home/show.php', [...])
 6 SYSTEMPATH/CodeIgniter.php(942): App\Controllers\Home->show('1')
 7 SYSTEMPATH/CodeIgniter.php(502): CodeIgniter\CodeIgniter->runController(Object(App\Controllers\Home))
 8 SYSTEMPATH/CodeIgniter.php(361): CodeIgniter\CodeIgniter->handleRequest(null, Object(Config\Cache), false)
 9 FCPATH/index.php(79): CodeIgniter\CodeIgniter->run()
10 SYSTEMPATH/Commands/Server/rewrite.php(47): require_once('/Applications/MAMP/htdocs/coursework/public/index.php')
CRITICAL - 2023-11-06 13:29:30 --> Undefined variable $table
in APPPATH/Views/Home/show.php on line 9.
 1 APPPATH/Views/Home/show.php(9): CodeIgniter\Debug\Exceptions->errorHandler(2, 'Undefined variable $table', '/Applications/MAMP/htdocs/coursework/app/Views/Home/show.php', 9)
 2 SYSTEMPATH/View/View.php(228): include('/Applications/MAMP/htdocs/coursework/app/Views/Home/show.php')
 3 SYSTEMPATH/View/View.php(231): CodeIgniter\View\View->CodeIgniter\View\{closure}()
 4 SYSTEMPATH/Common.php(1190): CodeIgniter\View\View->render('Home/show.php', [], true)
 5 APPPATH/Controllers/Home.php(20): view('Home/show.php', [...])
 6 SYSTEMPATH/CodeIgniter.php(942): App\Controllers\Home->show('1')
 7 SYSTEMPATH/CodeIgniter.php(502): CodeIgniter\CodeIgniter->runController(Object(App\Controllers\Home))
 8 SYSTEMPATH/CodeIgniter.php(361): CodeIgniter\CodeIgniter->handleRequest(null, Object(Config\Cache), false)
 9 FCPATH/index.php(79): CodeIgniter\CodeIgniter->run()
10 SYSTEMPATH/Commands/Server/rewrite.php(47): require_once('/Applications/MAMP/htdocs/coursework/public/index.php')
CRITICAL - 2023-11-06 13:29:31 --> Undefined variable $table
in APPPATH/Views/Home/show.php on line 9.
 1 APPPATH/Views/Home/show.php(9): CodeIgniter\Debug\Exceptions->errorHandler(2, 'Undefined variable $table', '/Applications/MAMP/htdocs/coursework/app/Views/Home/show.php', 9)
 2 SYSTEMPATH/View/View.php(228): include('/Applications/MAMP/htdocs/coursework/app/Views/Home/show.php')
 3 SYSTEMPATH/View/View.php(231): CodeIgniter\View\View->CodeIgniter\View\{closure}()
 4 SYSTEMPATH/Common.php(1190): CodeIgniter\View\View->render('Home/show.php', [], true)
 5 APPPATH/Controllers/Home.php(20): view('Home/show.php', [...])
 6 SYSTEMPATH/CodeIgniter.php(942): App\Controllers\Home->show('1')
 7 SYSTEMPATH/CodeIgniter.php(502): CodeIgniter\CodeIgniter->runController(Object(App\Controllers\Home))
 8 SYSTEMPATH/CodeIgniter.php(361): CodeIgniter\CodeIgniter->handleRequest(null, Object(Config\Cache), false)
 9 FCPATH/index.php(79): CodeIgniter\CodeIgniter->run()
10 SYSTEMPATH/Commands/Server/rewrite.php(47): require_once('/Applications/MAMP/htdocs/coursework/public/index.php')
CRITICAL - 2023-11-06 13:46:22 --> Undefined array key "id"
in APPPATH/Views/Home/show.php on line 9.
 1 APPPATH/Views/Home/show.php(9): CodeIgniter\Debug\Exceptions->errorHandler(2, 'Undefined array key "id"', '/Applications/MAMP/htdocs/coursework/app/Views/Home/show.php', 9)
 2 SYSTEMPATH/View/View.php(228): include('/Applications/MAMP/htdocs/coursework/app/Views/Home/show.php')
 3 SYSTEMPATH/View/View.php(231): CodeIgniter\View\View->CodeIgniter\View\{closure}()
 4 SYSTEMPATH/Common.php(1190): CodeIgniter\View\View->render('Home/show.php', [], true)
 5 APPPATH/Controllers/Home.php(20): view('Home/show.php', [...])
 6 SYSTEMPATH/CodeIgniter.php(942): App\Controllers\Home->show('1')
 7 SYSTEMPATH/CodeIgniter.php(502): CodeIgniter\CodeIgniter->runController(Object(App\Controllers\Home))
 8 SYSTEMPATH/CodeIgniter.php(361): CodeIgniter\CodeIgniter->handleRequest(null, Object(Config\Cache), false)
 9 FCPATH/index.php(79): CodeIgniter\CodeIgniter->run()
10 SYSTEMPATH/Commands/Server/rewrite.php(47): require_once('/Applications/MAMP/htdocs/coursework/public/index.php')
CRITICAL - 2023-11-06 13:47:04 --> Undefined variable $table
in APPPATH/Views/Home/show.php on line 9.
 1 APPPATH/Views/Home/show.php(9): CodeIgniter\Debug\Exceptions->errorHandler(2, 'Undefined variable $table', '/Applications/MAMP/htdocs/coursework/app/Views/Home/show.php', 9)
 2 SYSTEMPATH/View/View.php(228): include('/Applications/MAMP/htdocs/coursework/app/Views/Home/show.php')
 3 SYSTEMPATH/View/View.php(231): CodeIgniter\View\View->CodeIgniter\View\{closure}()
 4 SYSTEMPATH/Common.php(1190): CodeIgniter\View\View->render('Home/show.php', [], true)
 5 APPPATH/Controllers/Home.php(20): view('Home/show.php', [...])
 6 SYSTEMPATH/CodeIgniter.php(942): App\Controllers\Home->show('1')
 7 SYSTEMPATH/CodeIgniter.php(502): CodeIgniter\CodeIgniter->runController(Object(App\Controllers\Home))
 8 SYSTEMPATH/CodeIgniter.php(361): CodeIgniter\CodeIgniter->handleRequest(null, Object(Config\Cache), false)
 9 FCPATH/index.php(79): CodeIgniter\CodeIgniter->run()
10 SYSTEMPATH/Commands/Server/rewrite.php(47): require_once('/Applications/MAMP/htdocs/coursework/public/index.php')
CRITICAL - 2023-11-06 13:47:21 --> Undefined variable $user
in APPPATH/Views/Home/show.php on line 9.
 1 APPPATH/Views/Home/show.php(9): CodeIgniter\Debug\Exceptions->errorHandler(2, 'Undefined variable $user', '/Applications/MAMP/htdocs/coursework/app/Views/Home/show.php', 9)
 2 SYSTEMPATH/View/View.php(228): include('/Applications/MAMP/htdocs/coursework/app/Views/Home/show.php')
 3 SYSTEMPATH/View/View.php(231): CodeIgniter\View\View->CodeIgniter\View\{closure}()
 4 SYSTEMPATH/Common.php(1190): CodeIgniter\View\View->render('Home/show.php', [], true)
 5 APPPATH/Controllers/Home.php(20): view('Home/show.php', [...])
 6 SYSTEMPATH/CodeIgniter.php(942): App\Controllers\Home->show('1')
 7 SYSTEMPATH/CodeIgniter.php(502): CodeIgniter\CodeIgniter->runController(Object(App\Controllers\Home))
 8 SYSTEMPATH/CodeIgniter.php(361): CodeIgniter\CodeIgniter->handleRequest(null, Object(Config\Cache), false)
 9 FCPATH/index.php(79): CodeIgniter\CodeIgniter->run()
10 SYSTEMPATH/Commands/Server/rewrite.php(47): require_once('/Applications/MAMP/htdocs/coursework/public/index.php')
CRITICAL - 2023-11-06 13:47:59 --> Undefined array key "id"
in APPPATH/Views/Home/show.php on line 9.
 1 APPPATH/Views/Home/show.php(9): CodeIgniter\Debug\Exceptions->errorHandler(2, 'Undefined array key "id"', '/Applications/MAMP/htdocs/coursework/app/Views/Home/show.php', 9)
 2 SYSTEMPATH/View/View.php(228): include('/Applications/MAMP/htdocs/coursework/app/Views/Home/show.php')
 3 SYSTEMPATH/View/View.php(231): CodeIgniter\View\View->CodeIgniter\View\{closure}()
 4 SYSTEMPATH/Common.php(1190): CodeIgniter\View\View->render('Home/show.php', [], true)
 5 APPPATH/Controllers/Home.php(20): view('Home/show.php', [...])
 6 SYSTEMPATH/CodeIgniter.php(942): App\Controllers\Home->show('1')
 7 SYSTEMPATH/CodeIgniter.php(502): CodeIgniter\CodeIgniter->runController(Object(App\Controllers\Home))
 8 SYSTEMPATH/CodeIgniter.php(361): CodeIgniter\CodeIgniter->handleRequest(null, Object(Config\Cache), false)
 9 FCPATH/index.php(79): CodeIgniter\CodeIgniter->run()
10 SYSTEMPATH/Commands/Server/rewrite.php(47): require_once('/Applications/MAMP/htdocs/coursework/public/index.php')
CRITICAL - 2023-11-06 13:49:20 --> Cannot use object of type CodeIgniter\View\View as array
in APPPATH/Views/Home/show.php on line 9.
 1 SYSTEMPATH/View/View.php(228): include()
 2 SYSTEMPATH/View/View.php(231): CodeIgniter\View\View->CodeIgniter\View\{closure}()
 3 SYSTEMPATH/Common.php(1190): CodeIgniter\View\View->render('Home/show.php', [], true)
 4 APPPATH/Controllers/Home.php(20): view('Home/show.php', [...])
 5 SYSTEMPATH/CodeIgniter.php(942): App\Controllers\Home->show('1')
 6 SYSTEMPATH/CodeIgniter.php(502): CodeIgniter\CodeIgniter->runController(Object(App\Controllers\Home))
 7 SYSTEMPATH/CodeIgniter.php(361): CodeIgniter\CodeIgniter->handleRequest(null, Object(Config\Cache), false)
 8 FCPATH/index.php(79): CodeIgniter\CodeIgniter->run()
 9 SYSTEMPATH/Commands/Server/rewrite.php(47): require_once('/Applications/MAMP/htdocs/coursework/public/index.php')
CRITICAL - 2023-11-06 13:49:21 --> Cannot use object of type CodeIgniter\View\View as array
in APPPATH/Views/Home/show.php on line 9.
 1 SYSTEMPATH/View/View.php(228): include()
 2 SYSTEMPATH/View/View.php(231): CodeIgniter\View\View->CodeIgniter\View\{closure}()
 3 SYSTEMPATH/Common.php(1190): CodeIgniter\View\View->render('Home/show.php', [], true)
 4 APPPATH/Controllers/Home.php(20): view('Home/show.php', [...])
 5 SYSTEMPATH/CodeIgniter.php(942): App\Controllers\Home->show('1')
 6 SYSTEMPATH/CodeIgniter.php(502): CodeIgniter\CodeIgniter->runController(Object(App\Controllers\Home))
 7 SYSTEMPATH/CodeIgniter.php(361): CodeIgniter\CodeIgniter->handleRequest(null, Object(Config\Cache), false)
 8 FCPATH/index.php(79): CodeIgniter\CodeIgniter->run()
 9 SYSTEMPATH/Commands/Server/rewrite.php(47): require_once('/Applications/MAMP/htdocs/coursework/public/index.php')
CRITICAL - 2023-11-06 13:49:57 --> Undefined variable $show
in APPPATH/Views/Home/show.php on line 9.
 1 APPPATH/Views/Home/show.php(9): CodeIgniter\Debug\Exceptions->errorHandler(2, 'Undefined variable $show', '/Applications/MAMP/htdocs/coursework/app/Views/Home/show.php', 9)
 2 SYSTEMPATH/View/View.php(228): include('/Applications/MAMP/htdocs/coursework/app/Views/Home/show.php')
 3 SYSTEMPATH/View/View.php(231): CodeIgniter\View\View->CodeIgniter\View\{closure}()
 4 SYSTEMPATH/Common.php(1190): CodeIgniter\View\View->render('Home/show.php', [], true)
 5 APPPATH/Controllers/Home.php(20): view('Home/show.php', [...])
 6 SYSTEMPATH/CodeIgniter.php(942): App\Controllers\Home->show('1')
 7 SYSTEMPATH/CodeIgniter.php(502): CodeIgniter\CodeIgniter->runController(Object(App\Controllers\Home))
 8 SYSTEMPATH/CodeIgniter.php(361): CodeIgniter\CodeIgniter->handleRequest(null, Object(Config\Cache), false)
 9 FCPATH/index.php(79): CodeIgniter\CodeIgniter->run()
10 SYSTEMPATH/Commands/Server/rewrite.php(47): require_once('/Applications/MAMP/htdocs/coursework/public/index.php')
CRITICAL - 2023-11-06 13:53:13 --> Undefined array key "id"
in APPPATH/Views/Home/show.php on line 9.
 1 APPPATH/Views/Home/show.php(9): CodeIgniter\Debug\Exceptions->errorHandler(2, 'Undefined array key "id"', '/Applications/MAMP/htdocs/coursework/app/Views/Home/show.php', 9)
 2 SYSTEMPATH/View/View.php(228): include('/Applications/MAMP/htdocs/coursework/app/Views/Home/show.php')
 3 SYSTEMPATH/View/View.php(231): CodeIgniter\View\View->CodeIgniter\View\{closure}()
 4 SYSTEMPATH/Common.php(1190): CodeIgniter\View\View->render('Home/show.php', [], true)
 5 APPPATH/Controllers/Home.php(20): view('Home/show.php', [...])
 6 SYSTEMPATH/CodeIgniter.php(942): App\Controllers\Home->show('1')
 7 SYSTEMPATH/CodeIgniter.php(502): CodeIgniter\CodeIgniter->runController(Object(App\Controllers\Home))
 8 SYSTEMPATH/CodeIgniter.php(361): CodeIgniter\CodeIgniter->handleRequest(null, Object(Config\Cache), false)
 9 FCPATH/index.php(79): CodeIgniter\CodeIgniter->run()
10 SYSTEMPATH/Commands/Server/rewrite.php(47): require_once('/Applications/MAMP/htdocs/coursework/public/index.php')
CRITICAL - 2023-11-06 13:54:09 --> Undefined array key "id"
in APPPATH/Views/Home/show.php on line 9.
 1 APPPATH/Views/Home/show.php(9): CodeIgniter\Debug\Exceptions->errorHandler(2, 'Undefined array key "id"', '/Applications/MAMP/htdocs/coursework/app/Views/Home/show.php', 9)
 2 SYSTEMPATH/View/View.php(228): include('/Applications/MAMP/htdocs/coursework/app/Views/Home/show.php')
 3 SYSTEMPATH/View/View.php(231): CodeIgniter\View\View->CodeIgniter\View\{closure}()
 4 SYSTEMPATH/Common.php(1190): CodeIgniter\View\View->render('Home/show.php', [], true)
 5 APPPATH/Controllers/Home.php(20): view('Home/show.php', [...])
 6 SYSTEMPATH/CodeIgniter.php(942): App\Controllers\Home->show('1')
 7 SYSTEMPATH/CodeIgniter.php(502): CodeIgniter\CodeIgniter->runController(Object(App\Controllers\Home))
 8 SYSTEMPATH/CodeIgniter.php(361): CodeIgniter\CodeIgniter->handleRequest(null, Object(Config\Cache), false)
 9 FCPATH/index.php(79): CodeIgniter\CodeIgniter->run()
10 SYSTEMPATH/Commands/Server/rewrite.php(47): require_once('/Applications/MAMP/htdocs/coursework/public/index.php')
CRITICAL - 2023-11-06 14:05:34 --> Undefined array key "id"
in APPPATH/Views/Home/show.php on line 9.
 1 APPPATH/Views/Home/show.php(9): CodeIgniter\Debug\Exceptions->errorHandler(2, 'Undefined array key "id"', '/Applications/MAMP/htdocs/coursework/app/Views/Home/show.php', 9)
 2 SYSTEMPATH/View/View.php(228): include('/Applications/MAMP/htdocs/coursework/app/Views/Home/show.php')
 3 SYSTEMPATH/View/View.php(231): CodeIgniter\View\View->CodeIgniter\View\{closure}()
 4 SYSTEMPATH/Common.php(1190): CodeIgniter\View\View->render('Home/show.php', [], true)
 5 APPPATH/Controllers/Home.php(20): view('Home/show.php', [...])
 6 SYSTEMPATH/CodeIgniter.php(942): App\Controllers\Home->show('2')
 7 SYSTEMPATH/CodeIgniter.php(502): CodeIgniter\CodeIgniter->runController(Object(App\Controllers\Home))
 8 SYSTEMPATH/CodeIgniter.php(361): CodeIgniter\CodeIgniter->handleRequest(null, Object(Config\Cache), false)
 9 FCPATH/index.php(79): CodeIgniter\CodeIgniter->run()
10 SYSTEMPATH/Commands/Server/rewrite.php(47): require_once('/Applications/MAMP/htdocs/coursework/public/index.php')
CRITICAL - 2023-11-06 14:06:29 --> Undefined constant "id"
in APPPATH/Views/Home/show.php on line 9.
 1 SYSTEMPATH/View/View.php(228): include()
 2 SYSTEMPATH/View/View.php(231): CodeIgniter\View\View->CodeIgniter\View\{closure}()
 3 SYSTEMPATH/Common.php(1190): CodeIgniter\View\View->render('Home/show.php', [], true)
 4 APPPATH/Controllers/Home.php(20): view('Home/show.php', [...])
 5 SYSTEMPATH/CodeIgniter.php(942): App\Controllers\Home->show('2')
 6 SYSTEMPATH/CodeIgniter.php(502): CodeIgniter\CodeIgniter->runController(Object(App\Controllers\Home))
 7 SYSTEMPATH/CodeIgniter.php(361): CodeIgniter\CodeIgniter->handleRequest(null, Object(Config\Cache), false)
 8 FCPATH/index.php(79): CodeIgniter\CodeIgniter->run()
 9 SYSTEMPATH/Commands/Server/rewrite.php(47): require_once('/Applications/MAMP/htdocs/coursework/public/index.php')
CRITICAL - 2023-11-06 14:18:38 --> Undefined array key "id"
in APPPATH/Views/Home/show.php on line 9.
 1 APPPATH/Views/Home/show.php(9): CodeIgniter\Debug\Exceptions->errorHandler(2, 'Undefined array key "id"', '/Applications/MAMP/htdocs/coursework/app/Views/Home/show.php', 9)
 2 SYSTEMPATH/View/View.php(228): include('/Applications/MAMP/htdocs/coursework/app/Views/Home/show.php')
 3 SYSTEMPATH/View/View.php(231): CodeIgniter\View\View->CodeIgniter\View\{closure}()
 4 SYSTEMPATH/Common.php(1190): CodeIgniter\View\View->render('Home/show.php', [], true)
 5 APPPATH/Controllers/Home.php(20): view('Home/show.php', [...])
 6 SYSTEMPATH/CodeIgniter.php(942): App\Controllers\Home->show('1')
 7 SYSTEMPATH/CodeIgniter.php(502): CodeIgniter\CodeIgniter->runController(Object(App\Controllers\Home))
 8 SYSTEMPATH/CodeIgniter.php(361): CodeIgniter\CodeIgniter->handleRequest(null, Object(Config\Cache), false)
 9 FCPATH/index.php(79): CodeIgniter\CodeIgniter->run()
10 SYSTEMPATH/Commands/Server/rewrite.php(47): require_once('/Applications/MAMP/htdocs/coursework/public/index.php')
CRITICAL - 2023-11-06 14:20:05 --> Undefined array key "íd"
in APPPATH/Views/Home/show.php on line 9.
 1 APPPATH/Views/Home/show.php(9): CodeIgniter\Debug\Exceptions->errorHandler(2, 'Undefined array key "íd"', '/Applications/MAMP/htdocs/coursework/app/Views/Home/show.php', 9)
 2 SYSTEMPATH/View/View.php(228): include('/Applications/MAMP/htdocs/coursework/app/Views/Home/show.php')
 3 SYSTEMPATH/View/View.php(231): CodeIgniter\View\View->CodeIgniter\View\{closure}()
 4 SYSTEMPATH/Common.php(1190): CodeIgniter\View\View->render('Home/show.php', [], true)
 5 APPPATH/Controllers/Home.php(20): view('Home/show.php', [...])
 6 SYSTEMPATH/CodeIgniter.php(942): App\Controllers\Home->show('1')
 7 SYSTEMPATH/CodeIgniter.php(502): CodeIgniter\CodeIgniter->runController(Object(App\Controllers\Home))
 8 SYSTEMPATH/CodeIgniter.php(361): CodeIgniter\CodeIgniter->handleRequest(null, Object(Config\Cache), false)
 9 FCPATH/index.php(79): CodeIgniter\CodeIgniter->run()
10 SYSTEMPATH/Commands/Server/rewrite.php(47): require_once('/Applications/MAMP/htdocs/coursework/public/index.php')
CRITICAL - 2023-11-06 14:20:19 --> Undefined array key "id"
in APPPATH/Views/Home/show.php on line 9.
 1 APPPATH/Views/Home/show.php(9): CodeIgniter\Debug\Exceptions->errorHandler(2, 'Undefined array key "id"', '/Applications/MAMP/htdocs/coursework/app/Views/Home/show.php', 9)
 2 SYSTEMPATH/View/View.php(228): include('/Applications/MAMP/htdocs/coursework/app/Views/Home/show.php')
 3 SYSTEMPATH/View/View.php(231): CodeIgniter\View\View->CodeIgniter\View\{closure}()
 4 SYSTEMPATH/Common.php(1190): CodeIgniter\View\View->render('Home/show.php', [], true)
 5 APPPATH/Controllers/Home.php(20): view('Home/show.php', [...])
 6 SYSTEMPATH/CodeIgniter.php(942): App\Controllers\Home->show('1')
 7 SYSTEMPATH/CodeIgniter.php(502): CodeIgniter\CodeIgniter->runController(Object(App\Controllers\Home))
 8 SYSTEMPATH/CodeIgniter.php(361): CodeIgniter\CodeIgniter->handleRequest(null, Object(Config\Cache), false)
 9 FCPATH/index.php(79): CodeIgniter\CodeIgniter->run()
10 SYSTEMPATH/Commands/Server/rewrite.php(47): require_once('/Applications/MAMP/htdocs/coursework/public/index.php')
CRITICAL - 2023-11-06 14:20:47 --> Undefined array key 1
in APPPATH/Views/Home/show.php on line 9.
 1 APPPATH/Views/Home/show.php(9): CodeIgniter\Debug\Exceptions->errorHandler(2, 'Undefined array key 1', '/Applications/MAMP/htdocs/coursework/app/Views/Home/show.php', 9)
 2 SYSTEMPATH/View/View.php(228): include('/Applications/MAMP/htdocs/coursework/app/Views/Home/show.php')
 3 SYSTEMPATH/View/View.php(231): CodeIgniter\View\View->CodeIgniter\View\{closure}()
 4 SYSTEMPATH/Common.php(1190): CodeIgniter\View\View->render('Home/show.php', [], true)
 5 APPPATH/Controllers/Home.php(20): view('Home/show.php', [...])
 6 SYSTEMPATH/CodeIgniter.php(942): App\Controllers\Home->show('1')
 7 SYSTEMPATH/CodeIgniter.php(502): CodeIgniter\CodeIgniter->runController(Object(App\Controllers\Home))
 8 SYSTEMPATH/CodeIgniter.php(361): CodeIgniter\CodeIgniter->handleRequest(null, Object(Config\Cache), false)
 9 FCPATH/index.php(79): CodeIgniter\CodeIgniter->run()
10 SYSTEMPATH/Commands/Server/rewrite.php(47): require_once('/Applications/MAMP/htdocs/coursework/public/index.php')
CRITICAL - 2023-11-06 14:20:57 --> Undefined array key "id"
in APPPATH/Views/Home/show.php on line 9.
 1 APPPATH/Views/Home/show.php(9): CodeIgniter\Debug\Exceptions->errorHandler(2, 'Undefined array key "id"', '/Applications/MAMP/htdocs/coursework/app/Views/Home/show.php', 9)
 2 SYSTEMPATH/View/View.php(228): include('/Applications/MAMP/htdocs/coursework/app/Views/Home/show.php')
 3 SYSTEMPATH/View/View.php(231): CodeIgniter\View\View->CodeIgniter\View\{closure}()
 4 SYSTEMPATH/Common.php(1190): CodeIgniter\View\View->render('Home/show.php', [], true)
 5 APPPATH/Controllers/Home.php(20): view('Home/show.php', [...])
 6 SYSTEMPATH/CodeIgniter.php(942): App\Controllers\Home->show('1')
 7 SYSTEMPATH/CodeIgniter.php(502): CodeIgniter\CodeIgniter->runController(Object(App\Controllers\Home))
 8 SYSTEMPATH/CodeIgniter.php(361): CodeIgniter\CodeIgniter->handleRequest(null, Object(Config\Cache), false)
 9 FCPATH/index.php(79): CodeIgniter\CodeIgniter->run()
10 SYSTEMPATH/Commands/Server/rewrite.php(47): require_once('/Applications/MAMP/htdocs/coursework/public/index.php')
CRITICAL - 2023-11-06 16:39:20 --> Undefined variable $home
in APPPATH/Views/layout/header.php on line 6.
 1 APPPATH/Views/layout/header.php(6): CodeIgniter\Debug\Exceptions->errorHandler(2, 'Undefined variable $home', '/Applications/MAMP/htdocs/coursework/app/Views/layout/header.php', 6)
 2 SYSTEMPATH/View/View.php(228): include('/Applications/MAMP/htdocs/coursework/app/Views/layout/header.php')
 3 SYSTEMPATH/View/View.php(231): CodeIgniter\View\View->CodeIgniter\View\{closure}()
 4 SYSTEMPATH/Common.php(1190): CodeIgniter\View\View->render('layout/header', [], true)
 5 APPPATH/Views/layout/default.php(9): view('layout/header')
 6 SYSTEMPATH/View/View.php(228): include('/Applications/MAMP/htdocs/coursework/app/Views/layout/default.php')
 7 SYSTEMPATH/View/View.php(231): CodeIgniter\View\View->CodeIgniter\View\{closure}()
 8 SYSTEMPATH/View/View.php(244): CodeIgniter\View\View->render('layout/default', [], true)
 9 SYSTEMPATH/Common.php(1190): CodeIgniter\View\View->render('Wallet/index.php', [], true)
10 APPPATH/Controllers/Wallet.php(8): view('Wallet/index.php')
11 SYSTEMPATH/CodeIgniter.php(942): App\Controllers\Wallet->index()
12 SYSTEMPATH/CodeIgniter.php(502): CodeIgniter\CodeIgniter->runController(Object(App\Controllers\Wallet))
13 SYSTEMPATH/CodeIgniter.php(361): CodeIgniter\CodeIgniter->handleRequest(null, Object(Config\Cache), false)
14 FCPATH/index.php(79): CodeIgniter\CodeIgniter->run()
15 SYSTEMPATH/Commands/Server/rewrite.php(47): require_once('/Applications/MAMP/htdocs/coursework/public/index.php')
CRITICAL - 2023-11-06 23:12:49 --> Allowed memory size of 134217728 bytes exhausted (tried to allocate 32768 bytes)
in APPPATH/Views/layout/header.php on line 1.
 1 [internal function]: CodeIgniter\Debug\Exceptions->shutdownHandler()
