CRITICAL - 2023-11-07 12:00:34 --> Invalid file: "Home/new.php"
in SYSTEMPATH/Exceptions/FrameworkException.php on line 39.
 1 SYSTEMPATH/View/View.php(216): CodeIgniter\Exceptions\FrameworkException::forInvalidFile('Home/new.php')
 2 SYSTEMPATH/Common.php(1190): CodeIgniter\View\View->render('Home/new.php', [], true)
 3 APPPATH/Controllers/Home.php(25): view('Home/new.php')
 4 SYSTEMPATH/CodeIgniter.php(942): App\Controllers\Home->new()
 5 SYSTEMPATH/CodeIgniter.php(502): CodeIgniter\CodeIgniter->runController(Object(App\Controllers\Home))
 6 SYSTEMPATH/CodeIgniter.php(361): CodeIgniter\CodeIgniter->handleRequest(null, Object(Config\Cache), false)
 7 FCPATH/index.php(79): CodeIgniter\CodeIgniter->run()
 8 SYSTEMPATH/Commands/Server/rewrite.php(47): require_once('/Applications/MAMP/htdocs/coursework/public/index.php')
CRITICAL - 2023-11-07 12:36:54 --> Call to undefined function form_open()
in APPPATH/Views/Home/new.php on line 10.
 1 SYSTEMPATH/View/View.php(228): include()
 2 SYSTEMPATH/View/View.php(231): CodeIgniter\View\View->CodeIgniter\View\{closure}()
 3 SYSTEMPATH/Common.php(1190): CodeIgniter\View\View->render('Home/new.php', [], true)
 4 APPPATH/Controllers/Home.php(25): view('Home/new.php')
 5 SYSTEMPATH/CodeIgniter.php(942): App\Controllers\Home->new()
 6 SYSTEMPATH/CodeIgniter.php(502): CodeIgniter\CodeIgniter->runController(Object(App\Controllers\Home))
 7 SYSTEMPATH/CodeIgniter.php(361): CodeIgniter\CodeIgniter->handleRequest(null, Object(Config\Cache), false)
 8 FCPATH/index.php(79): CodeIgniter\CodeIgniter->run()
 9 SYSTEMPATH/Commands/Server/rewrite.php(47): require_once('/Applications/MAMP/htdocs/coursework/public/index.php')
CRITICAL - 2023-11-07 12:36:56 --> Call to undefined function form_open()
in APPPATH/Views/Home/new.php on line 10.
 1 SYSTEMPATH/View/View.php(228): include()
 2 SYSTEMPATH/View/View.php(231): CodeIgniter\View\View->CodeIgniter\View\{closure}()
 3 SYSTEMPATH/Common.php(1190): CodeIgniter\View\View->render('Home/new.php', [], true)
 4 APPPATH/Controllers/Home.php(25): view('Home/new.php')
 5 SYSTEMPATH/CodeIgniter.php(942): App\Controllers\Home->new()
 6 SYSTEMPATH/CodeIgniter.php(502): CodeIgniter\CodeIgniter->runController(Object(App\Controllers\Home))
 7 SYSTEMPATH/CodeIgniter.php(361): CodeIgniter\CodeIgniter->handleRequest(null, Object(Config\Cache), false)
 8 FCPATH/index.php(79): CodeIgniter\CodeIgniter->run()
 9 SYSTEMPATH/Commands/Server/rewrite.php(47): require_once('/Applications/MAMP/htdocs/coursework/public/index.php')
