CRITICAL - 2023-11-09 00:01:57 --> Class "App\Controllers\CI_Controller" not found
in APPPATH/Controllers/charts.php on line 18.
 1 SYSTEMPATH/Autoloader/Autoloader.php(312): include_once()
 2 SYSTEMPATH/Autoloader/Autoloader.php(291): CodeIgniter\Autoloader\Autoloader->includeFile('/Applications/MAMP/htdocs/coursework/app/Controllers/charts.php')
 3 SYSTEMPATH/Autoloader/Autoloader.php(269): CodeIgniter\Autoloader\Autoloader->loadInNamespace('App\\Controllers\\charts')
 4 [internal function]: CodeIgniter\Autoloader\Autoloader->loadClass('App\\Controllers\\charts')
 5 SYSTEMPATH/CodeIgniter.php(900): class_exists('\\App\\Controllers\\charts', true)
 6 SYSTEMPATH/CodeIgniter.php(489): CodeIgniter\CodeIgniter->startController()
 7 SYSTEMPATH/CodeIgniter.php(361): CodeIgniter\CodeIgniter->handleRequest(null, Object(Config\Cache), false)
 8 FCPATH/index.php(79): CodeIgniter\CodeIgniter->run()
 9 SYSTEMPATH/Commands/Server/rewrite.php(47): require_once('/Applications/MAMP/htdocs/coursework/public/index.php')
CRITICAL - 2023-11-09 00:42:01 --> Undefined array key "name_wallet"
in APPPATH/Views/Wallet/index.php on line 13.
 1 APPPATH/Views/Wallet/index.php(13): CodeIgniter\Debug\Exceptions->errorHandler(2, 'Undefined array key "name_wallet"', '/Applications/MAMP/htdocs/coursework/app/Views/Wallet/index.php', 13)
 2 SYSTEMPATH/View/View.php(228): include('/Applications/MAMP/htdocs/coursework/app/Views/Wallet/index.php')
 3 SYSTEMPATH/View/View.php(231): CodeIgniter\View\View->CodeIgniter\View\{closure}()
 4 SYSTEMPATH/Common.php(1190): CodeIgniter\View\View->render('Wallet/index.php', [], true)
 5 APPPATH/Controllers/Wallet.php(18): view('Wallet/index.php', [...])
 6 SYSTEMPATH/CodeIgniter.php(942): App\Controllers\Wallet->index()
 7 SYSTEMPATH/CodeIgniter.php(502): CodeIgniter\CodeIgniter->runController(Object(App\Controllers\Wallet))
 8 SYSTEMPATH/CodeIgniter.php(361): CodeIgniter\CodeIgniter->handleRequest(null, Object(Config\Cache), false)
 9 FCPATH/index.php(79): CodeIgniter\CodeIgniter->run()
10 SYSTEMPATH/Commands/Server/rewrite.php(47): require_once('/Applications/MAMP/htdocs/coursework/public/index.php')
CRITICAL - 2023-11-09 01:01:15 --> Undefined array key "name_wallet"
in APPPATH/Views/Wallet/index.php on line 13.
 1 APPPATH/Views/Wallet/index.php(13): CodeIgniter\Debug\Exceptions->errorHandler(2, 'Undefined array key "name_wallet"', '/Applications/MAMP/htdocs/coursework/app/Views/Wallet/index.php', 13)
 2 SYSTEMPATH/View/View.php(228): include('/Applications/MAMP/htdocs/coursework/app/Views/Wallet/index.php')
 3 SYSTEMPATH/View/View.php(231): CodeIgniter\View\View->CodeIgniter\View\{closure}()
 4 SYSTEMPATH/Common.php(1190): CodeIgniter\View\View->render('Wallet/index.php', [], true)
 5 APPPATH/Controllers/Wallet.php(18): view('Wallet/index.php', [...])
 6 SYSTEMPATH/CodeIgniter.php(942): App\Controllers\Wallet->index()
 7 SYSTEMPATH/CodeIgniter.php(502): CodeIgniter\CodeIgniter->runController(Object(App\Controllers\Wallet))
 8 SYSTEMPATH/CodeIgniter.php(361): CodeIgniter\CodeIgniter->handleRequest(null, Object(Config\Cache), false)
 9 FCPATH/index.php(79): CodeIgniter\CodeIgniter->run()
10 SYSTEMPATH/Commands/Server/rewrite.php(47): require_once('/Applications/MAMP/htdocs/coursework/public/index.php')
CRITICAL - 2023-11-09 01:04:24 --> Undefined array key "name_wallet"
in APPPATH/Views/Wallet/index.php on line 13.
 1 APPPATH/Views/Wallet/index.php(13): CodeIgniter\Debug\Exceptions->errorHandler(2, 'Undefined array key "name_wallet"', '/Applications/MAMP/htdocs/coursework/app/Views/Wallet/index.php', 13)
 2 SYSTEMPATH/View/View.php(228): include('/Applications/MAMP/htdocs/coursework/app/Views/Wallet/index.php')
 3 SYSTEMPATH/View/View.php(231): CodeIgniter\View\View->CodeIgniter\View\{closure}()
 4 SYSTEMPATH/Common.php(1190): CodeIgniter\View\View->render('Wallet/index.php', [], true)
 5 APPPATH/Controllers/Wallet.php(18): view('Wallet/index.php', [...])
 6 SYSTEMPATH/CodeIgniter.php(942): App\Controllers\Wallet->index()
 7 SYSTEMPATH/CodeIgniter.php(502): CodeIgniter\CodeIgniter->runController(Object(App\Controllers\Wallet))
 8 SYSTEMPATH/CodeIgniter.php(361): CodeIgniter\CodeIgniter->handleRequest(null, Object(Config\Cache), false)
 9 FCPATH/index.php(79): CodeIgniter\CodeIgniter->run()
10 SYSTEMPATH/Commands/Server/rewrite.php(47): require_once('/Applications/MAMP/htdocs/coursework/public/index.php')
CRITICAL - 2023-11-09 01:06:17 --> Undefined array key "name_wallet"
in APPPATH/Views/Wallet/index.php on line 13.
 1 APPPATH/Views/Wallet/index.php(13): CodeIgniter\Debug\Exceptions->errorHandler(2, 'Undefined array key "name_wallet"', '/Applications/MAMP/htdocs/coursework/app/Views/Wallet/index.php', 13)
 2 SYSTEMPATH/View/View.php(228): include('/Applications/MAMP/htdocs/coursework/app/Views/Wallet/index.php')
 3 SYSTEMPATH/View/View.php(231): CodeIgniter\View\View->CodeIgniter\View\{closure}()
 4 SYSTEMPATH/Common.php(1190): CodeIgniter\View\View->render('Wallet/index.php', [], true)
 5 APPPATH/Controllers/Wallet.php(18): view('Wallet/index.php', [...])
 6 SYSTEMPATH/CodeIgniter.php(942): App\Controllers\Wallet->index()
 7 SYSTEMPATH/CodeIgniter.php(502): CodeIgniter\CodeIgniter->runController(Object(App\Controllers\Wallet))
 8 SYSTEMPATH/CodeIgniter.php(361): CodeIgniter\CodeIgniter->handleRequest(null, Object(Config\Cache), false)
 9 FCPATH/index.php(79): CodeIgniter\CodeIgniter->run()
10 SYSTEMPATH/Commands/Server/rewrite.php(47): require_once('/Applications/MAMP/htdocs/coursework/public/index.php')
CRITICAL - 2023-11-09 01:09:41 --> Undefined array key "name_wallet"
in APPPATH/Views/Wallet/index.php on line 13.
 1 APPPATH/Views/Wallet/index.php(13): CodeIgniter\Debug\Exceptions->errorHandler(2, 'Undefined array key "name_wallet"', '/Applications/MAMP/htdocs/coursework/app/Views/Wallet/index.php', 13)
 2 SYSTEMPATH/View/View.php(228): include('/Applications/MAMP/htdocs/coursework/app/Views/Wallet/index.php')
 3 SYSTEMPATH/View/View.php(231): CodeIgniter\View\View->CodeIgniter\View\{closure}()
 4 SYSTEMPATH/Common.php(1190): CodeIgniter\View\View->render('Wallet/index.php', [], true)
 5 APPPATH/Controllers/Wallet.php(18): view('Wallet/index.php', [...])
 6 SYSTEMPATH/CodeIgniter.php(942): App\Controllers\Wallet->index()
 7 SYSTEMPATH/CodeIgniter.php(502): CodeIgniter\CodeIgniter->runController(Object(App\Controllers\Wallet))
 8 SYSTEMPATH/CodeIgniter.php(361): CodeIgniter\CodeIgniter->handleRequest(null, Object(Config\Cache), false)
 9 FCPATH/index.php(79): CodeIgniter\CodeIgniter->run()
10 SYSTEMPATH/Commands/Server/rewrite.php(47): require_once('/Applications/MAMP/htdocs/coursework/public/index.php')
CRITICAL - 2023-11-09 01:11:05 --> Undefined array key "name_wallet"
in APPPATH/Views/Wallet/index.php on line 13.
 1 APPPATH/Views/Wallet/index.php(13): CodeIgniter\Debug\Exceptions->errorHandler(2, 'Undefined array key "name_wallet"', '/Applications/MAMP/htdocs/coursework/app/Views/Wallet/index.php', 13)
 2 SYSTEMPATH/View/View.php(228): include('/Applications/MAMP/htdocs/coursework/app/Views/Wallet/index.php')
 3 SYSTEMPATH/View/View.php(231): CodeIgniter\View\View->CodeIgniter\View\{closure}()
 4 SYSTEMPATH/Common.php(1190): CodeIgniter\View\View->render('Wallet/index.php', [], true)
 5 APPPATH/Controllers/Wallet.php(18): view('Wallet/index.php', [...])
 6 SYSTEMPATH/CodeIgniter.php(942): App\Controllers\Wallet->index()
 7 SYSTEMPATH/CodeIgniter.php(502): CodeIgniter\CodeIgniter->runController(Object(App\Controllers\Wallet))
 8 SYSTEMPATH/CodeIgniter.php(361): CodeIgniter\CodeIgniter->handleRequest(null, Object(Config\Cache), false)
 9 FCPATH/index.php(79): CodeIgniter\CodeIgniter->run()
10 SYSTEMPATH/Commands/Server/rewrite.php(47): require_once('/Applications/MAMP/htdocs/coursework/public/index.php')
CRITICAL - 2023-11-09 01:23:18 --> Undefined variable $home
in APPPATH/Views/Home/index.php on line 7.
 1 APPPATH/Views/Home/index.php(7): CodeIgniter\Debug\Exceptions->errorHandler(2, 'Undefined variable $home', '/Applications/MAMP/htdocs/coursework/app/Views/Home/index.php', 7)
 2 SYSTEMPATH/View/View.php(228): include('/Applications/MAMP/htdocs/coursework/app/Views/Home/index.php')
 3 SYSTEMPATH/View/View.php(231): CodeIgniter\View\View->CodeIgniter\View\{closure}()
 4 SYSTEMPATH/Common.php(1190): CodeIgniter\View\View->render('Home/index.php', [], true)
 5 APPPATH/Controllers/Home.php(28): view('Home/index.php')
 6 SYSTEMPATH/CodeIgniter.php(942): App\Controllers\Home->new()
 7 SYSTEMPATH/CodeIgniter.php(502): CodeIgniter\CodeIgniter->runController(Object(App\Controllers\Home))
 8 SYSTEMPATH/CodeIgniter.php(361): CodeIgniter\CodeIgniter->handleRequest(null, Object(Config\Cache), false)
 9 FCPATH/index.php(79): CodeIgniter\CodeIgniter->run()
10 SYSTEMPATH/Commands/Server/rewrite.php(47): require_once('/Applications/MAMP/htdocs/coursework/public/index.php')
CRITICAL - 2023-11-09 01:24:10 --> Undefined variable $home
in APPPATH/Views/Home/index.php on line 7.
 1 APPPATH/Views/Home/index.php(7): CodeIgniter\Debug\Exceptions->errorHandler(2, 'Undefined variable $home', '/Applications/MAMP/htdocs/coursework/app/Views/Home/index.php', 7)
 2 SYSTEMPATH/View/View.php(228): include('/Applications/MAMP/htdocs/coursework/app/Views/Home/index.php')
 3 SYSTEMPATH/View/View.php(231): CodeIgniter\View\View->CodeIgniter\View\{closure}()
 4 SYSTEMPATH/Common.php(1190): CodeIgniter\View\View->render('Home/index.php', [], true)
 5 APPPATH/Controllers/Home.php(28): view('Home/index.php')
 6 SYSTEMPATH/CodeIgniter.php(942): App\Controllers\Home->new()
 7 SYSTEMPATH/CodeIgniter.php(502): CodeIgniter\CodeIgniter->runController(Object(App\Controllers\Home))
 8 SYSTEMPATH/CodeIgniter.php(361): CodeIgniter\CodeIgniter->handleRequest(null, Object(Config\Cache), false)
 9 FCPATH/index.php(79): CodeIgniter\CodeIgniter->run()
10 SYSTEMPATH/Commands/Server/rewrite.php(47): require_once('/Applications/MAMP/htdocs/coursework/public/index.php')
CRITICAL - 2023-11-09 01:24:14 --> Undefined variable $home
in APPPATH/Views/Home/index.php on line 7.
 1 APPPATH/Views/Home/index.php(7): CodeIgniter\Debug\Exceptions->errorHandler(2, 'Undefined variable $home', '/Applications/MAMP/htdocs/coursework/app/Views/Home/index.php', 7)
 2 SYSTEMPATH/View/View.php(228): include('/Applications/MAMP/htdocs/coursework/app/Views/Home/index.php')
 3 SYSTEMPATH/View/View.php(231): CodeIgniter\View\View->CodeIgniter\View\{closure}()
 4 SYSTEMPATH/Common.php(1190): CodeIgniter\View\View->render('Home/index.php', [], true)
 5 APPPATH/Controllers/Home.php(28): view('Home/index.php')
 6 SYSTEMPATH/CodeIgniter.php(942): App\Controllers\Home->new()
 7 SYSTEMPATH/CodeIgniter.php(502): CodeIgniter\CodeIgniter->runController(Object(App\Controllers\Home))
 8 SYSTEMPATH/CodeIgniter.php(361): CodeIgniter\CodeIgniter->handleRequest(null, Object(Config\Cache), false)
 9 FCPATH/index.php(79): CodeIgniter\CodeIgniter->run()
10 SYSTEMPATH/Commands/Server/rewrite.php(47): require_once('/Applications/MAMP/htdocs/coursework/public/index.php')
CRITICAL - 2023-11-09 01:24:28 --> Undefined variable $home
in APPPATH/Views/Home/index.php on line 7.
 1 APPPATH/Views/Home/index.php(7): CodeIgniter\Debug\Exceptions->errorHandler(2, 'Undefined variable $home', '/Applications/MAMP/htdocs/coursework/app/Views/Home/index.php', 7)
 2 SYSTEMPATH/View/View.php(228): include('/Applications/MAMP/htdocs/coursework/app/Views/Home/index.php')
 3 SYSTEMPATH/View/View.php(231): CodeIgniter\View\View->CodeIgniter\View\{closure}()
 4 SYSTEMPATH/Common.php(1190): CodeIgniter\View\View->render('Home/index.php', [], true)
 5 APPPATH/Controllers/Home.php(28): view('Home/index.php')
 6 SYSTEMPATH/CodeIgniter.php(942): App\Controllers\Home->new()
 7 SYSTEMPATH/CodeIgniter.php(502): CodeIgniter\CodeIgniter->runController(Object(App\Controllers\Home))
 8 SYSTEMPATH/CodeIgniter.php(361): CodeIgniter\CodeIgniter->handleRequest(null, Object(Config\Cache), false)
 9 FCPATH/index.php(79): CodeIgniter\CodeIgniter->run()
10 SYSTEMPATH/Commands/Server/rewrite.php(47): require_once('/Applications/MAMP/htdocs/coursework/public/index.php')
CRITICAL - 2023-11-09 01:24:43 --> Undefined variable $home
in APPPATH/Views/Home/index.php on line 7.
 1 APPPATH/Views/Home/index.php(7): CodeIgniter\Debug\Exceptions->errorHandler(2, 'Undefined variable $home', '/Applications/MAMP/htdocs/coursework/app/Views/Home/index.php', 7)
 2 SYSTEMPATH/View/View.php(228): include('/Applications/MAMP/htdocs/coursework/app/Views/Home/index.php')
 3 SYSTEMPATH/View/View.php(231): CodeIgniter\View\View->CodeIgniter\View\{closure}()
 4 SYSTEMPATH/Common.php(1190): CodeIgniter\View\View->render('Home/index.php', [], true)
 5 APPPATH/Controllers/Home.php(28): view('Home/index.php')
 6 SYSTEMPATH/CodeIgniter.php(942): App\Controllers\Home->new()
 7 SYSTEMPATH/CodeIgniter.php(502): CodeIgniter\CodeIgniter->runController(Object(App\Controllers\Home))
 8 SYSTEMPATH/CodeIgniter.php(361): CodeIgniter\CodeIgniter->handleRequest(null, Object(Config\Cache), false)
 9 FCPATH/index.php(79): CodeIgniter\CodeIgniter->run()
10 SYSTEMPATH/Commands/Server/rewrite.php(47): require_once('/Applications/MAMP/htdocs/coursework/public/index.php')
CRITICAL - 2023-11-09 01:33:54 --> Undefined array key "id"
in APPPATH/Views/Home/show.php on line 8.
 1 APPPATH/Views/Home/show.php(8): CodeIgniter\Debug\Exceptions->errorHandler(2, 'Undefined array key "id"', '/Applications/MAMP/htdocs/coursework/app/Views/Home/show.php', 8)
 2 SYSTEMPATH/View/View.php(228): include('/Applications/MAMP/htdocs/coursework/app/Views/Home/show.php')
 3 SYSTEMPATH/View/View.php(231): CodeIgniter\View\View->CodeIgniter\View\{closure}()
 4 SYSTEMPATH/Common.php(1190): CodeIgniter\View\View->render('Home/show.php', [], true)
 5 APPPATH/Controllers/Home.php(22): view('Home/show.php', [...])
 6 SYSTEMPATH/CodeIgniter.php(942): App\Controllers\Home->show('8')
 7 SYSTEMPATH/CodeIgniter.php(502): CodeIgniter\CodeIgniter->runController(Object(App\Controllers\Home))
 8 SYSTEMPATH/CodeIgniter.php(361): CodeIgniter\CodeIgniter->handleRequest(null, Object(Config\Cache), false)
 9 FCPATH/index.php(79): CodeIgniter\CodeIgniter->run()
10 SYSTEMPATH/Commands/Server/rewrite.php(47): require_once('/Applications/MAMP/htdocs/coursework/public/index.php')
CRITICAL - 2023-11-09 01:46:34 --> Undefined variable $categories
in APPPATH/Views/charts/pie_chart.php on line 13.
 1 APPPATH/Views/charts/pie_chart.php(13): CodeIgniter\Debug\Exceptions->errorHandler(2, 'Undefined variable $categories', '/Applications/MAMP/htdocs/coursework/app/Views/charts/pie_chart.php', 13)
 2 SYSTEMPATH/View/View.php(228): include('/Applications/MAMP/htdocs/coursework/app/Views/charts/pie_chart.php')
 3 SYSTEMPATH/View/View.php(231): CodeIgniter\View\View->CodeIgniter\View\{closure}()
 4 SYSTEMPATH/Common.php(1190): CodeIgniter\View\View->render('charts/pie_chart.php', [], true)
 5 APPPATH/Controllers/charts.php(9): view('charts/pie_chart.php')
 6 SYSTEMPATH/CodeIgniter.php(942): App\Controllers\Charts->show()
 7 SYSTEMPATH/CodeIgniter.php(502): CodeIgniter\CodeIgniter->runController(Object(App\Controllers\Charts))
 8 SYSTEMPATH/CodeIgniter.php(361): CodeIgniter\CodeIgniter->handleRequest(null, Object(Config\Cache), false)
 9 FCPATH/index.php(79): CodeIgniter\CodeIgniter->run()
10 SYSTEMPATH/Commands/Server/rewrite.php(47): require_once('/Applications/MAMP/htdocs/coursework/public/index.php')
CRITICAL - 2023-11-09 01:47:06 --> Undefined variable $expenses
in APPPATH/Views/charts/pie_chart.php on line 14.
 1 APPPATH/Views/charts/pie_chart.php(14): CodeIgniter\Debug\Exceptions->errorHandler(2, 'Undefined variable $expenses', '/Applications/MAMP/htdocs/coursework/app/Views/charts/pie_chart.php', 14)
 2 SYSTEMPATH/View/View.php(228): include('/Applications/MAMP/htdocs/coursework/app/Views/charts/pie_chart.php')
 3 SYSTEMPATH/View/View.php(231): CodeIgniter\View\View->CodeIgniter\View\{closure}()
 4 SYSTEMPATH/Common.php(1190): CodeIgniter\View\View->render('charts/pie_chart.php', [], true)
 5 APPPATH/Controllers/charts.php(9): view('charts/pie_chart.php')
 6 SYSTEMPATH/CodeIgniter.php(942): App\Controllers\Charts->show()
 7 SYSTEMPATH/CodeIgniter.php(502): CodeIgniter\CodeIgniter->runController(Object(App\Controllers\Charts))
 8 SYSTEMPATH/CodeIgniter.php(361): CodeIgniter\CodeIgniter->handleRequest(null, Object(Config\Cache), false)
 9 FCPATH/index.php(79): CodeIgniter\CodeIgniter->run()
10 SYSTEMPATH/Commands/Server/rewrite.php(47): require_once('/Applications/MAMP/htdocs/coursework/public/index.php')
CRITICAL - 2023-11-09 01:48:13 --> Undefined variable $categories
in APPPATH/Views/charts/pie_chart.php on line 13.
 1 APPPATH/Views/charts/pie_chart.php(13): CodeIgniter\Debug\Exceptions->errorHandler(2, 'Undefined variable $categories', '/Applications/MAMP/htdocs/coursework/app/Views/charts/pie_chart.php', 13)
 2 SYSTEMPATH/View/View.php(228): include('/Applications/MAMP/htdocs/coursework/app/Views/charts/pie_chart.php')
 3 SYSTEMPATH/View/View.php(231): CodeIgniter\View\View->CodeIgniter\View\{closure}()
 4 SYSTEMPATH/Common.php(1190): CodeIgniter\View\View->render('charts/pie_chart.php', [], true)
 5 APPPATH/Controllers/charts.php(9): view('charts/pie_chart.php')
 6 SYSTEMPATH/CodeIgniter.php(942): App\Controllers\Charts->show()
 7 SYSTEMPATH/CodeIgniter.php(502): CodeIgniter\CodeIgniter->runController(Object(App\Controllers\Charts))
 8 SYSTEMPATH/CodeIgniter.php(361): CodeIgniter\CodeIgniter->handleRequest(null, Object(Config\Cache), false)
 9 FCPATH/index.php(79): CodeIgniter\CodeIgniter->run()
10 SYSTEMPATH/Commands/Server/rewrite.php(47): require_once('/Applications/MAMP/htdocs/coursework/public/index.php')
CRITICAL - 2023-11-09 12:36:54 --> Too few arguments to function CodeIgniter\Router\RouteCollection::get(), 1 passed in /Applications/MAMP/htdocs/coursework/app/Config/Routes.php on line 20 and at least 2 expected
in SYSTEMPATH/Router/RouteCollection.php on line 1016.
 1 APPPATH/Config/Routes.php(20): CodeIgniter\Router\RouteCollection->get('/category')
 2 SYSTEMPATH/Router/RouteCollection.php(344): require('/Applications/MAMP/htdocs/coursework/app/Config/Routes.php')
 3 SYSTEMPATH/CodeIgniter.php(810): CodeIgniter\Router\RouteCollection->loadRoutes()
 4 SYSTEMPATH/CodeIgniter.php(450): CodeIgniter\CodeIgniter->tryToRouteIt(null)
 5 SYSTEMPATH/CodeIgniter.php(361): CodeIgniter\CodeIgniter->handleRequest(null, Object(Config\Cache), false)
 6 FCPATH/index.php(79): CodeIgniter\CodeIgniter->run()
 7 SYSTEMPATH/Commands/Server/rewrite.php(47): require_once('/Applications/MAMP/htdocs/coursework/public/index.php')
CRITICAL - 2023-11-09 14:04:05 --> php_network_getaddresses: getaddrinfo for hostname failed: nodename nor servname provided, or not known
in APPPATH/Views/Category/tabl_category.php on line 21.
 1 APPPATH/Views/Category/tabl_category.php(21): mysqli->__construct('hostname', 'username', Object(SensitiveParameterValue), 'financedb')
 2 SYSTEMPATH/View/View.php(228): include('/Applications/MAMP/htdocs/coursework/app/Views/Category/tabl_category.php')
 3 SYSTEMPATH/View/View.php(231): CodeIgniter\View\View->CodeIgniter\View\{closure}()
 4 SYSTEMPATH/Common.php(1190): CodeIgniter\View\View->render('Category/tabl_category.php', [], true)
 5 APPPATH/Controllers/Category.php(9): view('Category/tabl_category.php')
 6 SYSTEMPATH/CodeIgniter.php(942): App\Controllers\Category->show()
 7 SYSTEMPATH/CodeIgniter.php(502): CodeIgniter\CodeIgniter->runController(Object(App\Controllers\Category))
 8 SYSTEMPATH/CodeIgniter.php(361): CodeIgniter\CodeIgniter->handleRequest(null, Object(Config\Cache), false)
 9 FCPATH/index.php(79): CodeIgniter\CodeIgniter->run()
10 SYSTEMPATH/Commands/Server/rewrite.php(47): require_once('/Applications/MAMP/htdocs/coursework/public/index.php')
CRITICAL - 2023-11-09 14:12:04 --> php_network_getaddresses: getaddrinfo for hostname failed: nodename nor servname provided, or not known
in APPPATH/Views/Category/tabl_category.php on line 22.
 1 APPPATH/Views/Category/tabl_category.php(22): mysqli->__construct('hostname', 'username', Object(SensitiveParameterValue), 'financedb')
 2 SYSTEMPATH/View/View.php(228): include('/Applications/MAMP/htdocs/coursework/app/Views/Category/tabl_category.php')
 3 SYSTEMPATH/View/View.php(231): CodeIgniter\View\View->CodeIgniter\View\{closure}()
 4 SYSTEMPATH/Common.php(1190): CodeIgniter\View\View->render('Category/tabl_category.php', [], true)
 5 APPPATH/Controllers/Category.php(17): view('Category/tabl_category.php', [...])
 6 SYSTEMPATH/CodeIgniter.php(942): App\Controllers\Category->index()
 7 SYSTEMPATH/CodeIgniter.php(502): CodeIgniter\CodeIgniter->runController(Object(App\Controllers\Category))
 8 SYSTEMPATH/CodeIgniter.php(361): CodeIgniter\CodeIgniter->handleRequest(null, Object(Config\Cache), false)
 9 FCPATH/index.php(79): CodeIgniter\CodeIgniter->run()
10 SYSTEMPATH/Commands/Server/rewrite.php(47): require_once('/Applications/MAMP/htdocs/coursework/public/index.php')
CRITICAL - 2023-11-09 14:18:43 --> Undefined array key "name"
in APPPATH/Views/Category/tabl_category.php on line 36.
 1 APPPATH/Views/Category/tabl_category.php(36): CodeIgniter\Debug\Exceptions->errorHandler(2, 'Undefined array key "name"', '/Applications/MAMP/htdocs/coursework/app/Views/Category/tabl_category.php', 36)
 2 SYSTEMPATH/View/View.php(228): include('/Applications/MAMP/htdocs/coursework/app/Views/Category/tabl_category.php')
 3 SYSTEMPATH/View/View.php(231): CodeIgniter\View\View->CodeIgniter\View\{closure}()
 4 SYSTEMPATH/Common.php(1190): CodeIgniter\View\View->render('Category/tabl_category.php', [], true)
 5 APPPATH/Controllers/Category.php(17): view('Category/tabl_category.php', [...])
 6 SYSTEMPATH/CodeIgniter.php(942): App\Controllers\Category->index()
 7 SYSTEMPATH/CodeIgniter.php(502): CodeIgniter\CodeIgniter->runController(Object(App\Controllers\Category))
 8 SYSTEMPATH/CodeIgniter.php(361): CodeIgniter\CodeIgniter->handleRequest(null, Object(Config\Cache), false)
 9 FCPATH/index.php(79): CodeIgniter\CodeIgniter->run()
10 SYSTEMPATH/Commands/Server/rewrite.php(47): require_once('/Applications/MAMP/htdocs/coursework/public/index.php')
CRITICAL - 2023-11-09 14:23:35 --> Undefined array key "quantity"
in APPPATH/Views/Category/tabl_category.php on line 38.
 1 APPPATH/Views/Category/tabl_category.php(38): CodeIgniter\Debug\Exceptions->errorHandler(2, 'Undefined array key "quantity"', '/Applications/MAMP/htdocs/coursework/app/Views/Category/tabl_category.php', 38)
 2 SYSTEMPATH/View/View.php(228): include('/Applications/MAMP/htdocs/coursework/app/Views/Category/tabl_category.php')
 3 SYSTEMPATH/View/View.php(231): CodeIgniter\View\View->CodeIgniter\View\{closure}()
 4 SYSTEMPATH/Common.php(1190): CodeIgniter\View\View->render('Category/tabl_category.php', [], true)
 5 APPPATH/Controllers/Category.php(17): view('Category/tabl_category.php', [...])
 6 SYSTEMPATH/CodeIgniter.php(942): App\Controllers\Category->index()
 7 SYSTEMPATH/CodeIgniter.php(502): CodeIgniter\CodeIgniter->runController(Object(App\Controllers\Category))
 8 SYSTEMPATH/CodeIgniter.php(361): CodeIgniter\CodeIgniter->handleRequest(null, Object(Config\Cache), false)
 9 FCPATH/index.php(79): CodeIgniter\CodeIgniter->run()
10 SYSTEMPATH/Commands/Server/rewrite.php(47): require_once('/Applications/MAMP/htdocs/coursework/public/index.php')
CRITICAL - 2023-11-09 14:26:54 --> Undefined array key "quantity"
in APPPATH/Views/Category/tabl_category.php on line 37.
 1 APPPATH/Views/Category/tabl_category.php(37): CodeIgniter\Debug\Exceptions->errorHandler(2, 'Undefined array key "quantity"', '/Applications/MAMP/htdocs/coursework/app/Views/Category/tabl_category.php', 37)
 2 SYSTEMPATH/View/View.php(228): include('/Applications/MAMP/htdocs/coursework/app/Views/Category/tabl_category.php')
 3 SYSTEMPATH/View/View.php(231): CodeIgniter\View\View->CodeIgniter\View\{closure}()
 4 SYSTEMPATH/Common.php(1190): CodeIgniter\View\View->render('Category/tabl_category.php', [], true)
 5 APPPATH/Controllers/Category.php(17): view('Category/tabl_category.php', [...])
 6 SYSTEMPATH/CodeIgniter.php(942): App\Controllers\Category->index()
 7 SYSTEMPATH/CodeIgniter.php(502): CodeIgniter\CodeIgniter->runController(Object(App\Controllers\Category))
 8 SYSTEMPATH/CodeIgniter.php(361): CodeIgniter\CodeIgniter->handleRequest(null, Object(Config\Cache), false)
 9 FCPATH/index.php(79): CodeIgniter\CodeIgniter->run()
10 SYSTEMPATH/Commands/Server/rewrite.php(47): require_once('/Applications/MAMP/htdocs/coursework/public/index.php')
CRITICAL - 2023-11-09 14:27:04 --> Undefined array key ""
in APPPATH/Views/Category/tabl_category.php on line 37.
 1 APPPATH/Views/Category/tabl_category.php(37): CodeIgniter\Debug\Exceptions->errorHandler(2, 'Undefined array key ""', '/Applications/MAMP/htdocs/coursework/app/Views/Category/tabl_category.php', 37)
 2 SYSTEMPATH/View/View.php(228): include('/Applications/MAMP/htdocs/coursework/app/Views/Category/tabl_category.php')
 3 SYSTEMPATH/View/View.php(231): CodeIgniter\View\View->CodeIgniter\View\{closure}()
 4 SYSTEMPATH/Common.php(1190): CodeIgniter\View\View->render('Category/tabl_category.php', [], true)
 5 APPPATH/Controllers/Category.php(17): view('Category/tabl_category.php', [...])
 6 SYSTEMPATH/CodeIgniter.php(942): App\Controllers\Category->index()
 7 SYSTEMPATH/CodeIgniter.php(502): CodeIgniter\CodeIgniter->runController(Object(App\Controllers\Category))
 8 SYSTEMPATH/CodeIgniter.php(361): CodeIgniter\CodeIgniter->handleRequest(null, Object(Config\Cache), false)
 9 FCPATH/index.php(79): CodeIgniter\CodeIgniter->run()
10 SYSTEMPATH/Commands/Server/rewrite.php(47): require_once('/Applications/MAMP/htdocs/coursework/public/index.php')
CRITICAL - 2023-11-09 14:27:33 --> Undefined array key "wallet_id "
in APPPATH/Views/Category/tabl_category.php on line 37.
 1 APPPATH/Views/Category/tabl_category.php(37): CodeIgniter\Debug\Exceptions->errorHandler(2, 'Undefined array key "wallet_id "', '/Applications/MAMP/htdocs/coursework/app/Views/Category/tabl_category.php', 37)
 2 SYSTEMPATH/View/View.php(228): include('/Applications/MAMP/htdocs/coursework/app/Views/Category/tabl_category.php')
 3 SYSTEMPATH/View/View.php(231): CodeIgniter\View\View->CodeIgniter\View\{closure}()
 4 SYSTEMPATH/Common.php(1190): CodeIgniter\View\View->render('Category/tabl_category.php', [], true)
 5 APPPATH/Controllers/Category.php(17): view('Category/tabl_category.php', [...])
 6 SYSTEMPATH/CodeIgniter.php(942): App\Controllers\Category->index()
 7 SYSTEMPATH/CodeIgniter.php(502): CodeIgniter\CodeIgniter->runController(Object(App\Controllers\Category))
 8 SYSTEMPATH/CodeIgniter.php(361): CodeIgniter\CodeIgniter->handleRequest(null, Object(Config\Cache), false)
 9 FCPATH/index.php(79): CodeIgniter\CodeIgniter->run()
10 SYSTEMPATH/Commands/Server/rewrite.php(47): require_once('/Applications/MAMP/htdocs/coursework/public/index.php')
CRITICAL - 2023-11-09 14:27:35 --> Undefined array key "wallet_id "
in APPPATH/Views/Category/tabl_category.php on line 37.
 1 APPPATH/Views/Category/tabl_category.php(37): CodeIgniter\Debug\Exceptions->errorHandler(2, 'Undefined array key "wallet_id "', '/Applications/MAMP/htdocs/coursework/app/Views/Category/tabl_category.php', 37)
 2 SYSTEMPATH/View/View.php(228): include('/Applications/MAMP/htdocs/coursework/app/Views/Category/tabl_category.php')
 3 SYSTEMPATH/View/View.php(231): CodeIgniter\View\View->CodeIgniter\View\{closure}()
 4 SYSTEMPATH/Common.php(1190): CodeIgniter\View\View->render('Category/tabl_category.php', [], true)
 5 APPPATH/Controllers/Category.php(17): view('Category/tabl_category.php', [...])
 6 SYSTEMPATH/CodeIgniter.php(942): App\Controllers\Category->index()
 7 SYSTEMPATH/CodeIgniter.php(502): CodeIgniter\CodeIgniter->runController(Object(App\Controllers\Category))
 8 SYSTEMPATH/CodeIgniter.php(361): CodeIgniter\CodeIgniter->handleRequest(null, Object(Config\Cache), false)
 9 FCPATH/index.php(79): CodeIgniter\CodeIgniter->run()
10 SYSTEMPATH/Commands/Server/rewrite.php(47): require_once('/Applications/MAMP/htdocs/coursework/public/index.php')
CRITICAL - 2023-11-09 14:29:21 --> Undefined array key "<td><input type="number" id="newMoneySpent" placeholder="Введите сумму"></td>"
in APPPATH/Views/Category/tabl_category.php on line 37.
 1 APPPATH/Views/Category/tabl_category.php(37): CodeIgniter\Debug\Exceptions->errorHandler(2, 'Undefined array key "<td><input type="number" id="newMoneySpent" placeholder="Введите сумму"></td>"', '/Applications/MAMP/htdocs/coursework/app/Views/Category/tabl_category.php', 37)
 2 SYSTEMPATH/View/View.php(228): include('/Applications/MAMP/htdocs/coursework/app/Views/Category/tabl_category.php')
 3 SYSTEMPATH/View/View.php(231): CodeIgniter\View\View->CodeIgniter\View\{closure}()
 4 SYSTEMPATH/Common.php(1190): CodeIgniter\View\View->render('Category/tabl_category.php', [], true)
 5 APPPATH/Controllers/Category.php(17): view('Category/tabl_category.php', [...])
 6 SYSTEMPATH/CodeIgniter.php(942): App\Controllers\Category->index()
 7 SYSTEMPATH/CodeIgniter.php(502): CodeIgniter\CodeIgniter->runController(Object(App\Controllers\Category))
 8 SYSTEMPATH/CodeIgniter.php(361): CodeIgniter\CodeIgniter->handleRequest(null, Object(Config\Cache), false)
 9 FCPATH/index.php(79): CodeIgniter\CodeIgniter->run()
10 SYSTEMPATH/Commands/Server/rewrite.php(47): require_once('/Applications/MAMP/htdocs/coursework/public/index.php')
CRITICAL - 2023-11-09 14:30:10 --> Undefined array key "<input type="number" id="newMoneySpent" placeholder="Введите сумму">"
in APPPATH/Views/Category/tabl_category.php on line 37.
 1 APPPATH/Views/Category/tabl_category.php(37): CodeIgniter\Debug\Exceptions->errorHandler(2, 'Undefined array key "<input type="number" id="newMoneySpent" placeholder="Введите сумму">"', '/Applications/MAMP/htdocs/coursework/app/Views/Category/tabl_category.php', 37)
 2 SYSTEMPATH/View/View.php(228): include('/Applications/MAMP/htdocs/coursework/app/Views/Category/tabl_category.php')
 3 SYSTEMPATH/View/View.php(231): CodeIgniter\View\View->CodeIgniter\View\{closure}()
 4 SYSTEMPATH/Common.php(1190): CodeIgniter\View\View->render('Category/tabl_category.php', [], true)
 5 APPPATH/Controllers/Category.php(17): view('Category/tabl_category.php', [...])
 6 SYSTEMPATH/CodeIgniter.php(942): App\Controllers\Category->index()
 7 SYSTEMPATH/CodeIgniter.php(502): CodeIgniter\CodeIgniter->runController(Object(App\Controllers\Category))
 8 SYSTEMPATH/CodeIgniter.php(361): CodeIgniter\CodeIgniter->handleRequest(null, Object(Config\Cache), false)
 9 FCPATH/index.php(79): CodeIgniter\CodeIgniter->run()
10 SYSTEMPATH/Commands/Server/rewrite.php(47): require_once('/Applications/MAMP/htdocs/coursework/public/index.php')
CRITICAL - 2023-11-09 14:30:59 --> syntax error, unexpected token "<", expecting "]"
in APPPATH/Views/Category/tabl_category.php on line 37.
 1 SYSTEMPATH/View/View.php(231): CodeIgniter\View\View->CodeIgniter\View\{closure}()
 2 SYSTEMPATH/Common.php(1190): CodeIgniter\View\View->render('Category/tabl_category.php', [], true)
 3 APPPATH/Controllers/Category.php(17): view('Category/tabl_category.php', [...])
 4 SYSTEMPATH/CodeIgniter.php(942): App\Controllers\Category->index()
 5 SYSTEMPATH/CodeIgniter.php(502): CodeIgniter\CodeIgniter->runController(Object(App\Controllers\Category))
 6 SYSTEMPATH/CodeIgniter.php(361): CodeIgniter\CodeIgniter->handleRequest(null, Object(Config\Cache), false)
 7 FCPATH/index.php(79): CodeIgniter\CodeIgniter->run()
 8 SYSTEMPATH/Commands/Server/rewrite.php(47): require_once('/Applications/MAMP/htdocs/coursework/public/index.php')
CRITICAL - 2023-11-09 14:33:16 --> syntax error, unexpected identifier "number", expecting "," or ";"
in APPPATH/Views/Category/tabl_category.php on line 37.
 1 SYSTEMPATH/View/View.php(231): CodeIgniter\View\View->CodeIgniter\View\{closure}()
 2 SYSTEMPATH/Common.php(1190): CodeIgniter\View\View->render('Category/tabl_category.php', [], true)
 3 APPPATH/Controllers/Category.php(17): view('Category/tabl_category.php', [...])
 4 SYSTEMPATH/CodeIgniter.php(942): App\Controllers\Category->index()
 5 SYSTEMPATH/CodeIgniter.php(502): CodeIgniter\CodeIgniter->runController(Object(App\Controllers\Category))
 6 SYSTEMPATH/CodeIgniter.php(361): CodeIgniter\CodeIgniter->handleRequest(null, Object(Config\Cache), false)
 7 FCPATH/index.php(79): CodeIgniter\CodeIgniter->run()
 8 SYSTEMPATH/Commands/Server/rewrite.php(47): require_once('/Applications/MAMP/htdocs/coursework/public/index.php')
CRITICAL - 2023-11-09 14:34:20 --> Undefined array key "<?= <input type="number" id="newMoneySpent" placeholder="Введите сумму"> ?>"
in APPPATH/Views/Category/tabl_category.php on line 37.
 1 APPPATH/Views/Category/tabl_category.php(37): CodeIgniter\Debug\Exceptions->errorHandler(2, 'Undefined array key "<?= <input type="number" id="newMoneySpent" placeholder="Введите сумму"> ?>"', '/Applications/MAMP/htdocs/coursework/app/Views/Category/tabl_category.php', 37)
 2 SYSTEMPATH/View/View.php(228): include('/Applications/MAMP/htdocs/coursework/app/Views/Category/tabl_category.php')
 3 SYSTEMPATH/View/View.php(231): CodeIgniter\View\View->CodeIgniter\View\{closure}()
 4 SYSTEMPATH/Common.php(1190): CodeIgniter\View\View->render('Category/tabl_category.php', [], true)
 5 APPPATH/Controllers/Category.php(17): view('Category/tabl_category.php', [...])
 6 SYSTEMPATH/CodeIgniter.php(942): App\Controllers\Category->index()
 7 SYSTEMPATH/CodeIgniter.php(502): CodeIgniter\CodeIgniter->runController(Object(App\Controllers\Category))
 8 SYSTEMPATH/CodeIgniter.php(361): CodeIgniter\CodeIgniter->handleRequest(null, Object(Config\Cache), false)
 9 FCPATH/index.php(79): CodeIgniter\CodeIgniter->run()
10 SYSTEMPATH/Commands/Server/rewrite.php(47): require_once('/Applications/MAMP/htdocs/coursework/public/index.php')
ERROR - 2023-11-09 20:24:22 --> mysqli_sql_exception: Column 'name' cannot be null in /Applications/MAMP/htdocs/coursework/system/Database/MySQLi/Connection.php:306
Stack trace:
#0 /Applications/MAMP/htdocs/coursework/system/Database/MySQLi/Connection.php(306): mysqli->query('INSERT INTO `us...', 0)
#1 /Applications/MAMP/htdocs/coursework/system/Database/BaseConnection.php(693): CodeIgniter\Database\MySQLi\Connection->execute('INSERT INTO `us...')
#2 /Applications/MAMP/htdocs/coursework/system/Database/BaseConnection.php(607): CodeIgniter\Database\BaseConnection->simpleQuery('INSERT INTO `us...')
#3 /Applications/MAMP/htdocs/coursework/system/Database/BaseBuilder.php(2308): CodeIgniter\Database\BaseConnection->query('INSERT INTO `us...', Array, false)
#4 /Applications/MAMP/htdocs/coursework/system/Model.php(319): CodeIgniter\Database\BaseBuilder->insert()
#5 /Applications/MAMP/htdocs/coursework/system/BaseModel.php(788): CodeIgniter\Model->doInsert(Array)
#6 /Applications/MAMP/htdocs/coursework/system/Model.php(715): CodeIgniter\BaseModel->insert(Array, true)
#7 /Applications/MAMP/htdocs/coursework/app/Controllers/Home.php(36): CodeIgniter\Model->insert(Array)
#8 /Applications/MAMP/htdocs/coursework/system/CodeIgniter.php(942): App\Controllers\Home->store()
#9 /Applications/MAMP/htdocs/coursework/system/CodeIgniter.php(502): CodeIgniter\CodeIgniter->runController(Object(App\Controllers\Home))
#10 /Applications/MAMP/htdocs/coursework/system/CodeIgniter.php(361): CodeIgniter\CodeIgniter->handleRequest(NULL, Object(Config\Cache), false)
#11 /Applications/MAMP/htdocs/coursework/public/index.php(79): CodeIgniter\CodeIgniter->run()
#12 /Applications/MAMP/htdocs/coursework/system/Commands/Server/rewrite.php(47): require_once('/Applications/M...')
#13 {main}
CRITICAL - 2023-11-09 20:24:22 --> Column 'name' cannot be null
in SYSTEMPATH/Database/BaseConnection.php on line 647.
 1 SYSTEMPATH/Database/BaseBuilder.php(2308): CodeIgniter\Database\BaseConnection->query('INSERT INTO `user` (`name`, `surname`, `email`, `password`) VALUES (:name:, :surname:, :email:, :password:)', [...], false)
 2 SYSTEMPATH/Model.php(319): CodeIgniter\Database\BaseBuilder->insert()
 3 SYSTEMPATH/BaseModel.php(788): CodeIgniter\Model->doInsert([...])
 4 SYSTEMPATH/Model.php(715): CodeIgniter\BaseModel->insert([...], true)
 5 APPPATH/Controllers/Home.php(36): CodeIgniter\Model->insert([...])
 6 SYSTEMPATH/CodeIgniter.php(942): App\Controllers\Home->store()
 7 SYSTEMPATH/CodeIgniter.php(502): CodeIgniter\CodeIgniter->runController(Object(App\Controllers\Home))
 8 SYSTEMPATH/CodeIgniter.php(361): CodeIgniter\CodeIgniter->handleRequest(null, Object(Config\Cache), false)
 9 FCPATH/index.php(79): CodeIgniter\CodeIgniter->run()
10 SYSTEMPATH/Commands/Server/rewrite.php(47): require_once('/Applications/MAMP/htdocs/coursework/public/index.php')
ERROR - 2023-11-09 21:08:09 --> mysqli_sql_exception: Column 'name' cannot be null in /Applications/MAMP/htdocs/coursework/system/Database/MySQLi/Connection.php:306
Stack trace:
#0 /Applications/MAMP/htdocs/coursework/system/Database/MySQLi/Connection.php(306): mysqli->query('INSERT INTO `us...', 0)
#1 /Applications/MAMP/htdocs/coursework/system/Database/BaseConnection.php(693): CodeIgniter\Database\MySQLi\Connection->execute('INSERT INTO `us...')
#2 /Applications/MAMP/htdocs/coursework/system/Database/BaseConnection.php(607): CodeIgniter\Database\BaseConnection->simpleQuery('INSERT INTO `us...')
#3 /Applications/MAMP/htdocs/coursework/system/Database/BaseBuilder.php(2308): CodeIgniter\Database\BaseConnection->query('INSERT INTO `us...', Array, false)
#4 /Applications/MAMP/htdocs/coursework/system/Model.php(319): CodeIgniter\Database\BaseBuilder->insert()
#5 /Applications/MAMP/htdocs/coursework/system/BaseModel.php(788): CodeIgniter\Model->doInsert(Array)
#6 /Applications/MAMP/htdocs/coursework/system/Model.php(715): CodeIgniter\BaseModel->insert(Array, true)
#7 /Applications/MAMP/htdocs/coursework/app/Controllers/Home.php(36): CodeIgniter\Model->insert(Array)
#8 /Applications/MAMP/htdocs/coursework/system/CodeIgniter.php(942): App\Controllers\Home->store()
#9 /Applications/MAMP/htdocs/coursework/system/CodeIgniter.php(502): CodeIgniter\CodeIgniter->runController(Object(App\Controllers\Home))
#10 /Applications/MAMP/htdocs/coursework/system/CodeIgniter.php(361): CodeIgniter\CodeIgniter->handleRequest(NULL, Object(Config\Cache), false)
#11 /Applications/MAMP/htdocs/coursework/public/index.php(79): CodeIgniter\CodeIgniter->run()
#12 /Applications/MAMP/htdocs/coursework/system/Commands/Server/rewrite.php(47): require_once('/Applications/M...')
#13 {main}
CRITICAL - 2023-11-09 21:08:09 --> Column 'name' cannot be null
in SYSTEMPATH/Database/BaseConnection.php on line 647.
 1 SYSTEMPATH/Database/BaseBuilder.php(2308): CodeIgniter\Database\BaseConnection->query('INSERT INTO `user` (`name`, `surname`, `email`, `password`) VALUES (:name:, :surname:, :email:, :password:)', [...], false)
 2 SYSTEMPATH/Model.php(319): CodeIgniter\Database\BaseBuilder->insert()
 3 SYSTEMPATH/BaseModel.php(788): CodeIgniter\Model->doInsert([...])
 4 SYSTEMPATH/Model.php(715): CodeIgniter\BaseModel->insert([...], true)
 5 APPPATH/Controllers/Home.php(36): CodeIgniter\Model->insert([...])
 6 SYSTEMPATH/CodeIgniter.php(942): App\Controllers\Home->store()
 7 SYSTEMPATH/CodeIgniter.php(502): CodeIgniter\CodeIgniter->runController(Object(App\Controllers\Home))
 8 SYSTEMPATH/CodeIgniter.php(361): CodeIgniter\CodeIgniter->handleRequest(null, Object(Config\Cache), false)
 9 FCPATH/index.php(79): CodeIgniter\CodeIgniter->run()
10 SYSTEMPATH/Commands/Server/rewrite.php(47): require_once('/Applications/MAMP/htdocs/coursework/public/index.php')
ERROR - 2023-11-09 21:08:28 --> mysqli_sql_exception: Column 'name' cannot be null in /Applications/MAMP/htdocs/coursework/system/Database/MySQLi/Connection.php:306
Stack trace:
#0 /Applications/MAMP/htdocs/coursework/system/Database/MySQLi/Connection.php(306): mysqli->query('INSERT INTO `us...', 0)
#1 /Applications/MAMP/htdocs/coursework/system/Database/BaseConnection.php(693): CodeIgniter\Database\MySQLi\Connection->execute('INSERT INTO `us...')
#2 /Applications/MAMP/htdocs/coursework/system/Database/BaseConnection.php(607): CodeIgniter\Database\BaseConnection->simpleQuery('INSERT INTO `us...')
#3 /Applications/MAMP/htdocs/coursework/system/Database/BaseBuilder.php(2308): CodeIgniter\Database\BaseConnection->query('INSERT INTO `us...', Array, false)
#4 /Applications/MAMP/htdocs/coursework/system/Model.php(319): CodeIgniter\Database\BaseBuilder->insert()
#5 /Applications/MAMP/htdocs/coursework/system/BaseModel.php(788): CodeIgniter\Model->doInsert(Array)
#6 /Applications/MAMP/htdocs/coursework/system/Model.php(715): CodeIgniter\BaseModel->insert(Array, true)
#7 /Applications/MAMP/htdocs/coursework/app/Controllers/Home.php(36): CodeIgniter\Model->insert(Array)
#8 /Applications/MAMP/htdocs/coursework/system/CodeIgniter.php(942): App\Controllers\Home->store()
#9 /Applications/MAMP/htdocs/coursework/system/CodeIgniter.php(502): CodeIgniter\CodeIgniter->runController(Object(App\Controllers\Home))
#10 /Applications/MAMP/htdocs/coursework/system/CodeIgniter.php(361): CodeIgniter\CodeIgniter->handleRequest(NULL, Object(Config\Cache), false)
#11 /Applications/MAMP/htdocs/coursework/public/index.php(79): CodeIgniter\CodeIgniter->run()
#12 /Applications/MAMP/htdocs/coursework/system/Commands/Server/rewrite.php(47): require_once('/Applications/M...')
#13 {main}
CRITICAL - 2023-11-09 21:08:28 --> Column 'name' cannot be null
in SYSTEMPATH/Database/BaseConnection.php on line 647.
 1 SYSTEMPATH/Database/BaseBuilder.php(2308): CodeIgniter\Database\BaseConnection->query('INSERT INTO `user` (`name`, `surname`, `email`, `password`) VALUES (:name:, :surname:, :email:, :password:)', [...], false)
 2 SYSTEMPATH/Model.php(319): CodeIgniter\Database\BaseBuilder->insert()
 3 SYSTEMPATH/BaseModel.php(788): CodeIgniter\Model->doInsert([...])
 4 SYSTEMPATH/Model.php(715): CodeIgniter\BaseModel->insert([...], true)
 5 APPPATH/Controllers/Home.php(36): CodeIgniter\Model->insert([...])
 6 SYSTEMPATH/CodeIgniter.php(942): App\Controllers\Home->store()
 7 SYSTEMPATH/CodeIgniter.php(502): CodeIgniter\CodeIgniter->runController(Object(App\Controllers\Home))
 8 SYSTEMPATH/CodeIgniter.php(361): CodeIgniter\CodeIgniter->handleRequest(null, Object(Config\Cache), false)
 9 FCPATH/index.php(79): CodeIgniter\CodeIgniter->run()
10 SYSTEMPATH/Commands/Server/rewrite.php(47): require_once('/Applications/MAMP/htdocs/coursework/public/index.php')
ERROR - 2023-11-09 21:10:32 --> mysqli_sql_exception: Column 'name' cannot be null in /Applications/MAMP/htdocs/coursework/system/Database/MySQLi/Connection.php:306
Stack trace:
#0 /Applications/MAMP/htdocs/coursework/system/Database/MySQLi/Connection.php(306): mysqli->query('INSERT INTO `us...', 0)
#1 /Applications/MAMP/htdocs/coursework/system/Database/BaseConnection.php(693): CodeIgniter\Database\MySQLi\Connection->execute('INSERT INTO `us...')
#2 /Applications/MAMP/htdocs/coursework/system/Database/BaseConnection.php(607): CodeIgniter\Database\BaseConnection->simpleQuery('INSERT INTO `us...')
#3 /Applications/MAMP/htdocs/coursework/system/Database/BaseBuilder.php(2308): CodeIgniter\Database\BaseConnection->query('INSERT INTO `us...', Array, false)
#4 /Applications/MAMP/htdocs/coursework/system/Model.php(319): CodeIgniter\Database\BaseBuilder->insert()
#5 /Applications/MAMP/htdocs/coursework/system/BaseModel.php(788): CodeIgniter\Model->doInsert(Array)
#6 /Applications/MAMP/htdocs/coursework/system/Model.php(715): CodeIgniter\BaseModel->insert(Array, true)
#7 /Applications/MAMP/htdocs/coursework/app/Controllers/Home.php(36): CodeIgniter\Model->insert(Array)
#8 /Applications/MAMP/htdocs/coursework/system/CodeIgniter.php(942): App\Controllers\Home->store()
#9 /Applications/MAMP/htdocs/coursework/system/CodeIgniter.php(502): CodeIgniter\CodeIgniter->runController(Object(App\Controllers\Home))
#10 /Applications/MAMP/htdocs/coursework/system/CodeIgniter.php(361): CodeIgniter\CodeIgniter->handleRequest(NULL, Object(Config\Cache), false)
#11 /Applications/MAMP/htdocs/coursework/public/index.php(79): CodeIgniter\CodeIgniter->run()
#12 /Applications/MAMP/htdocs/coursework/system/Commands/Server/rewrite.php(47): require_once('/Applications/M...')
#13 {main}
CRITICAL - 2023-11-09 21:10:32 --> Column 'name' cannot be null
in SYSTEMPATH/Database/BaseConnection.php on line 647.
 1 SYSTEMPATH/Database/BaseBuilder.php(2308): CodeIgniter\Database\BaseConnection->query('INSERT INTO `user` (`name`, `surname`, `email`, `password`) VALUES (:name:, :surname:, :email:, :password:)', [...], false)
 2 SYSTEMPATH/Model.php(319): CodeIgniter\Database\BaseBuilder->insert()
 3 SYSTEMPATH/BaseModel.php(788): CodeIgniter\Model->doInsert([...])
 4 SYSTEMPATH/Model.php(715): CodeIgniter\BaseModel->insert([...], true)
 5 APPPATH/Controllers/Home.php(36): CodeIgniter\Model->insert([...])
 6 SYSTEMPATH/CodeIgniter.php(942): App\Controllers\Home->store()
 7 SYSTEMPATH/CodeIgniter.php(502): CodeIgniter\CodeIgniter->runController(Object(App\Controllers\Home))
 8 SYSTEMPATH/CodeIgniter.php(361): CodeIgniter\CodeIgniter->handleRequest(null, Object(Config\Cache), false)
 9 FCPATH/index.php(79): CodeIgniter\CodeIgniter->run()
10 SYSTEMPATH/Commands/Server/rewrite.php(47): require_once('/Applications/MAMP/htdocs/coursework/public/index.php')
ERROR - 2023-11-09 21:38:06 --> mysqli_sql_exception: Cannot add or update a child row: a foreign key constraint fails (`financedb`.`category`, CONSTRAINT `category_ibfk_1` FOREIGN KEY (`wallet_id`) REFERENCES `wallet` (`id`) ON DELETE CASCADE ON UPDATE CASCADE) in /Applications/MAMP/htdocs/coursework/system/Database/MySQLi/Connection.php:306
Stack trace:
#0 /Applications/MAMP/htdocs/coursework/system/Database/MySQLi/Connection.php(306): mysqli->query('INSERT INTO `ca...', 0)
#1 /Applications/MAMP/htdocs/coursework/system/Database/BaseConnection.php(693): CodeIgniter\Database\MySQLi\Connection->execute('INSERT INTO `ca...')
#2 /Applications/MAMP/htdocs/coursework/system/Database/BaseConnection.php(607): CodeIgniter\Database\BaseConnection->simpleQuery('INSERT INTO `ca...')
#3 /Applications/MAMP/htdocs/coursework/system/Database/BaseBuilder.php(2308): CodeIgniter\Database\BaseConnection->query('INSERT INTO `ca...', Array, false)
#4 /Applications/MAMP/htdocs/coursework/system/Model.php(319): CodeIgniter\Database\BaseBuilder->insert()
#5 /Applications/MAMP/htdocs/coursework/system/BaseModel.php(788): CodeIgniter\Model->doInsert(Array)
#6 /Applications/MAMP/htdocs/coursework/system/Model.php(715): CodeIgniter\BaseModel->insert(Array, true)
#7 /Applications/MAMP/htdocs/coursework/app/Controllers/Category.php(29): CodeIgniter\Model->insert(Array)
#8 /Applications/MAMP/htdocs/coursework/system/CodeIgniter.php(942): App\Controllers\Category->store()
#9 /Applications/MAMP/htdocs/coursework/system/CodeIgniter.php(502): CodeIgniter\CodeIgniter->runController(Object(App\Controllers\Category))
#10 /Applications/MAMP/htdocs/coursework/system/CodeIgniter.php(361): CodeIgniter\CodeIgniter->handleRequest(NULL, Object(Config\Cache), false)
#11 /Applications/MAMP/htdocs/coursework/public/index.php(79): CodeIgniter\CodeIgniter->run()
#12 /Applications/MAMP/htdocs/coursework/system/Commands/Server/rewrite.php(47): require_once('/Applications/M...')
#13 {main}
CRITICAL - 2023-11-09 21:38:06 --> Cannot add or update a child row: a foreign key constraint fails (`financedb`.`category`, CONSTRAINT `category_ibfk_1` FOREIGN KEY (`wallet_id`) REFERENCES `wallet` (`id`) ON DELETE CASCADE ON UPDATE CASCADE)
in SYSTEMPATH/Database/BaseConnection.php on line 647.
 1 SYSTEMPATH/Database/BaseBuilder.php(2308): CodeIgniter\Database\BaseConnection->query('INSERT INTO `category` (`name_cat`) VALUES (:name_cat:)', [...], false)
 2 SYSTEMPATH/Model.php(319): CodeIgniter\Database\BaseBuilder->insert()
 3 SYSTEMPATH/BaseModel.php(788): CodeIgniter\Model->doInsert([...])
 4 SYSTEMPATH/Model.php(715): CodeIgniter\BaseModel->insert([...], true)
 5 APPPATH/Controllers/Category.php(29): CodeIgniter\Model->insert([...])
 6 SYSTEMPATH/CodeIgniter.php(942): App\Controllers\Category->store()
 7 SYSTEMPATH/CodeIgniter.php(502): CodeIgniter\CodeIgniter->runController(Object(App\Controllers\Category))
 8 SYSTEMPATH/CodeIgniter.php(361): CodeIgniter\CodeIgniter->handleRequest(null, Object(Config\Cache), false)
 9 FCPATH/index.php(79): CodeIgniter\CodeIgniter->run()
10 SYSTEMPATH/Commands/Server/rewrite.php(47): require_once('/Applications/MAMP/htdocs/coursework/public/index.php')
CRITICAL - 2023-11-09 21:55:19 --> Undefined variable $index
in APPPATH/Views/Category/to_category.php on line 8.
 1 APPPATH/Views/Category/to_category.php(8): CodeIgniter\Debug\Exceptions->errorHandler(2, 'Undefined variable $index', '/Applications/MAMP/htdocs/coursework/app/Views/Category/to_category.php', 8)
 2 SYSTEMPATH/View/View.php(228): include('/Applications/MAMP/htdocs/coursework/app/Views/Category/to_category.php')
 3 SYSTEMPATH/View/View.php(231): CodeIgniter\View\View->CodeIgniter\View\{closure}()
 4 SYSTEMPATH/Common.php(1190): CodeIgniter\View\View->render('Category/to_category.php', [], true)
 5 APPPATH/Controllers/Category.php(22): view('Category/to_category.php')
 6 SYSTEMPATH/CodeIgniter.php(942): App\Controllers\Category->new()
 7 SYSTEMPATH/CodeIgniter.php(502): CodeIgniter\CodeIgniter->runController(Object(App\Controllers\Category))
 8 SYSTEMPATH/CodeIgniter.php(361): CodeIgniter\CodeIgniter->handleRequest(null, Object(Config\Cache), false)
 9 FCPATH/index.php(79): CodeIgniter\CodeIgniter->run()
10 SYSTEMPATH/Commands/Server/rewrite.php(47): require_once('/Applications/MAMP/htdocs/coursework/public/index.php')
CRITICAL - 2023-11-09 21:55:32 --> Undefined variable $home
in APPPATH/Views/Category/to_category.php on line 8.
 1 APPPATH/Views/Category/to_category.php(8): CodeIgniter\Debug\Exceptions->errorHandler(2, 'Undefined variable $home', '/Applications/MAMP/htdocs/coursework/app/Views/Category/to_category.php', 8)
 2 SYSTEMPATH/View/View.php(228): include('/Applications/MAMP/htdocs/coursework/app/Views/Category/to_category.php')
 3 SYSTEMPATH/View/View.php(231): CodeIgniter\View\View->CodeIgniter\View\{closure}()
 4 SYSTEMPATH/Common.php(1190): CodeIgniter\View\View->render('Category/to_category.php', [], true)
 5 APPPATH/Controllers/Category.php(22): view('Category/to_category.php')
 6 SYSTEMPATH/CodeIgniter.php(942): App\Controllers\Category->new()
 7 SYSTEMPATH/CodeIgniter.php(502): CodeIgniter\CodeIgniter->runController(Object(App\Controllers\Category))
 8 SYSTEMPATH/CodeIgniter.php(361): CodeIgniter\CodeIgniter->handleRequest(null, Object(Config\Cache), false)
 9 FCPATH/index.php(79): CodeIgniter\CodeIgniter->run()
10 SYSTEMPATH/Commands/Server/rewrite.php(47): require_once('/Applications/MAMP/htdocs/coursework/public/index.php')
CRITICAL - 2023-11-09 21:57:51 --> Undefined variable $index
in APPPATH/Views/Category/to_category.php on line 8.
 1 APPPATH/Views/Category/to_category.php(8): CodeIgniter\Debug\Exceptions->errorHandler(2, 'Undefined variable $index', '/Applications/MAMP/htdocs/coursework/app/Views/Category/to_category.php', 8)
 2 SYSTEMPATH/View/View.php(228): include('/Applications/MAMP/htdocs/coursework/app/Views/Category/to_category.php')
 3 SYSTEMPATH/View/View.php(231): CodeIgniter\View\View->CodeIgniter\View\{closure}()
 4 SYSTEMPATH/Common.php(1190): CodeIgniter\View\View->render('Category/to_category.php', [], true)
 5 APPPATH/Controllers/Category.php(22): view('Category/to_category.php')
 6 SYSTEMPATH/CodeIgniter.php(942): App\Controllers\Category->new()
 7 SYSTEMPATH/CodeIgniter.php(502): CodeIgniter\CodeIgniter->runController(Object(App\Controllers\Category))
 8 SYSTEMPATH/CodeIgniter.php(361): CodeIgniter\CodeIgniter->handleRequest(null, Object(Config\Cache), false)
 9 FCPATH/index.php(79): CodeIgniter\CodeIgniter->run()
10 SYSTEMPATH/Commands/Server/rewrite.php(47): require_once('/Applications/MAMP/htdocs/coursework/public/index.php')
CRITICAL - 2023-11-09 21:58:51 --> Undefined variable $index
in APPPATH/Views/Category/to_category.php on line 8.
 1 APPPATH/Views/Category/to_category.php(8): CodeIgniter\Debug\Exceptions->errorHandler(2, 'Undefined variable $index', '/Applications/MAMP/htdocs/coursework/app/Views/Category/to_category.php', 8)
 2 SYSTEMPATH/View/View.php(228): include('/Applications/MAMP/htdocs/coursework/app/Views/Category/to_category.php')
 3 SYSTEMPATH/View/View.php(231): CodeIgniter\View\View->CodeIgniter\View\{closure}()
 4 SYSTEMPATH/Common.php(1190): CodeIgniter\View\View->render('Category/to_category.php', [], true)
 5 APPPATH/Controllers/Category.php(22): view('Category/to_category.php')
 6 SYSTEMPATH/CodeIgniter.php(942): App\Controllers\Category->new()
 7 SYSTEMPATH/CodeIgniter.php(502): CodeIgniter\CodeIgniter->runController(Object(App\Controllers\Category))
 8 SYSTEMPATH/CodeIgniter.php(361): CodeIgniter\CodeIgniter->handleRequest(null, Object(Config\Cache), false)
 9 FCPATH/index.php(79): CodeIgniter\CodeIgniter->run()
10 SYSTEMPATH/Commands/Server/rewrite.php(47): require_once('/Applications/MAMP/htdocs/coursework/public/index.php')
CRITICAL - 2023-11-09 21:59:12 --> Undefined variable $index
in APPPATH/Views/Category/to_category.php on line 8.
 1 APPPATH/Views/Category/to_category.php(8): CodeIgniter\Debug\Exceptions->errorHandler(2, 'Undefined variable $index', '/Applications/MAMP/htdocs/coursework/app/Views/Category/to_category.php', 8)
 2 SYSTEMPATH/View/View.php(228): include('/Applications/MAMP/htdocs/coursework/app/Views/Category/to_category.php')
 3 SYSTEMPATH/View/View.php(231): CodeIgniter\View\View->CodeIgniter\View\{closure}()
 4 SYSTEMPATH/Common.php(1190): CodeIgniter\View\View->render('Category/to_category.php', [], true)
 5 APPPATH/Controllers/Category.php(22): view('Category/to_category.php')
 6 SYSTEMPATH/CodeIgniter.php(942): App\Controllers\Category->new()
 7 SYSTEMPATH/CodeIgniter.php(502): CodeIgniter\CodeIgniter->runController(Object(App\Controllers\Category))
 8 SYSTEMPATH/CodeIgniter.php(361): CodeIgniter\CodeIgniter->handleRequest(null, Object(Config\Cache), false)
 9 FCPATH/index.php(79): CodeIgniter\CodeIgniter->run()
10 SYSTEMPATH/Commands/Server/rewrite.php(47): require_once('/Applications/MAMP/htdocs/coursework/public/index.php')
CRITICAL - 2023-11-09 22:02:31 --> Undefined variable $index
in APPPATH/Views/Category/to_category.php on line 8.
 1 APPPATH/Views/Category/to_category.php(8): CodeIgniter\Debug\Exceptions->errorHandler(2, 'Undefined variable $index', '/Applications/MAMP/htdocs/coursework/app/Views/Category/to_category.php', 8)
 2 SYSTEMPATH/View/View.php(228): include('/Applications/MAMP/htdocs/coursework/app/Views/Category/to_category.php')
 3 SYSTEMPATH/View/View.php(231): CodeIgniter\View\View->CodeIgniter\View\{closure}()
 4 SYSTEMPATH/Common.php(1190): CodeIgniter\View\View->render('Category/to_category.php', [], true)
 5 APPPATH/Controllers/Category.php(22): view('Category/to_category.php')
 6 SYSTEMPATH/CodeIgniter.php(942): App\Controllers\Category->new()
 7 SYSTEMPATH/CodeIgniter.php(502): CodeIgniter\CodeIgniter->runController(Object(App\Controllers\Category))
 8 SYSTEMPATH/CodeIgniter.php(361): CodeIgniter\CodeIgniter->handleRequest(null, Object(Config\Cache), false)
 9 FCPATH/index.php(79): CodeIgniter\CodeIgniter->run()
10 SYSTEMPATH/Commands/Server/rewrite.php(47): require_once('/Applications/MAMP/htdocs/coursework/public/index.php')
CRITICAL - 2023-11-09 22:02:54 --> Undefined variable $index
in APPPATH/Views/Category/to_category.php on line 8.
 1 APPPATH/Views/Category/to_category.php(8): CodeIgniter\Debug\Exceptions->errorHandler(2, 'Undefined variable $index', '/Applications/MAMP/htdocs/coursework/app/Views/Category/to_category.php', 8)
 2 SYSTEMPATH/View/View.php(228): include('/Applications/MAMP/htdocs/coursework/app/Views/Category/to_category.php')
 3 SYSTEMPATH/View/View.php(231): CodeIgniter\View\View->CodeIgniter\View\{closure}()
 4 SYSTEMPATH/Common.php(1190): CodeIgniter\View\View->render('Category/to_category.php', [], true)
 5 APPPATH/Controllers/Category.php(22): view('Category/to_category.php')
 6 SYSTEMPATH/CodeIgniter.php(942): App\Controllers\Category->new()
 7 SYSTEMPATH/CodeIgniter.php(502): CodeIgniter\CodeIgniter->runController(Object(App\Controllers\Category))
 8 SYSTEMPATH/CodeIgniter.php(361): CodeIgniter\CodeIgniter->handleRequest(null, Object(Config\Cache), false)
 9 FCPATH/index.php(79): CodeIgniter\CodeIgniter->run()
10 SYSTEMPATH/Commands/Server/rewrite.php(47): require_once('/Applications/MAMP/htdocs/coursework/public/index.php')
CRITICAL - 2023-11-09 22:03:44 --> Undefined variable $home
in APPPATH/Views/Category/to_category.php on line 8.
 1 APPPATH/Views/Category/to_category.php(8): CodeIgniter\Debug\Exceptions->errorHandler(2, 'Undefined variable $home', '/Applications/MAMP/htdocs/coursework/app/Views/Category/to_category.php', 8)
 2 SYSTEMPATH/View/View.php(228): include('/Applications/MAMP/htdocs/coursework/app/Views/Category/to_category.php')
 3 SYSTEMPATH/View/View.php(231): CodeIgniter\View\View->CodeIgniter\View\{closure}()
 4 SYSTEMPATH/Common.php(1190): CodeIgniter\View\View->render('Category/to_category.php', [], true)
 5 APPPATH/Controllers/Category.php(22): view('Category/to_category.php')
 6 SYSTEMPATH/CodeIgniter.php(942): App\Controllers\Category->new()
 7 SYSTEMPATH/CodeIgniter.php(502): CodeIgniter\CodeIgniter->runController(Object(App\Controllers\Category))
 8 SYSTEMPATH/CodeIgniter.php(361): CodeIgniter\CodeIgniter->handleRequest(null, Object(Config\Cache), false)
 9 FCPATH/index.php(79): CodeIgniter\CodeIgniter->run()
10 SYSTEMPATH/Commands/Server/rewrite.php(47): require_once('/Applications/MAMP/htdocs/coursework/public/index.php')
CRITICAL - 2023-11-09 22:04:34 --> Undefined variable $data
in APPPATH/Views/Category/to_category.php on line 8.
 1 APPPATH/Views/Category/to_category.php(8): CodeIgniter\Debug\Exceptions->errorHandler(2, 'Undefined variable $data', '/Applications/MAMP/htdocs/coursework/app/Views/Category/to_category.php', 8)
 2 SYSTEMPATH/View/View.php(228): include('/Applications/MAMP/htdocs/coursework/app/Views/Category/to_category.php')
 3 SYSTEMPATH/View/View.php(231): CodeIgniter\View\View->CodeIgniter\View\{closure}()
 4 SYSTEMPATH/Common.php(1190): CodeIgniter\View\View->render('Category/to_category.php', [], true)
 5 APPPATH/Controllers/Category.php(22): view('Category/to_category.php')
 6 SYSTEMPATH/CodeIgniter.php(942): App\Controllers\Category->new()
 7 SYSTEMPATH/CodeIgniter.php(502): CodeIgniter\CodeIgniter->runController(Object(App\Controllers\Category))
 8 SYSTEMPATH/CodeIgniter.php(361): CodeIgniter\CodeIgniter->handleRequest(null, Object(Config\Cache), false)
 9 FCPATH/index.php(79): CodeIgniter\CodeIgniter->run()
10 SYSTEMPATH/Commands/Server/rewrite.php(47): require_once('/Applications/MAMP/htdocs/coursework/public/index.php')
CRITICAL - 2023-11-09 23:29:32 --> Undefined variable $data
in APPPATH/Views/Category/to_category.php on line 8.
 1 APPPATH/Views/Category/to_category.php(8): CodeIgniter\Debug\Exceptions->errorHandler(2, 'Undefined variable $data', '/Applications/MAMP/htdocs/coursework/app/Views/Category/to_category.php', 8)
 2 SYSTEMPATH/View/View.php(228): include('/Applications/MAMP/htdocs/coursework/app/Views/Category/to_category.php')
 3 SYSTEMPATH/View/View.php(231): CodeIgniter\View\View->CodeIgniter\View\{closure}()
 4 SYSTEMPATH/Common.php(1190): CodeIgniter\View\View->render('Category/to_category.php', [], true)
 5 APPPATH/Controllers/Category.php(22): view('Category/to_category.php')
 6 SYSTEMPATH/CodeIgniter.php(942): App\Controllers\Category->new()
 7 SYSTEMPATH/CodeIgniter.php(502): CodeIgniter\CodeIgniter->runController(Object(App\Controllers\Category))
 8 SYSTEMPATH/CodeIgniter.php(361): CodeIgniter\CodeIgniter->handleRequest(null, Object(Config\Cache), false)
 9 FCPATH/index.php(79): CodeIgniter\CodeIgniter->run()
10 SYSTEMPATH/Commands/Server/rewrite.php(47): require_once('/Applications/MAMP/htdocs/coursework/public/index.php')
CRITICAL - 2023-11-09 23:33:13 --> Undefined variable $data
in APPPATH/Views/Category/to_category.php on line 8.
 1 APPPATH/Views/Category/to_category.php(8): CodeIgniter\Debug\Exceptions->errorHandler(2, 'Undefined variable $data', '/Applications/MAMP/htdocs/coursework/app/Views/Category/to_category.php', 8)
 2 SYSTEMPATH/View/View.php(228): include('/Applications/MAMP/htdocs/coursework/app/Views/Category/to_category.php')
 3 SYSTEMPATH/View/View.php(231): CodeIgniter\View\View->CodeIgniter\View\{closure}()
 4 SYSTEMPATH/Common.php(1190): CodeIgniter\View\View->render('Category/to_category.php', [], true)
 5 APPPATH/Controllers/Category.php(22): view('Category/to_category.php')
 6 SYSTEMPATH/CodeIgniter.php(942): App\Controllers\Category->new()
 7 SYSTEMPATH/CodeIgniter.php(502): CodeIgniter\CodeIgniter->runController(Object(App\Controllers\Category))
 8 SYSTEMPATH/CodeIgniter.php(361): CodeIgniter\CodeIgniter->handleRequest(null, Object(Config\Cache), false)
 9 FCPATH/index.php(79): CodeIgniter\CodeIgniter->run()
10 SYSTEMPATH/Commands/Server/rewrite.php(47): require_once('/Applications/MAMP/htdocs/coursework/public/index.php')
CRITICAL - 2023-11-09 23:34:23 --> Undefined variable $index
in APPPATH/Views/Category/to_category.php on line 8.
 1 APPPATH/Views/Category/to_category.php(8): CodeIgniter\Debug\Exceptions->errorHandler(2, 'Undefined variable $index', '/Applications/MAMP/htdocs/coursework/app/Views/Category/to_category.php', 8)
 2 SYSTEMPATH/View/View.php(228): include('/Applications/MAMP/htdocs/coursework/app/Views/Category/to_category.php')
 3 SYSTEMPATH/View/View.php(231): CodeIgniter\View\View->CodeIgniter\View\{closure}()
 4 SYSTEMPATH/Common.php(1190): CodeIgniter\View\View->render('Category/to_category.php', [], true)
 5 APPPATH/Controllers/Category.php(22): view('Category/to_category.php')
 6 SYSTEMPATH/CodeIgniter.php(942): App\Controllers\Category->new()
 7 SYSTEMPATH/CodeIgniter.php(502): CodeIgniter\CodeIgniter->runController(Object(App\Controllers\Category))
 8 SYSTEMPATH/CodeIgniter.php(361): CodeIgniter\CodeIgniter->handleRequest(null, Object(Config\Cache), false)
 9 FCPATH/index.php(79): CodeIgniter\CodeIgniter->run()
10 SYSTEMPATH/Commands/Server/rewrite.php(47): require_once('/Applications/MAMP/htdocs/coursework/public/index.php')
CRITICAL - 2023-11-09 23:41:09 --> syntax error, unexpected end of file
in APPPATH/Views/Category/to_category.php on line 78.
 1 SYSTEMPATH/View/View.php(231): CodeIgniter\View\View->CodeIgniter\View\{closure}()
 2 SYSTEMPATH/Common.php(1190): CodeIgniter\View\View->render('Category/to_category.php', [], true)
 3 APPPATH/Controllers/Category.php(22): view('Category/to_category.php')
 4 SYSTEMPATH/CodeIgniter.php(942): App\Controllers\Category->new()
 5 SYSTEMPATH/CodeIgniter.php(502): CodeIgniter\CodeIgniter->runController(Object(App\Controllers\Category))
 6 SYSTEMPATH/CodeIgniter.php(361): CodeIgniter\CodeIgniter->handleRequest(null, Object(Config\Cache), false)
 7 FCPATH/index.php(79): CodeIgniter\CodeIgniter->run()
 8 SYSTEMPATH/Commands/Server/rewrite.php(47): require_once('/Applications/MAMP/htdocs/coursework/public/index.php')
CRITICAL - 2023-11-09 23:41:11 --> syntax error, unexpected end of file
in APPPATH/Views/Category/to_category.php on line 78.
 1 SYSTEMPATH/View/View.php(231): CodeIgniter\View\View->CodeIgniter\View\{closure}()
 2 SYSTEMPATH/Common.php(1190): CodeIgniter\View\View->render('Category/to_category.php', [], true)
 3 APPPATH/Controllers/Category.php(22): view('Category/to_category.php')
 4 SYSTEMPATH/CodeIgniter.php(942): App\Controllers\Category->new()
 5 SYSTEMPATH/CodeIgniter.php(502): CodeIgniter\CodeIgniter->runController(Object(App\Controllers\Category))
 6 SYSTEMPATH/CodeIgniter.php(361): CodeIgniter\CodeIgniter->handleRequest(null, Object(Config\Cache), false)
 7 FCPATH/index.php(79): CodeIgniter\CodeIgniter->run()
 8 SYSTEMPATH/Commands/Server/rewrite.php(47): require_once('/Applications/MAMP/htdocs/coursework/public/index.php')
CRITICAL - 2023-11-09 23:41:51 --> Undefined variable $wallet
in APPPATH/Views/Category/to_category.php on line 9.
 1 APPPATH/Views/Category/to_category.php(9): CodeIgniter\Debug\Exceptions->errorHandler(2, 'Undefined variable $wallet', '/Applications/MAMP/htdocs/coursework/app/Views/Category/to_category.php', 9)
 2 SYSTEMPATH/View/View.php(228): include('/Applications/MAMP/htdocs/coursework/app/Views/Category/to_category.php')
 3 SYSTEMPATH/View/View.php(231): CodeIgniter\View\View->CodeIgniter\View\{closure}()
 4 SYSTEMPATH/Common.php(1190): CodeIgniter\View\View->render('Category/to_category.php', [], true)
 5 APPPATH/Controllers/Category.php(22): view('Category/to_category.php')
 6 SYSTEMPATH/CodeIgniter.php(942): App\Controllers\Category->new()
 7 SYSTEMPATH/CodeIgniter.php(502): CodeIgniter\CodeIgniter->runController(Object(App\Controllers\Category))
 8 SYSTEMPATH/CodeIgniter.php(361): CodeIgniter\CodeIgniter->handleRequest(null, Object(Config\Cache), false)
 9 FCPATH/index.php(79): CodeIgniter\CodeIgniter->run()
10 SYSTEMPATH/Commands/Server/rewrite.php(47): require_once('/Applications/MAMP/htdocs/coursework/public/index.php')
CRITICAL - 2023-11-09 23:43:24 --> Undefined variable $wallet
in APPPATH/Views/Category/to_category.php on line 9.
 1 APPPATH/Views/Category/to_category.php(9): CodeIgniter\Debug\Exceptions->errorHandler(2, 'Undefined variable $wallet', '/Applications/MAMP/htdocs/coursework/app/Views/Category/to_category.php', 9)
 2 SYSTEMPATH/View/View.php(228): include('/Applications/MAMP/htdocs/coursework/app/Views/Category/to_category.php')
 3 SYSTEMPATH/View/View.php(231): CodeIgniter\View\View->CodeIgniter\View\{closure}()
 4 SYSTEMPATH/Common.php(1190): CodeIgniter\View\View->render('Category/to_category.php', [], true)
 5 APPPATH/Controllers/Category.php(22): view('Category/to_category.php')
 6 SYSTEMPATH/CodeIgniter.php(942): App\Controllers\Category->new()
 7 SYSTEMPATH/CodeIgniter.php(502): CodeIgniter\CodeIgniter->runController(Object(App\Controllers\Category))
 8 SYSTEMPATH/CodeIgniter.php(361): CodeIgniter\CodeIgniter->handleRequest(null, Object(Config\Cache), false)
 9 FCPATH/index.php(79): CodeIgniter\CodeIgniter->run()
10 SYSTEMPATH/Commands/Server/rewrite.php(47): require_once('/Applications/MAMP/htdocs/coursework/public/index.php')
CRITICAL - 2023-11-09 23:44:56 --> Undefined variable $wallet
in APPPATH/Views/Category/to_category.php on line 13.
 1 APPPATH/Views/Category/to_category.php(13): CodeIgniter\Debug\Exceptions->errorHandler(2, 'Undefined variable $wallet', '/Applications/MAMP/htdocs/coursework/app/Views/Category/to_category.php', 13)
 2 SYSTEMPATH/View/View.php(228): include('/Applications/MAMP/htdocs/coursework/app/Views/Category/to_category.php')
 3 SYSTEMPATH/View/View.php(231): CodeIgniter\View\View->CodeIgniter\View\{closure}()
 4 SYSTEMPATH/Common.php(1190): CodeIgniter\View\View->render('Category/to_category.php', [], true)
 5 APPPATH/Controllers/Category.php(22): view('Category/to_category.php')
 6 SYSTEMPATH/CodeIgniter.php(942): App\Controllers\Category->new()
 7 SYSTEMPATH/CodeIgniter.php(502): CodeIgniter\CodeIgniter->runController(Object(App\Controllers\Category))
 8 SYSTEMPATH/CodeIgniter.php(361): CodeIgniter\CodeIgniter->handleRequest(null, Object(Config\Cache), false)
 9 FCPATH/index.php(79): CodeIgniter\CodeIgniter->run()
10 SYSTEMPATH/Commands/Server/rewrite.php(47): require_once('/Applications/MAMP/htdocs/coursework/public/index.php')
CRITICAL - 2023-11-09 23:48:04 --> Undefined variable $wallet
in APPPATH/Views/Category/to_category.php on line 9.
 1 APPPATH/Views/Category/to_category.php(9): CodeIgniter\Debug\Exceptions->errorHandler(2, 'Undefined variable $wallet', '/Applications/MAMP/htdocs/coursework/app/Views/Category/to_category.php', 9)
 2 SYSTEMPATH/View/View.php(228): include('/Applications/MAMP/htdocs/coursework/app/Views/Category/to_category.php')
 3 SYSTEMPATH/View/View.php(231): CodeIgniter\View\View->CodeIgniter\View\{closure}()
 4 SYSTEMPATH/Common.php(1190): CodeIgniter\View\View->render('Category/to_category.php', [], true)
 5 APPPATH/Controllers/Category.php(22): view('Category/to_category.php')
 6 SYSTEMPATH/CodeIgniter.php(942): App\Controllers\Category->new()
 7 SYSTEMPATH/CodeIgniter.php(502): CodeIgniter\CodeIgniter->runController(Object(App\Controllers\Category))
 8 SYSTEMPATH/CodeIgniter.php(361): CodeIgniter\CodeIgniter->handleRequest(null, Object(Config\Cache), false)
 9 FCPATH/index.php(79): CodeIgniter\CodeIgniter->run()
10 SYSTEMPATH/Commands/Server/rewrite.php(47): require_once('/Applications/MAMP/htdocs/coursework/public/index.php')
