CRITICAL - 2023-11-11 00:36:31 --> Undefined variable $expens
in APPPATH/Views/charts/pie_chart.php on line 49.
 1 APPPATH/Views/charts/pie_chart.php(49): CodeIgniter\Debug\Exceptions->errorHandler(2, 'Undefined variable $expens', '/Applications/MAMP/htdocs/coursework/app/Views/charts/pie_chart.php', 49)
 2 SYSTEMPATH/View/View.php(228): include('/Applications/MAMP/htdocs/coursework/app/Views/charts/pie_chart.php')
 3 SYSTEMPATH/View/View.php(231): CodeIgniter\View\View->CodeIgniter\View\{closure}()
 4 SYSTEMPATH/Common.php(1190): CodeIgniter\View\View->render('charts/pie_chart.php', [], true)
 5 APPPATH/Controllers/charts.php(9): view('charts/pie_chart.php')
 6 SYSTEMPATH/CodeIgniter.php(942): App\Controllers\Charts->show()
 7 SYSTEMPATH/CodeIgniter.php(502): CodeIgniter\CodeIgniter->runController(Object(App\Controllers\Charts))
 8 SYSTEMPATH/CodeIgniter.php(361): CodeIgniter\CodeIgniter->handleRequest(null, Object(Config\Cache), false)
 9 FCPATH/index.php(79): CodeIgniter\CodeIgniter->run()
10 SYSTEMPATH/Commands/Server/rewrite.php(47): require_once('/Applications/MAMP/htdocs/coursework/public/index.php')
CRITICAL - 2023-11-11 01:11:33 --> Undefined variable $expenses
in APPPATH/Views/charts/pie_chart.php on line 54.
 1 APPPATH/Views/charts/pie_chart.php(54): CodeIgniter\Debug\Exceptions->errorHandler(2, 'Undefined variable $expenses', '/Applications/MAMP/htdocs/coursework/app/Views/charts/pie_chart.php', 54)
 2 SYSTEMPATH/View/View.php(228): include('/Applications/MAMP/htdocs/coursework/app/Views/charts/pie_chart.php')
 3 SYSTEMPATH/View/View.php(231): CodeIgniter\View\View->CodeIgniter\View\{closure}()
 4 SYSTEMPATH/Common.php(1190): CodeIgniter\View\View->render('charts/pie_chart.php', [], true)
 5 APPPATH/Controllers/charts.php(9): view('charts/pie_chart.php')
 6 SYSTEMPATH/CodeIgniter.php(942): App\Controllers\Charts->show()
 7 SYSTEMPATH/CodeIgniter.php(502): CodeIgniter\CodeIgniter->runController(Object(App\Controllers\Charts))
 8 SYSTEMPATH/CodeIgniter.php(361): CodeIgniter\CodeIgniter->handleRequest(null, Object(Config\Cache), false)
 9 FCPATH/index.php(79): CodeIgniter\CodeIgniter->run()
10 SYSTEMPATH/Commands/Server/rewrite.php(47): require_once('/Applications/MAMP/htdocs/coursework/public/index.php')
CRITICAL - 2023-11-11 01:11:55 --> Undefined variable $expenses
in APPPATH/Views/charts/pie_chart.php on line 54.
 1 APPPATH/Views/charts/pie_chart.php(54): CodeIgniter\Debug\Exceptions->errorHandler(2, 'Undefined variable $expenses', '/Applications/MAMP/htdocs/coursework/app/Views/charts/pie_chart.php', 54)
 2 SYSTEMPATH/View/View.php(228): include('/Applications/MAMP/htdocs/coursework/app/Views/charts/pie_chart.php')
 3 SYSTEMPATH/View/View.php(231): CodeIgniter\View\View->CodeIgniter\View\{closure}()
 4 SYSTEMPATH/Common.php(1190): CodeIgniter\View\View->render('charts/pie_chart.php', [], true)
 5 APPPATH/Controllers/charts.php(9): view('charts/pie_chart.php')
 6 SYSTEMPATH/CodeIgniter.php(942): App\Controllers\Charts->show()
 7 SYSTEMPATH/CodeIgniter.php(502): CodeIgniter\CodeIgniter->runController(Object(App\Controllers\Charts))
 8 SYSTEMPATH/CodeIgniter.php(361): CodeIgniter\CodeIgniter->handleRequest(null, Object(Config\Cache), false)
 9 FCPATH/index.php(79): CodeIgniter\CodeIgniter->run()
10 SYSTEMPATH/Commands/Server/rewrite.php(47): require_once('/Applications/MAMP/htdocs/coursework/public/index.php')
CRITICAL - 2023-11-11 01:14:01 --> Undefined property: App\Controllers\Expense::$load
in APPPATH/Controllers/Expense.php on line 30.
 1 APPPATH/Controllers/Expense.php(30): CodeIgniter\Debug\Exceptions->errorHandler(2, 'Undefined property: App\\Controllers\\Expense::$load', '/Applications/MAMP/htdocs/coursework/app/Controllers/Expense.php', 30)
 2 SYSTEMPATH/CodeIgniter.php(942): App\Controllers\Expense->index()
 3 SYSTEMPATH/CodeIgniter.php(502): CodeIgniter\CodeIgniter->runController(Object(App\Controllers\Expense))
 4 SYSTEMPATH/CodeIgniter.php(361): CodeIgniter\CodeIgniter->handleRequest(null, Object(Config\Cache), false)
 5 FCPATH/index.php(79): CodeIgniter\CodeIgniter->run()
 6 SYSTEMPATH/Commands/Server/rewrite.php(47): require_once('/Applications/MAMP/htdocs/coursework/public/index.php')
CRITICAL - 2023-11-11 01:16:34 --> Undefined variable $expenses
in APPPATH/Views/charts/pie_chart.php on line 54.
 1 APPPATH/Views/charts/pie_chart.php(54): CodeIgniter\Debug\Exceptions->errorHandler(2, 'Undefined variable $expenses', '/Applications/MAMP/htdocs/coursework/app/Views/charts/pie_chart.php', 54)
 2 SYSTEMPATH/View/View.php(228): include('/Applications/MAMP/htdocs/coursework/app/Views/charts/pie_chart.php')
 3 SYSTEMPATH/View/View.php(231): CodeIgniter\View\View->CodeIgniter\View\{closure}()
 4 SYSTEMPATH/Common.php(1190): CodeIgniter\View\View->render('/charts/pie_chart.php', [], true)
 5 APPPATH/Controllers/Expense.php(40): view('/charts/pie_chart.php', [...])
 6 SYSTEMPATH/CodeIgniter.php(942): App\Controllers\Expense->index()
 7 SYSTEMPATH/CodeIgniter.php(502): CodeIgniter\CodeIgniter->runController(Object(App\Controllers\Expense))
 8 SYSTEMPATH/CodeIgniter.php(361): CodeIgniter\CodeIgniter->handleRequest(null, Object(Config\Cache), false)
 9 FCPATH/index.php(79): CodeIgniter\CodeIgniter->run()
10 SYSTEMPATH/Commands/Server/rewrite.php(47): require_once('/Applications/MAMP/htdocs/coursework/public/index.php')
CRITICAL - 2023-11-11 01:17:31 --> Undefined constant "expenses"
in APPPATH/Views/charts/pie_chart.php on line 54.
 1 SYSTEMPATH/View/View.php(228): include()
 2 SYSTEMPATH/View/View.php(231): CodeIgniter\View\View->CodeIgniter\View\{closure}()
 3 SYSTEMPATH/Common.php(1190): CodeIgniter\View\View->render('/charts/pie_chart.php', [], true)
 4 APPPATH/Controllers/Expense.php(40): view('/charts/pie_chart.php', [...])
 5 SYSTEMPATH/CodeIgniter.php(942): App\Controllers\Expense->index()
 6 SYSTEMPATH/CodeIgniter.php(502): CodeIgniter\CodeIgniter->runController(Object(App\Controllers\Expense))
 7 SYSTEMPATH/CodeIgniter.php(361): CodeIgniter\CodeIgniter->handleRequest(null, Object(Config\Cache), false)
 8 FCPATH/index.php(79): CodeIgniter\CodeIgniter->run()
 9 SYSTEMPATH/Commands/Server/rewrite.php(47): require_once('/Applications/MAMP/htdocs/coursework/public/index.php')
CRITICAL - 2023-11-11 01:19:14 --> array_column(): Argument #1 ($array) must be of type array, string given
in APPPATH/Views/charts/pie_chart.php on line 54.
 1 APPPATH/Views/charts/pie_chart.php(54): array_column('expenses', 'id_cat')
 2 SYSTEMPATH/View/View.php(228): include('/Applications/MAMP/htdocs/coursework/app/Views/charts/pie_chart.php')
 3 SYSTEMPATH/View/View.php(231): CodeIgniter\View\View->CodeIgniter\View\{closure}()
 4 SYSTEMPATH/Common.php(1190): CodeIgniter\View\View->render('/charts/pie_chart.php', [], true)
 5 APPPATH/Controllers/Expense.php(40): view('/charts/pie_chart.php', [...])
 6 SYSTEMPATH/CodeIgniter.php(942): App\Controllers\Expense->index()
 7 SYSTEMPATH/CodeIgniter.php(502): CodeIgniter\CodeIgniter->runController(Object(App\Controllers\Expense))
 8 SYSTEMPATH/CodeIgniter.php(361): CodeIgniter\CodeIgniter->handleRequest(null, Object(Config\Cache), false)
 9 FCPATH/index.php(79): CodeIgniter\CodeIgniter->run()
10 SYSTEMPATH/Commands/Server/rewrite.php(47): require_once('/Applications/MAMP/htdocs/coursework/public/index.php')
CRITICAL - 2023-11-11 01:21:21 --> Undefined variable $expenses
in APPPATH/Views/charts/pie_chart.php on line 54.
 1 APPPATH/Views/charts/pie_chart.php(54): CodeIgniter\Debug\Exceptions->errorHandler(2, 'Undefined variable $expenses', '/Applications/MAMP/htdocs/coursework/app/Views/charts/pie_chart.php', 54)
 2 SYSTEMPATH/View/View.php(228): include('/Applications/MAMP/htdocs/coursework/app/Views/charts/pie_chart.php')
 3 SYSTEMPATH/View/View.php(231): CodeIgniter\View\View->CodeIgniter\View\{closure}()
 4 SYSTEMPATH/Common.php(1190): CodeIgniter\View\View->render('/charts/pie_chart.php', [], true)
 5 APPPATH/Controllers/Expense.php(40): view('/charts/pie_chart.php', [...])
 6 SYSTEMPATH/CodeIgniter.php(942): App\Controllers\Expense->index()
 7 SYSTEMPATH/CodeIgniter.php(502): CodeIgniter\CodeIgniter->runController(Object(App\Controllers\Expense))
 8 SYSTEMPATH/CodeIgniter.php(361): CodeIgniter\CodeIgniter->handleRequest(null, Object(Config\Cache), false)
 9 FCPATH/index.php(79): CodeIgniter\CodeIgniter->run()
10 SYSTEMPATH/Commands/Server/rewrite.php(47): require_once('/Applications/MAMP/htdocs/coursework/public/index.php')
CRITICAL - 2023-11-11 01:26:35 --> Undefined variable $expenses
in APPPATH/Views/charts/pie_chart.php on line 54.
 1 APPPATH/Views/charts/pie_chart.php(54): CodeIgniter\Debug\Exceptions->errorHandler(2, 'Undefined variable $expenses', '/Applications/MAMP/htdocs/coursework/app/Views/charts/pie_chart.php', 54)
 2 SYSTEMPATH/View/View.php(228): include('/Applications/MAMP/htdocs/coursework/app/Views/charts/pie_chart.php')
 3 SYSTEMPATH/View/View.php(231): CodeIgniter\View\View->CodeIgniter\View\{closure}()
 4 SYSTEMPATH/Common.php(1190): CodeIgniter\View\View->render('/charts/pie_chart.php', [], true)
 5 APPPATH/Controllers/Expense.php(40): view('/charts/pie_chart.php', [...])
 6 SYSTEMPATH/CodeIgniter.php(942): App\Controllers\Expense->index()
 7 SYSTEMPATH/CodeIgniter.php(502): CodeIgniter\CodeIgniter->runController(Object(App\Controllers\Expense))
 8 SYSTEMPATH/CodeIgniter.php(361): CodeIgniter\CodeIgniter->handleRequest(null, Object(Config\Cache), false)
 9 FCPATH/index.php(79): CodeIgniter\CodeIgniter->run()
10 SYSTEMPATH/Commands/Server/rewrite.php(47): require_once('/Applications/MAMP/htdocs/coursework/public/index.php')
CRITICAL - 2023-11-11 07:41:47 --> Undefined variable $expenses
in APPPATH/Views/charts/pie_chart.php on line 54.
 1 APPPATH/Views/charts/pie_chart.php(54): CodeIgniter\Debug\Exceptions->errorHandler(2, 'Undefined variable $expenses', '/Applications/MAMP/htdocs/coursework/app/Views/charts/pie_chart.php', 54)
 2 SYSTEMPATH/View/View.php(228): include('/Applications/MAMP/htdocs/coursework/app/Views/charts/pie_chart.php')
 3 SYSTEMPATH/View/View.php(231): CodeIgniter\View\View->CodeIgniter\View\{closure}()
 4 SYSTEMPATH/Common.php(1190): CodeIgniter\View\View->render('/charts/pie_chart.php', [], true)
 5 APPPATH/Controllers/Expense.php(40): view('/charts/pie_chart.php', [...])
 6 SYSTEMPATH/CodeIgniter.php(942): App\Controllers\Expense->index()
 7 SYSTEMPATH/CodeIgniter.php(502): CodeIgniter\CodeIgniter->runController(Object(App\Controllers\Expense))
 8 SYSTEMPATH/CodeIgniter.php(361): CodeIgniter\CodeIgniter->handleRequest(null, Object(Config\Cache), false)
 9 FCPATH/index.php(79): CodeIgniter\CodeIgniter->run()
10 SYSTEMPATH/Commands/Server/rewrite.php(47): require_once('/Applications/MAMP/htdocs/coursework/public/index.php')
