CRITICAL - 2023-10-27 23:08:41 --> Invalid file: "layouts/default.php"
in SYSTEMPATH/Exceptions/FrameworkException.php on line 39.
 1 SYSTEMPATH/View/View.php(216): CodeIgniter\Exceptions\FrameworkException::forInvalidFile('layouts/default.php')
 2 SYSTEMPATH/View/View.php(244): CodeIgniter\View\View->render('layouts/default', [], true)
 3 SYSTEMPATH/Common.php(1190): CodeIgniter\View\View->render('Home/index.php', [], true)
 4 APPPATH/Controllers/Home.php(9): view('Home/index.php')
 5 SYSTEMPATH/CodeIgniter.php(942): App\Controllers\Home->index()
 6 SYSTEMPATH/CodeIgniter.php(502): CodeIgniter\CodeIgniter->runController(Object(App\Controllers\Home))
 7 SYSTEMPATH/CodeIgniter.php(361): CodeIgniter\CodeIgniter->handleRequest(null, Object(Config\Cache), false)
 8 FCPATH/index.php(79): CodeIgniter\CodeIgniter->run()
 9 SYSTEMPATH/Commands/Server/rewrite.php(47): require_once('/Applications/MAMP/htdocs/coursework/public/index.php')
CRITICAL - 2023-10-27 23:11:24 --> Invalid file: "layouts/default.php"
in SYSTEMPATH/Exceptions/FrameworkException.php on line 39.
 1 SYSTEMPATH/View/View.php(216): CodeIgniter\Exceptions\FrameworkException::forInvalidFile('layouts/default.php')
 2 SYSTEMPATH/View/View.php(244): CodeIgniter\View\View->render('layouts/default', [], true)
 3 SYSTEMPATH/Common.php(1190): CodeIgniter\View\View->render('Home/index.php', [], true)
 4 APPPATH/Controllers/Home.php(9): view('Home/index.php')
 5 SYSTEMPATH/CodeIgniter.php(942): App\Controllers\Home->index()
 6 SYSTEMPATH/CodeIgniter.php(502): CodeIgniter\CodeIgniter->runController(Object(App\Controllers\Home))
 7 SYSTEMPATH/CodeIgniter.php(361): CodeIgniter\CodeIgniter->handleRequest(null, Object(Config\Cache), false)
 8 FCPATH/index.php(79): CodeIgniter\CodeIgniter->run()
 9 SYSTEMPATH/Commands/Server/rewrite.php(47): require_once('/Applications/MAMP/htdocs/coursework/public/index.php')
CRITICAL - 2023-10-27 23:12:04 --> Invalid file: "layouts/default.php"
in SYSTEMPATH/Exceptions/FrameworkException.php on line 39.
 1 SYSTEMPATH/View/View.php(216): CodeIgniter\Exceptions\FrameworkException::forInvalidFile('layouts/default.php')
 2 SYSTEMPATH/View/View.php(244): CodeIgniter\View\View->render('layouts/default', [], true)
 3 SYSTEMPATH/Common.php(1190): CodeIgniter\View\View->render('Home/index.php', [], true)
 4 APPPATH/Controllers/Home.php(9): view('Home/index.php')
 5 SYSTEMPATH/CodeIgniter.php(942): App\Controllers\Home->index()
 6 SYSTEMPATH/CodeIgniter.php(502): CodeIgniter\CodeIgniter->runController(Object(App\Controllers\Home))
 7 SYSTEMPATH/CodeIgniter.php(361): CodeIgniter\CodeIgniter->handleRequest(null, Object(Config\Cache), false)
 8 FCPATH/index.php(79): CodeIgniter\CodeIgniter->run()
 9 SYSTEMPATH/Commands/Server/rewrite.php(47): require_once('/Applications/MAMP/htdocs/coursework/public/index.php')
CRITICAL - 2023-10-27 23:13:33 --> Invalid file: "layouts/default.php"
in SYSTEMPATH/Exceptions/FrameworkException.php on line 39.
 1 SYSTEMPATH/View/View.php(216): CodeIgniter\Exceptions\FrameworkException::forInvalidFile('layouts/default.php')
 2 SYSTEMPATH/View/View.php(244): CodeIgniter\View\View->render('layouts/default', [], true)
 3 SYSTEMPATH/Common.php(1190): CodeIgniter\View\View->render('Home/index.php', [], true)
 4 APPPATH/Controllers/Home.php(9): view('Home/index.php')
 5 SYSTEMPATH/CodeIgniter.php(942): App\Controllers\Home->index()
 6 SYSTEMPATH/CodeIgniter.php(502): CodeIgniter\CodeIgniter->runController(Object(App\Controllers\Home))
 7 SYSTEMPATH/CodeIgniter.php(361): CodeIgniter\CodeIgniter->handleRequest(null, Object(Config\Cache), false)
 8 FCPATH/index.php(79): CodeIgniter\CodeIgniter->run()
 9 SYSTEMPATH/Commands/Server/rewrite.php(47): require_once('/Applications/MAMP/htdocs/coursework/public/index.php')
CRITICAL - 2023-10-27 23:15:11 --> Invalid file: "layouts/default.php"
in SYSTEMPATH/Exceptions/FrameworkException.php on line 39.
 1 SYSTEMPATH/View/View.php(216): CodeIgniter\Exceptions\FrameworkException::forInvalidFile('layouts/default.php')
 2 SYSTEMPATH/View/View.php(244): CodeIgniter\View\View->render('layouts/default', [], true)
 3 SYSTEMPATH/Common.php(1190): CodeIgniter\View\View->render('Home/index.php', [], true)
 4 APPPATH/Controllers/Home.php(9): view('Home/index.php')
 5 SYSTEMPATH/CodeIgniter.php(942): App\Controllers\Home->index()
 6 SYSTEMPATH/CodeIgniter.php(502): CodeIgniter\CodeIgniter->runController(Object(App\Controllers\Home))
 7 SYSTEMPATH/CodeIgniter.php(361): CodeIgniter\CodeIgniter->handleRequest(null, Object(Config\Cache), false)
 8 FCPATH/index.php(79): CodeIgniter\CodeIgniter->run()
 9 SYSTEMPATH/Commands/Server/rewrite.php(47): require_once('/Applications/MAMP/htdocs/coursework/public/index.php')
